<?xml version="1.0" encoding="UTF-8"?>
<robot generator="Robot 4.1.2 (Python 3.8.10 on linux)" generated="20211027 20:12:21.806" rpa="false" schemaversion="2">
<suite id="s1" name="Examples" source="/home/runner/work/robotframework-ConfluentKafkaLibrary/robotframework-ConfluentKafkaLibrary/examples">
<suite id="s1-s1" name="Test" source="/home/runner/work/robotframework-ConfluentKafkaLibrary/robotframework-ConfluentKafkaLibrary/examples/test.robot">
<kw name="Starting Test" type="SETUP">
<kw name="Set Suite Variable" library="BuiltIn">
<arg>${TEST_TOPIC}</arg>
<arg>test</arg>
<doc>Makes a variable available everywhere within the scope of the current suite.</doc>
<msg timestamp="20211027 20:12:22.037" level="INFO">${TEST_TOPIC} = test</msg>
<status status="PASS" starttime="20211027 20:12:22.035" endtime="20211027 20:12:22.037"/>
</kw>
<kw name="Start Consumer Threaded" library="ConfluentKafkaLibrary">
<var>${thread}</var>
<arg>topics=${TEST_TOPIC}</arg>
<doc>Run consumer in daemon thread and store data from topics. To read and work with this
   collected data use keyword `Get Messages From Thread`.
   Could be used at the Test setup or in each test.
   This is useful when you are reading always the same topics and you don't want to create
   consumer in each test to poll data. You can create as many consumers in the Test setup
   as you want and then in test just read data with `Get Messages From Thread` keyword.
- ``topics`` (list): List of topics for subscription.
- ``group_id`` (str or uuid.uuid4() if not set) : name of the consumer group to join for
    dynamic partition assignment (if enabled), and to use for fetching and
    committing offsets. If None, unique string is generated  (via uuid.uuid4())
    and offset commits are disabled. Default: `None`.</doc>
<msg timestamp="20211027 20:12:32.052" level="INFO">${thread} = &lt;GetMessagesThread(Thread-1, started daemon 139801952061184)&gt;</msg>
<status status="PASS" starttime="20211027 20:12:22.037" endtime="20211027 20:12:32.052"/>
</kw>
<kw name="Set Suite Variable" library="BuiltIn">
<arg>${MAIN_THREAD}</arg>
<arg>${thread}</arg>
<doc>Makes a variable available everywhere within the scope of the current suite.</doc>
<msg timestamp="20211027 20:12:32.053" level="INFO">${MAIN_THREAD} = &lt;GetMessagesThread(Thread-1, started daemon 139801952061184)&gt;</msg>
<status status="PASS" starttime="20211027 20:12:32.052" endtime="20211027 20:12:32.053"/>
</kw>
<kw name="Create Producer" library="ConfluentKafkaLibrary">
<var>${producer_group_id}</var>
<doc>Create Kafka Producer and returns its `group_id` as string.
If `schema_registry_url` is used, Kafka Producer client which does avro schema
encoding to messages is created instead.</doc>
<msg timestamp="20211027 20:12:32.055" level="INFO">${producer_group_id} = 21af79cf-1d6d-499c-8f10-f36e9156d56d</msg>
<status status="PASS" starttime="20211027 20:12:32.053" endtime="20211027 20:12:32.055"/>
</kw>
<kw name="Set Suite Variable" library="BuiltIn">
<arg>${PRODUCER_ID}</arg>
<arg>${producer_group_id}</arg>
<doc>Makes a variable available everywhere within the scope of the current suite.</doc>
<msg timestamp="20211027 20:12:32.057" level="INFO">${PRODUCER_ID} = 21af79cf-1d6d-499c-8f10-f36e9156d56d</msg>
<status status="PASS" starttime="20211027 20:12:32.055" endtime="20211027 20:12:32.057"/>
</kw>
<kw name="Set Suite Variable" library="BuiltIn">
<arg>${P_ID}</arg>
<arg>${0}</arg>
<doc>Makes a variable available everywhere within the scope of the current suite.</doc>
<msg timestamp="20211027 20:12:32.059" level="INFO">${P_ID} = 0</msg>
<status status="PASS" starttime="20211027 20:12:32.057" endtime="20211027 20:12:32.059"/>
</kw>
<kw name="Prepare Data">
<kw name="Produce" library="ConfluentKafkaLibrary">
<arg>group_id=${PRODUCER_ID}</arg>
<arg>topic=${TEST_TOPIC}</arg>
<arg>value=Hello</arg>
<arg>partition=${P_ID}</arg>
<doc>Produce message to topic asynchronously to Kafka by encoding with specified or default avro schema.</doc>
<status status="PASS" starttime="20211027 20:12:32.060" endtime="20211027 20:12:32.061"/>
</kw>
<kw name="Produce" library="ConfluentKafkaLibrary">
<arg>group_id=${PRODUCER_ID}</arg>
<arg>topic=${TEST_TOPIC}</arg>
<arg>value=World</arg>
<arg>partition=${P_ID}</arg>
<doc>Produce message to topic asynchronously to Kafka by encoding with specified or default avro schema.</doc>
<status status="PASS" starttime="20211027 20:12:32.061" endtime="20211027 20:12:32.062"/>
</kw>
<kw name="Produce" library="ConfluentKafkaLibrary">
<arg>group_id=${PRODUCER_ID}</arg>
<arg>topic=${TEST_TOPIC}</arg>
<arg>value={'test': 1}</arg>
<arg>partition=${P_ID}</arg>
<doc>Produce message to topic asynchronously to Kafka by encoding with specified or default avro schema.</doc>
<status status="PASS" starttime="20211027 20:12:32.062" endtime="20211027 20:12:32.063"/>
</kw>
<kw name="Produce" library="ConfluentKafkaLibrary">
<arg>group_id=${PRODUCER_ID}</arg>
<arg>topic=${TEST_TOPIC}</arg>
<arg>value={'test': 2}</arg>
<arg>partition=${P_ID}</arg>
<doc>Produce message to topic asynchronously to Kafka by encoding with specified or default avro schema.</doc>
<status status="PASS" starttime="20211027 20:12:32.063" endtime="20211027 20:12:32.064"/>
</kw>
<kw name="Produce" library="ConfluentKafkaLibrary">
<arg>group_id=${PRODUCER_ID}</arg>
<arg>topic=${TEST_TOPIC}</arg>
<arg>value={'test': 3}</arg>
<arg>partition=${P_ID}</arg>
<doc>Produce message to topic asynchronously to Kafka by encoding with specified or default avro schema.</doc>
<status status="PASS" starttime="20211027 20:12:32.064" endtime="20211027 20:12:32.064"/>
</kw>
<kw name="Produce" library="ConfluentKafkaLibrary">
<arg>group_id=${PRODUCER_ID}</arg>
<arg>topic=${TEST_TOPIC}</arg>
<arg>value={'test': 4}</arg>
<arg>partition=${P_ID}</arg>
<doc>Produce message to topic asynchronously to Kafka by encoding with specified or default avro schema.</doc>
<status status="PASS" starttime="20211027 20:12:32.064" endtime="20211027 20:12:32.065"/>
</kw>
<kw name="Wait Until Keyword Succeeds" library="BuiltIn">
<arg>10x</arg>
<arg>0.5s</arg>
<arg>All Messages Are Delivered</arg>
<arg>${PRODUCER_ID}</arg>
<doc>Runs the specified keyword and retries if it fails.</doc>
<kw name="All Messages Are Delivered">
<arg>${PRODUCER_ID}</arg>
<kw name="Flush" library="ConfluentKafkaLibrary">
<var>${count}</var>
<arg>${producer_id}</arg>
<doc>Wait for all messages in the Producer queue to be delivered. Returns the number of messages still in queue.
This is a convenience method that calls poll() until len() is zero or the optional timeout elapses.
- `timeout` (real) : Optional timeout. Default: `0.1`.</doc>
<msg timestamp="20211027 20:12:32.167" level="INFO">${count} = 6</msg>
<status status="PASS" starttime="20211027 20:12:32.066" endtime="20211027 20:12:32.167"/>
</kw>
<kw name="Log" library="BuiltIn">
<arg>Reaming messages to be delivered: ${count}</arg>
<doc>Logs the given message with the given level.</doc>
<msg timestamp="20211027 20:12:32.167" level="INFO">Reaming messages to be delivered: 6</msg>
<status status="PASS" starttime="20211027 20:12:32.167" endtime="20211027 20:12:32.168"/>
</kw>
<kw name="Should Be Equal As Integers" library="BuiltIn">
<arg>${count}</arg>
<arg>0</arg>
<doc>Fails if objects are unequal after converting them to integers.</doc>
<msg timestamp="20211027 20:12:32.168" level="INFO">Argument types are:
&lt;class 'int'&gt;
&lt;type 'unicode'&gt;</msg>
<msg timestamp="20211027 20:12:32.169" level="FAIL">6 != 0</msg>
<status status="FAIL" starttime="20211027 20:12:32.168" endtime="20211027 20:12:32.169"/>
</kw>
<status status="FAIL" starttime="20211027 20:12:32.066" endtime="20211027 20:12:32.170"/>
</kw>
<kw name="All Messages Are Delivered">
<arg>${PRODUCER_ID}</arg>
<kw name="Flush" library="ConfluentKafkaLibrary">
<var>${count}</var>
<arg>${producer_id}</arg>
<doc>Wait for all messages in the Producer queue to be delivered. Returns the number of messages still in queue.
This is a convenience method that calls poll() until len() is zero or the optional timeout elapses.
- `timeout` (real) : Optional timeout. Default: `0.1`.</doc>
<msg timestamp="20211027 20:12:32.772" level="INFO">${count} = 6</msg>
<status status="PASS" starttime="20211027 20:12:32.671" endtime="20211027 20:12:32.772"/>
</kw>
<kw name="Log" library="BuiltIn">
<arg>Reaming messages to be delivered: ${count}</arg>
<doc>Logs the given message with the given level.</doc>
<msg timestamp="20211027 20:12:32.772" level="INFO">Reaming messages to be delivered: 6</msg>
<status status="PASS" starttime="20211027 20:12:32.772" endtime="20211027 20:12:32.772"/>
</kw>
<kw name="Should Be Equal As Integers" library="BuiltIn">
<arg>${count}</arg>
<arg>0</arg>
<doc>Fails if objects are unequal after converting them to integers.</doc>
<msg timestamp="20211027 20:12:32.773" level="INFO">Argument types are:
&lt;class 'int'&gt;
&lt;type 'unicode'&gt;</msg>
<msg timestamp="20211027 20:12:32.773" level="FAIL">6 != 0</msg>
<status status="FAIL" starttime="20211027 20:12:32.773" endtime="20211027 20:12:32.773"/>
</kw>
<status status="FAIL" starttime="20211027 20:12:32.670" endtime="20211027 20:12:32.774"/>
</kw>
<kw name="All Messages Are Delivered">
<arg>${PRODUCER_ID}</arg>
<kw name="Flush" library="ConfluentKafkaLibrary">
<var>${count}</var>
<arg>${producer_id}</arg>
<doc>Wait for all messages in the Producer queue to be delivered. Returns the number of messages still in queue.
This is a convenience method that calls poll() until len() is zero or the optional timeout elapses.
- `timeout` (real) : Optional timeout. Default: `0.1`.</doc>
<msg timestamp="20211027 20:12:33.378" level="INFO">${count} = 6</msg>
<status status="PASS" starttime="20211027 20:12:33.275" endtime="20211027 20:12:33.378"/>
</kw>
<kw name="Log" library="BuiltIn">
<arg>Reaming messages to be delivered: ${count}</arg>
<doc>Logs the given message with the given level.</doc>
<msg timestamp="20211027 20:12:33.378" level="INFO">Reaming messages to be delivered: 6</msg>
<status status="PASS" starttime="20211027 20:12:33.378" endtime="20211027 20:12:33.378"/>
</kw>
<kw name="Should Be Equal As Integers" library="BuiltIn">
<arg>${count}</arg>
<arg>0</arg>
<doc>Fails if objects are unequal after converting them to integers.</doc>
<msg timestamp="20211027 20:12:33.379" level="INFO">Argument types are:
&lt;class 'int'&gt;
&lt;type 'unicode'&gt;</msg>
<msg timestamp="20211027 20:12:33.379" level="FAIL">6 != 0</msg>
<status status="FAIL" starttime="20211027 20:12:33.378" endtime="20211027 20:12:33.379"/>
</kw>
<status status="FAIL" starttime="20211027 20:12:33.274" endtime="20211027 20:12:33.380"/>
</kw>
<kw name="All Messages Are Delivered">
<arg>${PRODUCER_ID}</arg>
<kw name="Flush" library="ConfluentKafkaLibrary">
<var>${count}</var>
<arg>${producer_id}</arg>
<doc>Wait for all messages in the Producer queue to be delivered. Returns the number of messages still in queue.
This is a convenience method that calls poll() until len() is zero or the optional timeout elapses.
- `timeout` (real) : Optional timeout. Default: `0.1`.</doc>
<msg timestamp="20211027 20:12:33.982" level="INFO">${count} = 6</msg>
<status status="PASS" starttime="20211027 20:12:33.881" endtime="20211027 20:12:33.982"/>
</kw>
<kw name="Log" library="BuiltIn">
<arg>Reaming messages to be delivered: ${count}</arg>
<doc>Logs the given message with the given level.</doc>
<msg timestamp="20211027 20:12:33.983" level="INFO">Reaming messages to be delivered: 6</msg>
<status status="PASS" starttime="20211027 20:12:33.983" endtime="20211027 20:12:33.983"/>
</kw>
<kw name="Should Be Equal As Integers" library="BuiltIn">
<arg>${count}</arg>
<arg>0</arg>
<doc>Fails if objects are unequal after converting them to integers.</doc>
<msg timestamp="20211027 20:12:33.983" level="INFO">Argument types are:
&lt;class 'int'&gt;
&lt;type 'unicode'&gt;</msg>
<msg timestamp="20211027 20:12:33.984" level="FAIL">6 != 0</msg>
<status status="FAIL" starttime="20211027 20:12:33.983" endtime="20211027 20:12:33.984"/>
</kw>
<status status="FAIL" starttime="20211027 20:12:33.881" endtime="20211027 20:12:33.985"/>
</kw>
<kw name="All Messages Are Delivered">
<arg>${PRODUCER_ID}</arg>
<kw name="Flush" library="ConfluentKafkaLibrary">
<var>${count}</var>
<arg>${producer_id}</arg>
<doc>Wait for all messages in the Producer queue to be delivered. Returns the number of messages still in queue.
This is a convenience method that calls poll() until len() is zero or the optional timeout elapses.
- `timeout` (real) : Optional timeout. Default: `0.1`.</doc>
<msg timestamp="20211027 20:12:34.486" level="INFO">${count} = 0</msg>
<status status="PASS" starttime="20211027 20:12:34.486" endtime="20211027 20:12:34.486"/>
</kw>
<kw name="Log" library="BuiltIn">
<arg>Reaming messages to be delivered: ${count}</arg>
<doc>Logs the given message with the given level.</doc>
<msg timestamp="20211027 20:12:34.487" level="INFO">Reaming messages to be delivered: 0</msg>
<status status="PASS" starttime="20211027 20:12:34.486" endtime="20211027 20:12:34.487"/>
</kw>
<kw name="Should Be Equal As Integers" library="BuiltIn">
<arg>${count}</arg>
<arg>0</arg>
<doc>Fails if objects are unequal after converting them to integers.</doc>
<msg timestamp="20211027 20:12:34.487" level="INFO">Argument types are:
&lt;class 'int'&gt;
&lt;type 'unicode'&gt;</msg>
<status status="PASS" starttime="20211027 20:12:34.487" endtime="20211027 20:12:34.487"/>
</kw>
<status status="PASS" starttime="20211027 20:12:34.485" endtime="20211027 20:12:34.487"/>
</kw>
<status status="PASS" starttime="20211027 20:12:32.065" endtime="20211027 20:12:34.487"/>
</kw>
<kw name="Sleep" library="BuiltIn">
<arg>1sec</arg>
<doc>Pauses the test executed for the given time.</doc>
<msg timestamp="20211027 20:12:35.488" level="INFO">Slept 1 second</msg>
<status status="PASS" starttime="20211027 20:12:34.487" endtime="20211027 20:12:35.488"/>
</kw>
<status status="PASS" starttime="20211027 20:12:32.059" endtime="20211027 20:12:35.488"/>
</kw>
<kw name="List Topics" library="ConfluentKafkaLibrary">
<var>${topics}</var>
<arg>${producer_group_id}</arg>
<doc>Request Metadata from cluster. Could be executed with consumer or producer group_id too.
- ``topic`` (str):  If specified, only request info about this topic, else returnfor all topics in cluster.
Default: `None`.
- ``group_id`` (str): *required* id of the created consumer or producer.</doc>
<msg timestamp="20211027 20:12:35.498" level="INFO">${topics} = {'__confluent.support.metrics': TopicMetadata(__confluent.support.metrics, 1 partitions), '_schemas': TopicMetadata(_schemas, 1 partitions), 'test': TopicMetadata(test, 1 partitions), '__consumer_offs...</msg>
<status status="PASS" starttime="20211027 20:12:35.489" endtime="20211027 20:12:35.498"/>
</kw>
<kw name="Get Topic Partitions" library="ConfluentKafkaLibrary">
<var>${partitions}</var>
<arg>${topics['${TEST_TOPIC}']}</arg>
<doc>Returns dictionary of all TopicPartitons in topic (topic.partitions).</doc>
<msg timestamp="20211027 20:12:35.500" level="INFO">${partitions} = {0: PartitionMetadata(0)}</msg>
<status status="PASS" starttime="20211027 20:12:35.499" endtime="20211027 20:12:35.500"/>
</kw>
<kw name="Set Variable" library="BuiltIn">
<var>${partition_id}</var>
<arg>${partitions[0].id}</arg>
<doc>Returns the given values which can then be assigned to a variables.</doc>
<msg timestamp="20211027 20:12:35.500" level="INFO">${partition_id} = 0</msg>
<status status="PASS" starttime="20211027 20:12:35.500" endtime="20211027 20:12:35.501"/>
</kw>
<kw name="Set Suite Variable" library="BuiltIn">
<arg>${P_ID}</arg>
<arg>${partition_id}</arg>
<doc>Makes a variable available everywhere within the scope of the current suite.</doc>
<msg timestamp="20211027 20:12:35.501" level="INFO">${P_ID} = 0</msg>
<status status="PASS" starttime="20211027 20:12:35.501" endtime="20211027 20:12:35.501"/>
</kw>
<kw name="Create Topic Partition" library="ConfluentKafkaLibrary">
<var>${tp}</var>
<arg>${TEST_TOPIC}</arg>
<arg>${partition_id}</arg>
<arg>${OFFSET_BEGINNING}</arg>
<doc>Returns TopicPartiton object based on
https://docs.confluent.io/current/clients/confluent-kafka-python/#topicpartition</doc>
<msg timestamp="20211027 20:12:35.502" level="INFO">${tp} = TopicPartition{topic=test,partition=0,offset=-2,error=None}</msg>
<status status="PASS" starttime="20211027 20:12:35.501" endtime="20211027 20:12:35.502"/>
</kw>
<kw name="Create List" library="BuiltIn">
<var>${data}</var>
<arg>Hello</arg>
<arg>World</arg>
<arg>{'test': 1}</arg>
<arg>{'test': 2}</arg>
<arg>{'test': 3}</arg>
<arg>{'test': 4}</arg>
<doc>Returns a list containing given items.</doc>
<msg timestamp="20211027 20:12:35.502" level="INFO">${data} = ['Hello', 'World', "{'test': 1}", "{'test': 2}", "{'test': 3}", "{'test': 4}"]</msg>
<status status="PASS" starttime="20211027 20:12:35.502" endtime="20211027 20:12:35.502"/>
</kw>
<kw name="Set Suite Variable" library="BuiltIn">
<arg>${TEST_DATA}</arg>
<arg>${data}</arg>
<doc>Makes a variable available everywhere within the scope of the current suite.</doc>
<msg timestamp="20211027 20:12:35.505" level="INFO">${TEST_DATA} = ['Hello', 'World', "{'test': 1}", "{'test': 2}", "{'test': 3}", "{'test': 4}"]</msg>
<status status="PASS" starttime="20211027 20:12:35.502" endtime="20211027 20:12:35.506"/>
</kw>
<kw name="Prepare Data">
<kw name="Produce" library="ConfluentKafkaLibrary">
<arg>group_id=${PRODUCER_ID}</arg>
<arg>topic=${TEST_TOPIC}</arg>
<arg>value=Hello</arg>
<arg>partition=${P_ID}</arg>
<doc>Produce message to topic asynchronously to Kafka by encoding with specified or default avro schema.</doc>
<status status="PASS" starttime="20211027 20:12:35.506" endtime="20211027 20:12:35.507"/>
</kw>
<kw name="Produce" library="ConfluentKafkaLibrary">
<arg>group_id=${PRODUCER_ID}</arg>
<arg>topic=${TEST_TOPIC}</arg>
<arg>value=World</arg>
<arg>partition=${P_ID}</arg>
<doc>Produce message to topic asynchronously to Kafka by encoding with specified or default avro schema.</doc>
<status status="PASS" starttime="20211027 20:12:35.507" endtime="20211027 20:12:35.508"/>
</kw>
<kw name="Produce" library="ConfluentKafkaLibrary">
<arg>group_id=${PRODUCER_ID}</arg>
<arg>topic=${TEST_TOPIC}</arg>
<arg>value={'test': 1}</arg>
<arg>partition=${P_ID}</arg>
<doc>Produce message to topic asynchronously to Kafka by encoding with specified or default avro schema.</doc>
<status status="PASS" starttime="20211027 20:12:35.508" endtime="20211027 20:12:35.509"/>
</kw>
<kw name="Produce" library="ConfluentKafkaLibrary">
<arg>group_id=${PRODUCER_ID}</arg>
<arg>topic=${TEST_TOPIC}</arg>
<arg>value={'test': 2}</arg>
<arg>partition=${P_ID}</arg>
<doc>Produce message to topic asynchronously to Kafka by encoding with specified or default avro schema.</doc>
<status status="PASS" starttime="20211027 20:12:35.509" endtime="20211027 20:12:35.509"/>
</kw>
<kw name="Produce" library="ConfluentKafkaLibrary">
<arg>group_id=${PRODUCER_ID}</arg>
<arg>topic=${TEST_TOPIC}</arg>
<arg>value={'test': 3}</arg>
<arg>partition=${P_ID}</arg>
<doc>Produce message to topic asynchronously to Kafka by encoding with specified or default avro schema.</doc>
<status status="PASS" starttime="20211027 20:12:35.509" endtime="20211027 20:12:35.510"/>
</kw>
<kw name="Produce" library="ConfluentKafkaLibrary">
<arg>group_id=${PRODUCER_ID}</arg>
<arg>topic=${TEST_TOPIC}</arg>
<arg>value={'test': 4}</arg>
<arg>partition=${P_ID}</arg>
<doc>Produce message to topic asynchronously to Kafka by encoding with specified or default avro schema.</doc>
<status status="PASS" starttime="20211027 20:12:35.510" endtime="20211027 20:12:35.511"/>
</kw>
<kw name="Wait Until Keyword Succeeds" library="BuiltIn">
<arg>10x</arg>
<arg>0.5s</arg>
<arg>All Messages Are Delivered</arg>
<arg>${PRODUCER_ID}</arg>
<doc>Runs the specified keyword and retries if it fails.</doc>
<kw name="All Messages Are Delivered">
<arg>${PRODUCER_ID}</arg>
<kw name="Flush" library="ConfluentKafkaLibrary">
<var>${count}</var>
<arg>${producer_id}</arg>
<doc>Wait for all messages in the Producer queue to be delivered. Returns the number of messages still in queue.
This is a convenience method that calls poll() until len() is zero or the optional timeout elapses.
- `timeout` (real) : Optional timeout. Default: `0.1`.</doc>
<msg timestamp="20211027 20:12:35.523" level="INFO">${count} = 0</msg>
<status status="PASS" starttime="20211027 20:12:35.512" endtime="20211027 20:12:35.523"/>
</kw>
<kw name="Log" library="BuiltIn">
<arg>Reaming messages to be delivered: ${count}</arg>
<doc>Logs the given message with the given level.</doc>
<msg timestamp="20211027 20:12:35.524" level="INFO">Reaming messages to be delivered: 0</msg>
<status status="PASS" starttime="20211027 20:12:35.523" endtime="20211027 20:12:35.524"/>
</kw>
<kw name="Should Be Equal As Integers" library="BuiltIn">
<arg>${count}</arg>
<arg>0</arg>
<doc>Fails if objects are unequal after converting them to integers.</doc>
<msg timestamp="20211027 20:12:35.524" level="INFO">Argument types are:
&lt;class 'int'&gt;
&lt;type 'unicode'&gt;</msg>
<status status="PASS" starttime="20211027 20:12:35.524" endtime="20211027 20:12:35.524"/>
</kw>
<status status="PASS" starttime="20211027 20:12:35.511" endtime="20211027 20:12:35.525"/>
</kw>
<status status="PASS" starttime="20211027 20:12:35.511" endtime="20211027 20:12:35.525"/>
</kw>
<kw name="Sleep" library="BuiltIn">
<arg>1sec</arg>
<doc>Pauses the test executed for the given time.</doc>
<msg timestamp="20211027 20:12:36.525" level="INFO">Slept 1 second</msg>
<status status="PASS" starttime="20211027 20:12:35.525" endtime="20211027 20:12:36.525"/>
</kw>
<status status="PASS" starttime="20211027 20:12:35.506" endtime="20211027 20:12:36.526"/>
</kw>
<status status="PASS" starttime="20211027 20:12:22.034" endtime="20211027 20:12:36.526"/>
</kw>
<test id="s1-s1-t1" name="Verify Topics">
<kw name="Create Consumer" library="ConfluentKafkaLibrary">
<var>${group_id}</var>
<arg>auto_offset_reset=earliest</arg>
<doc>Create Kafka Consumer and returns its `group_id` as string.</doc>
<msg timestamp="20211027 20:12:36.529" level="INFO">${group_id} = 1f97e332-e00f-4630-8eec-840143414e47</msg>
<status status="PASS" starttime="20211027 20:12:36.527" endtime="20211027 20:12:36.529"/>
</kw>
<kw name="List Topics" library="ConfluentKafkaLibrary">
<var>${topics}</var>
<arg>${group_id}</arg>
<doc>Request Metadata from cluster. Could be executed with consumer or producer group_id too.
- ``topic`` (str):  If specified, only request info about this topic, else returnfor all topics in cluster.
Default: `None`.
- ``group_id`` (str): *required* id of the created consumer or producer.</doc>
<msg timestamp="20211027 20:12:36.538" level="INFO">${topics} = {'__confluent.support.metrics': TopicMetadata(__confluent.support.metrics, 1 partitions), '_schemas': TopicMetadata(_schemas, 1 partitions), 'test': TopicMetadata(test, 1 partitions), '__consumer_offs...</msg>
<status status="PASS" starttime="20211027 20:12:36.529" endtime="20211027 20:12:36.538"/>
</kw>
<kw name="Dictionary Should Contain Key" library="Collections">
<arg>${topics}</arg>
<arg>${TEST_TOPIC}</arg>
<doc>Fails if ``key`` is not found from ``dictionary``.</doc>
<status status="PASS" starttime="20211027 20:12:36.538" endtime="20211027 20:12:36.539"/>
</kw>
<kw name="Close Consumer" library="ConfluentKafkaLibrary" type="TEARDOWN">
<arg>${group_id}</arg>
<doc>Close down and terminate the Kafka Consumer.</doc>
<status status="PASS" starttime="20211027 20:12:36.539" endtime="20211027 20:12:36.542"/>
</kw>
<status status="PASS" starttime="20211027 20:12:36.526" endtime="20211027 20:12:36.542"/>
</test>
<test id="s1-s1-t2" name="Basic Consumer">
<kw name="Create Consumer" library="ConfluentKafkaLibrary">
<var>${group_id}</var>
<arg>auto_offset_reset=earliest</arg>
<doc>Create Kafka Consumer and returns its `group_id` as string.</doc>
<msg timestamp="20211027 20:12:36.544" level="INFO">${group_id} = c9d7306e-2fea-495d-8c03-16ead8968811</msg>
<status status="PASS" starttime="20211027 20:12:36.544" endtime="20211027 20:12:36.544"/>
</kw>
<kw name="Subscribe Topic" library="ConfluentKafkaLibrary">
<arg>group_id=${group_id}</arg>
<arg>topics=${TEST_TOPIC}</arg>
<doc>Subscribe to a list of topics, or a topic regex pattern.
   https://docs.confluent.io/current/clients/confluent-kafka-python/#confluent_kafka.Consumer.subscribe</doc>
<status status="PASS" starttime="20211027 20:12:36.545" endtime="20211027 20:12:36.545"/>
</kw>
<kw name="Poll" library="ConfluentKafkaLibrary">
<var>${messages}</var>
<arg>group_id=${group_id}</arg>
<arg>max_records=3</arg>
<arg>decode_format=utf8</arg>
<doc>Fetch and return messages from assigned topics / partitions as list.
- ``timeout`` (int): Seconds spent waiting in poll if data is not available in the buffer.</doc>
<msg timestamp="20211027 20:12:36.674" level="INFO">${messages} = ['Hello', 'World', "{'test': 1}"]</msg>
<status status="PASS" starttime="20211027 20:12:36.545" endtime="20211027 20:12:36.674"/>
</kw>
<kw name="Create List" library="BuiltIn">
<var>${data}</var>
<arg>Hello</arg>
<arg>World</arg>
<arg>{'test': 1}</arg>
<doc>Returns a list containing given items.</doc>
<msg timestamp="20211027 20:12:36.675" level="INFO">${data} = ['Hello', 'World', "{'test': 1}"]</msg>
<status status="PASS" starttime="20211027 20:12:36.674" endtime="20211027 20:12:36.675"/>
</kw>
<kw name="Lists Should Be Equal" library="Collections">
<arg>${messages}</arg>
<arg>${data}</arg>
<doc>Fails if given lists are unequal.</doc>
<status status="PASS" starttime="20211027 20:12:36.675" endtime="20211027 20:12:36.675"/>
</kw>
<kw name="Basic Teardown" type="TEARDOWN">
<arg>${group_id}</arg>
<kw name="Unsubscribe" library="ConfluentKafkaLibrary">
<arg>${group_id}</arg>
<doc>Unsubscribe of topics.</doc>
<status status="PASS" starttime="20211027 20:12:36.676" endtime="20211027 20:12:36.676"/>
</kw>
<kw name="Close Consumer" library="ConfluentKafkaLibrary">
<arg>${group_id}</arg>
<doc>Close down and terminate the Kafka Consumer.</doc>
<status status="PASS" starttime="20211027 20:12:36.677" endtime="20211027 20:12:36.703"/>
</kw>
<status status="PASS" starttime="20211027 20:12:36.676" endtime="20211027 20:12:36.704"/>
</kw>
<status status="PASS" starttime="20211027 20:12:36.543" endtime="20211027 20:12:36.704"/>
</test>
<test id="s1-s1-t3" name="Produce Without Value">
<kw name="Set Variable" library="BuiltIn">
<var>${topic_name}</var>
<arg>topicwithoutvaluee</arg>
<doc>Returns the given values which can then be assigned to a variables.</doc>
<msg timestamp="20211027 20:12:36.706" level="INFO">${topic_name} = topicwithoutvaluee</msg>
<status status="PASS" starttime="20211027 20:12:36.706" endtime="20211027 20:12:36.706"/>
</kw>
<kw name="Produce" library="ConfluentKafkaLibrary">
<arg>group_id=${PRODUCER_ID}</arg>
<arg>topic=${topic_name}</arg>
<doc>Produce message to topic asynchronously to Kafka by encoding with specified or default avro schema.</doc>
<status status="PASS" starttime="20211027 20:12:36.706" endtime="20211027 20:12:36.707"/>
</kw>
<kw name="Wait Until Keyword Succeeds" library="BuiltIn">
<arg>10x</arg>
<arg>0.5s</arg>
<arg>All Messages Are Delivered</arg>
<arg>${PRODUCER_ID}</arg>
<doc>Runs the specified keyword and retries if it fails.</doc>
<kw name="All Messages Are Delivered">
<arg>${PRODUCER_ID}</arg>
<kw name="Flush" library="ConfluentKafkaLibrary">
<var>${count}</var>
<arg>${producer_id}</arg>
<doc>Wait for all messages in the Producer queue to be delivered. Returns the number of messages still in queue.
This is a convenience method that calls poll() until len() is zero or the optional timeout elapses.
- `timeout` (real) : Optional timeout. Default: `0.1`.</doc>
<msg timestamp="20211027 20:12:36.808" level="INFO">${count} = 1</msg>
<status status="PASS" starttime="20211027 20:12:36.707" endtime="20211027 20:12:36.808"/>
</kw>
<kw name="Log" library="BuiltIn">
<arg>Reaming messages to be delivered: ${count}</arg>
<doc>Logs the given message with the given level.</doc>
<msg timestamp="20211027 20:12:36.809" level="INFO">Reaming messages to be delivered: 1</msg>
<status status="PASS" starttime="20211027 20:12:36.808" endtime="20211027 20:12:36.809"/>
</kw>
<kw name="Should Be Equal As Integers" library="BuiltIn">
<arg>${count}</arg>
<arg>0</arg>
<doc>Fails if objects are unequal after converting them to integers.</doc>
<msg timestamp="20211027 20:12:36.809" level="INFO">Argument types are:
&lt;class 'int'&gt;
&lt;type 'unicode'&gt;</msg>
<msg timestamp="20211027 20:12:36.810" level="FAIL">1 != 0</msg>
<status status="FAIL" starttime="20211027 20:12:36.809" endtime="20211027 20:12:36.810"/>
</kw>
<status status="FAIL" starttime="20211027 20:12:36.707" endtime="20211027 20:12:36.810"/>
</kw>
<kw name="All Messages Are Delivered">
<arg>${PRODUCER_ID}</arg>
<kw name="Flush" library="ConfluentKafkaLibrary">
<var>${count}</var>
<arg>${producer_id}</arg>
<doc>Wait for all messages in the Producer queue to be delivered. Returns the number of messages still in queue.
This is a convenience method that calls poll() until len() is zero or the optional timeout elapses.
- `timeout` (real) : Optional timeout. Default: `0.1`.</doc>
<msg timestamp="20211027 20:12:37.412" level="INFO">${count} = 1</msg>
<status status="PASS" starttime="20211027 20:12:37.311" endtime="20211027 20:12:37.412"/>
</kw>
<kw name="Log" library="BuiltIn">
<arg>Reaming messages to be delivered: ${count}</arg>
<doc>Logs the given message with the given level.</doc>
<msg timestamp="20211027 20:12:37.413" level="INFO">Reaming messages to be delivered: 1</msg>
<status status="PASS" starttime="20211027 20:12:37.413" endtime="20211027 20:12:37.413"/>
</kw>
<kw name="Should Be Equal As Integers" library="BuiltIn">
<arg>${count}</arg>
<arg>0</arg>
<doc>Fails if objects are unequal after converting them to integers.</doc>
<msg timestamp="20211027 20:12:37.413" level="INFO">Argument types are:
&lt;class 'int'&gt;
&lt;type 'unicode'&gt;</msg>
<msg timestamp="20211027 20:12:37.414" level="FAIL">1 != 0</msg>
<status status="FAIL" starttime="20211027 20:12:37.413" endtime="20211027 20:12:37.414"/>
</kw>
<status status="FAIL" starttime="20211027 20:12:37.311" endtime="20211027 20:12:37.414"/>
</kw>
<kw name="All Messages Are Delivered">
<arg>${PRODUCER_ID}</arg>
<kw name="Flush" library="ConfluentKafkaLibrary">
<var>${count}</var>
<arg>${producer_id}</arg>
<doc>Wait for all messages in the Producer queue to be delivered. Returns the number of messages still in queue.
This is a convenience method that calls poll() until len() is zero or the optional timeout elapses.
- `timeout` (real) : Optional timeout. Default: `0.1`.</doc>
<msg timestamp="20211027 20:12:38.017" level="INFO">${count} = 1</msg>
<status status="PASS" starttime="20211027 20:12:37.916" endtime="20211027 20:12:38.017"/>
</kw>
<kw name="Log" library="BuiltIn">
<arg>Reaming messages to be delivered: ${count}</arg>
<doc>Logs the given message with the given level.</doc>
<msg timestamp="20211027 20:12:38.017" level="INFO">Reaming messages to be delivered: 1</msg>
<status status="PASS" starttime="20211027 20:12:38.017" endtime="20211027 20:12:38.018"/>
</kw>
<kw name="Should Be Equal As Integers" library="BuiltIn">
<arg>${count}</arg>
<arg>0</arg>
<doc>Fails if objects are unequal after converting them to integers.</doc>
<msg timestamp="20211027 20:12:38.018" level="INFO">Argument types are:
&lt;class 'int'&gt;
&lt;type 'unicode'&gt;</msg>
<msg timestamp="20211027 20:12:38.018" level="FAIL">1 != 0</msg>
<status status="FAIL" starttime="20211027 20:12:38.018" endtime="20211027 20:12:38.018"/>
</kw>
<status status="FAIL" starttime="20211027 20:12:37.915" endtime="20211027 20:12:38.019"/>
</kw>
<kw name="All Messages Are Delivered">
<arg>${PRODUCER_ID}</arg>
<kw name="Flush" library="ConfluentKafkaLibrary">
<var>${count}</var>
<arg>${producer_id}</arg>
<doc>Wait for all messages in the Producer queue to be delivered. Returns the number of messages still in queue.
This is a convenience method that calls poll() until len() is zero or the optional timeout elapses.
- `timeout` (real) : Optional timeout. Default: `0.1`.</doc>
<msg timestamp="20211027 20:12:38.521" level="INFO">${count} = 0</msg>
<status status="PASS" starttime="20211027 20:12:38.520" endtime="20211027 20:12:38.521"/>
</kw>
<kw name="Log" library="BuiltIn">
<arg>Reaming messages to be delivered: ${count}</arg>
<doc>Logs the given message with the given level.</doc>
<msg timestamp="20211027 20:12:38.521" level="INFO">Reaming messages to be delivered: 0</msg>
<status status="PASS" starttime="20211027 20:12:38.521" endtime="20211027 20:12:38.521"/>
</kw>
<kw name="Should Be Equal As Integers" library="BuiltIn">
<arg>${count}</arg>
<arg>0</arg>
<doc>Fails if objects are unequal after converting them to integers.</doc>
<msg timestamp="20211027 20:12:38.522" level="INFO">Argument types are:
&lt;class 'int'&gt;
&lt;type 'unicode'&gt;</msg>
<status status="PASS" starttime="20211027 20:12:38.521" endtime="20211027 20:12:38.522"/>
</kw>
<status status="PASS" starttime="20211027 20:12:38.520" endtime="20211027 20:12:38.522"/>
</kw>
<status status="PASS" starttime="20211027 20:12:36.707" endtime="20211027 20:12:38.522"/>
</kw>
<kw name="Create Consumer" library="ConfluentKafkaLibrary">
<var>${group_id}</var>
<arg>auto_offset_reset=earliest</arg>
<doc>Create Kafka Consumer and returns its `group_id` as string.</doc>
<msg timestamp="20211027 20:12:38.524" level="INFO">${group_id} = fbd5cebe-7a96-4eaa-870e-1adcd8fdf351</msg>
<status status="PASS" starttime="20211027 20:12:38.522" endtime="20211027 20:12:38.524"/>
</kw>
<kw name="Subscribe Topic" library="ConfluentKafkaLibrary">
<arg>group_id=${group_id}</arg>
<arg>topics=${topic_name}</arg>
<doc>Subscribe to a list of topics, or a topic regex pattern.
   https://docs.confluent.io/current/clients/confluent-kafka-python/#confluent_kafka.Consumer.subscribe</doc>
<status status="PASS" starttime="20211027 20:12:38.524" endtime="20211027 20:12:38.524"/>
</kw>
<kw name="Poll" library="ConfluentKafkaLibrary">
<var>${messages}</var>
<arg>group_id=${group_id}</arg>
<arg>max_records=1</arg>
<doc>Fetch and return messages from assigned topics / partitions as list.
- ``timeout`` (int): Seconds spent waiting in poll if data is not available in the buffer.</doc>
<msg timestamp="20211027 20:12:38.661" level="INFO">${messages} = [None]</msg>
<status status="PASS" starttime="20211027 20:12:38.525" endtime="20211027 20:12:38.661"/>
</kw>
<kw name="Should Be Equal As Strings" library="BuiltIn">
<arg>${messages}</arg>
<arg>[None]</arg>
<doc>Fails if objects are unequal after converting them to strings.</doc>
<msg timestamp="20211027 20:12:38.662" level="INFO">Argument types are:
&lt;class 'list'&gt;
&lt;type 'unicode'&gt;</msg>
<status status="PASS" starttime="20211027 20:12:38.661" endtime="20211027 20:12:38.662"/>
</kw>
<status status="PASS" starttime="20211027 20:12:36.705" endtime="20211027 20:12:38.662"/>
</test>
<test id="s1-s1-t4" name="Verify Position">
<kw name="Create Consumer" library="ConfluentKafkaLibrary">
<var>${group_id}</var>
<doc>Create Kafka Consumer and returns its `group_id` as string.</doc>
<msg timestamp="20211027 20:12:38.665" level="INFO">${group_id} = 3a853162-0478-4e05-ba3b-3077793e9a99</msg>
<status status="PASS" starttime="20211027 20:12:38.664" endtime="20211027 20:12:38.666"/>
</kw>
<kw name="Create Topic Partition" library="ConfluentKafkaLibrary">
<var>${tp}</var>
<arg>${TEST_TOPIC}</arg>
<arg>${P_ID}</arg>
<arg>${OFFSET_END}</arg>
<doc>Returns TopicPartiton object based on
https://docs.confluent.io/current/clients/confluent-kafka-python/#topicpartition</doc>
<msg timestamp="20211027 20:12:38.667" level="INFO">${tp} = TopicPartition{topic=test,partition=0,offset=-1,error=None}</msg>
<status status="PASS" starttime="20211027 20:12:38.666" endtime="20211027 20:12:38.667"/>
</kw>
<kw name="Assign To Topic Partition" library="ConfluentKafkaLibrary">
<arg>${group_id}</arg>
<arg>${tp}</arg>
<doc>Assign a list of TopicPartitions.</doc>
<status status="PASS" starttime="20211027 20:12:38.667" endtime="20211027 20:12:38.668"/>
</kw>
<kw name="Sleep" library="BuiltIn">
<arg>5sec</arg>
<doc>Pauses the test executed for the given time.</doc>
<msg timestamp="20211027 20:12:43.669" level="INFO">Slept 5 seconds</msg>
<status status="PASS" starttime="20211027 20:12:38.668" endtime="20211027 20:12:43.669"/>
</kw>
<kw name="Get Position" library="ConfluentKafkaLibrary">
<var>${position}</var>
<arg>group_id=${group_id}</arg>
<arg>topic_partitions=${tp}</arg>
<doc>Retrieve current positions (offsets) for the list of partitions.</doc>
<msg timestamp="20211027 20:12:43.670" level="INFO">${position} = [TopicPartition{topic=test,partition=0,offset=-1001,error=None}]</msg>
<status status="PASS" starttime="20211027 20:12:43.669" endtime="20211027 20:12:43.670"/>
</kw>
<kw name="Set Variable" library="BuiltIn">
<var>${position_before}</var>
<arg>${position[0].offset}</arg>
<doc>Returns the given values which can then be assigned to a variables.</doc>
<msg timestamp="20211027 20:12:43.671" level="INFO">${position_before} = -1001</msg>
<status status="PASS" starttime="20211027 20:12:43.670" endtime="20211027 20:12:43.671"/>
</kw>
<kw name="Produce" library="ConfluentKafkaLibrary">
<arg>group_id=${PRODUCER_ID}</arg>
<arg>topic=${TEST_TOPIC}</arg>
<arg>value=Dummy</arg>
<arg>partition=${P_ID}</arg>
<doc>Produce message to topic asynchronously to Kafka by encoding with specified or default avro schema.</doc>
<status status="PASS" starttime="20211027 20:12:43.671" endtime="20211027 20:12:43.672"/>
</kw>
<kw name="Wait Until Keyword Succeeds" library="BuiltIn">
<arg>10x</arg>
<arg>0.5s</arg>
<arg>All Messages Are Delivered</arg>
<arg>${PRODUCER_ID}</arg>
<doc>Runs the specified keyword and retries if it fails.</doc>
<kw name="All Messages Are Delivered">
<arg>${PRODUCER_ID}</arg>
<kw name="Flush" library="ConfluentKafkaLibrary">
<var>${count}</var>
<arg>${producer_id}</arg>
<doc>Wait for all messages in the Producer queue to be delivered. Returns the number of messages still in queue.
This is a convenience method that calls poll() until len() is zero or the optional timeout elapses.
- `timeout` (real) : Optional timeout. Default: `0.1`.</doc>
<msg timestamp="20211027 20:12:43.680" level="INFO">${count} = 0</msg>
<status status="PASS" starttime="20211027 20:12:43.672" endtime="20211027 20:12:43.680"/>
</kw>
<kw name="Log" library="BuiltIn">
<arg>Reaming messages to be delivered: ${count}</arg>
<doc>Logs the given message with the given level.</doc>
<msg timestamp="20211027 20:12:43.681" level="INFO">Reaming messages to be delivered: 0</msg>
<status status="PASS" starttime="20211027 20:12:43.681" endtime="20211027 20:12:43.681"/>
</kw>
<kw name="Should Be Equal As Integers" library="BuiltIn">
<arg>${count}</arg>
<arg>0</arg>
<doc>Fails if objects are unequal after converting them to integers.</doc>
<msg timestamp="20211027 20:12:43.681" level="INFO">Argument types are:
&lt;class 'int'&gt;
&lt;type 'unicode'&gt;</msg>
<status status="PASS" starttime="20211027 20:12:43.681" endtime="20211027 20:12:43.681"/>
</kw>
<status status="PASS" starttime="20211027 20:12:43.672" endtime="20211027 20:12:43.682"/>
</kw>
<status status="PASS" starttime="20211027 20:12:43.672" endtime="20211027 20:12:43.682"/>
</kw>
<kw name="Get Position" library="ConfluentKafkaLibrary">
<var>${position}</var>
<arg>group_id=${group_id}</arg>
<arg>topic_partitions=${tp}</arg>
<doc>Retrieve current positions (offsets) for the list of partitions.</doc>
<msg timestamp="20211027 20:12:43.684" level="INFO">${position} = [TopicPartition{topic=test,partition=0,offset=-1001,error=None}]</msg>
<status status="PASS" starttime="20211027 20:12:43.682" endtime="20211027 20:12:43.684"/>
</kw>
<kw name="Set Variable" library="BuiltIn">
<var>${position_after_produce}</var>
<arg>${position[0].offset}</arg>
<doc>Returns the given values which can then be assigned to a variables.</doc>
<msg timestamp="20211027 20:12:43.685" level="INFO">${position_after_produce} = -1001</msg>
<status status="PASS" starttime="20211027 20:12:43.684" endtime="20211027 20:12:43.685"/>
</kw>
<kw name="Should Be Equal As Integers" library="BuiltIn">
<arg>${position_before}</arg>
<arg>${position_after_produce}</arg>
<doc>Fails if objects are unequal after converting them to integers.</doc>
<status status="PASS" starttime="20211027 20:12:43.685" endtime="20211027 20:12:43.686"/>
</kw>
<kw name="Poll" library="ConfluentKafkaLibrary">
<var>${messages}</var>
<arg>group_id=${group_id}</arg>
<arg>max_records=1</arg>
<arg>decode_format=utf8</arg>
<doc>Fetch and return messages from assigned topics / partitions as list.
- ``timeout`` (int): Seconds spent waiting in poll if data is not available in the buffer.</doc>
<msg timestamp="20211027 20:12:43.687" level="INFO">${messages} = ['Dummy']</msg>
<status status="PASS" starttime="20211027 20:12:43.686" endtime="20211027 20:12:43.687"/>
</kw>
<kw name="Get Position" library="ConfluentKafkaLibrary">
<var>${position}</var>
<arg>group_id=${group_id}</arg>
<arg>topic_partitions=${tp}</arg>
<doc>Retrieve current positions (offsets) for the list of partitions.</doc>
<msg timestamp="20211027 20:12:43.688" level="INFO">${position} = [TopicPartition{topic=test,partition=0,offset=13,error=None}]</msg>
<status status="PASS" starttime="20211027 20:12:43.687" endtime="20211027 20:12:43.688"/>
</kw>
<kw name="Set Variable" library="BuiltIn">
<var>${position_after_poll_1}</var>
<arg>${position[0].offset}</arg>
<doc>Returns the given values which can then be assigned to a variables.</doc>
<msg timestamp="20211027 20:12:43.690" level="INFO">${position_after_poll_1} = 13</msg>
<status status="PASS" starttime="20211027 20:12:43.688" endtime="20211027 20:12:43.690"/>
</kw>
<kw name="Should Not Be Equal As Integers" library="BuiltIn">
<arg>${position_after_poll_1}</arg>
<arg>${position_after_produce}</arg>
<doc>Fails if objects are equal after converting them to integers.</doc>
<status status="PASS" starttime="20211027 20:12:43.690" endtime="20211027 20:12:43.690"/>
</kw>
<kw name="Produce" library="ConfluentKafkaLibrary">
<arg>group_id=${PRODUCER_ID}</arg>
<arg>topic=${TEST_TOPIC}</arg>
<arg>value=Dummy</arg>
<arg>partition=${P_ID}</arg>
<doc>Produce message to topic asynchronously to Kafka by encoding with specified or default avro schema.</doc>
<status status="PASS" starttime="20211027 20:12:43.691" endtime="20211027 20:12:43.691"/>
</kw>
<kw name="Wait Until Keyword Succeeds" library="BuiltIn">
<arg>10x</arg>
<arg>0.5s</arg>
<arg>All Messages Are Delivered</arg>
<arg>${PRODUCER_ID}</arg>
<doc>Runs the specified keyword and retries if it fails.</doc>
<kw name="All Messages Are Delivered">
<arg>${PRODUCER_ID}</arg>
<kw name="Flush" library="ConfluentKafkaLibrary">
<var>${count}</var>
<arg>${producer_id}</arg>
<doc>Wait for all messages in the Producer queue to be delivered. Returns the number of messages still in queue.
This is a convenience method that calls poll() until len() is zero or the optional timeout elapses.
- `timeout` (real) : Optional timeout. Default: `0.1`.</doc>
<msg timestamp="20211027 20:12:43.705" level="INFO">${count} = 0</msg>
<status status="PASS" starttime="20211027 20:12:43.693" endtime="20211027 20:12:43.705"/>
</kw>
<kw name="Log" library="BuiltIn">
<arg>Reaming messages to be delivered: ${count}</arg>
<doc>Logs the given message with the given level.</doc>
<msg timestamp="20211027 20:12:43.706" level="INFO">Reaming messages to be delivered: 0</msg>
<status status="PASS" starttime="20211027 20:12:43.705" endtime="20211027 20:12:43.706"/>
</kw>
<kw name="Should Be Equal As Integers" library="BuiltIn">
<arg>${count}</arg>
<arg>0</arg>
<doc>Fails if objects are unequal after converting them to integers.</doc>
<msg timestamp="20211027 20:12:43.706" level="INFO">Argument types are:
&lt;class 'int'&gt;
&lt;type 'unicode'&gt;</msg>
<status status="PASS" starttime="20211027 20:12:43.706" endtime="20211027 20:12:43.706"/>
</kw>
<status status="PASS" starttime="20211027 20:12:43.693" endtime="20211027 20:12:43.707"/>
</kw>
<status status="PASS" starttime="20211027 20:12:43.692" endtime="20211027 20:12:43.707"/>
</kw>
<kw name="Poll" library="ConfluentKafkaLibrary">
<var>${messages}</var>
<arg>group_id=${group_id}</arg>
<arg>max_records=1</arg>
<arg>decode_format=utf8</arg>
<doc>Fetch and return messages from assigned topics / partitions as list.
- ``timeout`` (int): Seconds spent waiting in poll if data is not available in the buffer.</doc>
<msg timestamp="20211027 20:12:43.707" level="INFO">${messages} = ['Dummy']</msg>
<status status="PASS" starttime="20211027 20:12:43.707" endtime="20211027 20:12:43.707"/>
</kw>
<kw name="Get Position" library="ConfluentKafkaLibrary">
<var>${position}</var>
<arg>group_id=${group_id}</arg>
<arg>topic_partitions=${tp}</arg>
<doc>Retrieve current positions (offsets) for the list of partitions.</doc>
<msg timestamp="20211027 20:12:43.708" level="INFO">${position} = [TopicPartition{topic=test,partition=0,offset=14,error=None}]</msg>
<status status="PASS" starttime="20211027 20:12:43.707" endtime="20211027 20:12:43.708"/>
</kw>
<kw name="Set Variable" library="BuiltIn">
<var>${position_after_poll_2}</var>
<arg>${position[0].offset}</arg>
<doc>Returns the given values which can then be assigned to a variables.</doc>
<msg timestamp="20211027 20:12:43.709" level="INFO">${position_after_poll_2} = 14</msg>
<status status="PASS" starttime="20211027 20:12:43.708" endtime="20211027 20:12:43.709"/>
</kw>
<kw name="Should Be Equal As Integers" library="BuiltIn">
<arg>${position_after_poll_1 + 1}</arg>
<arg>${position_after_poll_2}</arg>
<doc>Fails if objects are unequal after converting them to integers.</doc>
<status status="PASS" starttime="20211027 20:12:43.709" endtime="20211027 20:12:43.711"/>
</kw>
<kw name="Basic Teardown" type="TEARDOWN">
<arg>${group_id}</arg>
<kw name="Unsubscribe" library="ConfluentKafkaLibrary">
<arg>${group_id}</arg>
<doc>Unsubscribe of topics.</doc>
<status status="PASS" starttime="20211027 20:12:43.711" endtime="20211027 20:12:43.712"/>
</kw>
<kw name="Close Consumer" library="ConfluentKafkaLibrary">
<arg>${group_id}</arg>
<doc>Close down and terminate the Kafka Consumer.</doc>
<status status="PASS" starttime="20211027 20:12:43.712" endtime="20211027 20:12:43.717"/>
</kw>
<status status="PASS" starttime="20211027 20:12:43.711" endtime="20211027 20:12:43.717"/>
</kw>
<status status="PASS" starttime="20211027 20:12:38.663" endtime="20211027 20:12:43.717"/>
</test>
<test id="s1-s1-t5" name="Consumer With Assignment To Last Message After Get Of Watermark Offsets">
<kw name="Create Consumer" library="ConfluentKafkaLibrary">
<var>${group_id}</var>
<doc>Create Kafka Consumer and returns its `group_id` as string.</doc>
<msg timestamp="20211027 20:12:43.719" level="INFO">${group_id} = ff7fecd1-aa9b-40c5-9c01-1dd2fd9347f7</msg>
<status status="PASS" starttime="20211027 20:12:43.718" endtime="20211027 20:12:43.719"/>
</kw>
<kw name="Create Topic Partition" library="ConfluentKafkaLibrary">
<var>${tp}</var>
<arg>${TEST_TOPIC}</arg>
<arg>${P_ID}</arg>
<doc>Returns TopicPartiton object based on
https://docs.confluent.io/current/clients/confluent-kafka-python/#topicpartition</doc>
<msg timestamp="20211027 20:12:43.720" level="INFO">${tp} = TopicPartition{topic=test,partition=0,offset=-1001,error=None}</msg>
<status status="PASS" starttime="20211027 20:12:43.719" endtime="20211027 20:12:43.720"/>
</kw>
<kw name="Get Watermark Offsets" library="ConfluentKafkaLibrary">
<var>${offset}</var>
<arg>${group_id}</arg>
<arg>${tp}</arg>
<doc>Retrieve low and high offsets for partition.</doc>
<msg timestamp="20211027 20:12:43.730" level="INFO">${offset} = (0, 14)</msg>
<status status="PASS" starttime="20211027 20:12:43.720" endtime="20211027 20:12:43.730"/>
</kw>
<kw name="Create Topic Partition" library="ConfluentKafkaLibrary">
<var>${tp}</var>
<arg>${TEST_TOPIC}</arg>
<arg>${P_ID}</arg>
<arg>${offset[1]}</arg>
<doc>Returns TopicPartiton object based on
https://docs.confluent.io/current/clients/confluent-kafka-python/#topicpartition</doc>
<msg timestamp="20211027 20:12:43.732" level="INFO">${tp} = TopicPartition{topic=test,partition=0,offset=14,error=None}</msg>
<status status="PASS" starttime="20211027 20:12:43.730" endtime="20211027 20:12:43.732"/>
</kw>
<kw name="Assign To Topic Partition" library="ConfluentKafkaLibrary">
<arg>${group_id}</arg>
<arg>${tp}</arg>
<doc>Assign a list of TopicPartitions.</doc>
<status status="PASS" starttime="20211027 20:12:43.732" endtime="20211027 20:12:43.733"/>
</kw>
<kw name="Prepare Data">
<kw name="Produce" library="ConfluentKafkaLibrary">
<arg>group_id=${PRODUCER_ID}</arg>
<arg>topic=${TEST_TOPIC}</arg>
<arg>value=Hello</arg>
<arg>partition=${P_ID}</arg>
<doc>Produce message to topic asynchronously to Kafka by encoding with specified or default avro schema.</doc>
<status status="PASS" starttime="20211027 20:12:43.734" endtime="20211027 20:12:43.735"/>
</kw>
<kw name="Produce" library="ConfluentKafkaLibrary">
<arg>group_id=${PRODUCER_ID}</arg>
<arg>topic=${TEST_TOPIC}</arg>
<arg>value=World</arg>
<arg>partition=${P_ID}</arg>
<doc>Produce message to topic asynchronously to Kafka by encoding with specified or default avro schema.</doc>
<status status="PASS" starttime="20211027 20:12:43.735" endtime="20211027 20:12:43.736"/>
</kw>
<kw name="Produce" library="ConfluentKafkaLibrary">
<arg>group_id=${PRODUCER_ID}</arg>
<arg>topic=${TEST_TOPIC}</arg>
<arg>value={'test': 1}</arg>
<arg>partition=${P_ID}</arg>
<doc>Produce message to topic asynchronously to Kafka by encoding with specified or default avro schema.</doc>
<status status="PASS" starttime="20211027 20:12:43.736" endtime="20211027 20:12:43.738"/>
</kw>
<kw name="Produce" library="ConfluentKafkaLibrary">
<arg>group_id=${PRODUCER_ID}</arg>
<arg>topic=${TEST_TOPIC}</arg>
<arg>value={'test': 2}</arg>
<arg>partition=${P_ID}</arg>
<doc>Produce message to topic asynchronously to Kafka by encoding with specified or default avro schema.</doc>
<status status="PASS" starttime="20211027 20:12:43.738" endtime="20211027 20:12:43.739"/>
</kw>
<kw name="Produce" library="ConfluentKafkaLibrary">
<arg>group_id=${PRODUCER_ID}</arg>
<arg>topic=${TEST_TOPIC}</arg>
<arg>value={'test': 3}</arg>
<arg>partition=${P_ID}</arg>
<doc>Produce message to topic asynchronously to Kafka by encoding with specified or default avro schema.</doc>
<status status="PASS" starttime="20211027 20:12:43.739" endtime="20211027 20:12:43.740"/>
</kw>
<kw name="Produce" library="ConfluentKafkaLibrary">
<arg>group_id=${PRODUCER_ID}</arg>
<arg>topic=${TEST_TOPIC}</arg>
<arg>value={'test': 4}</arg>
<arg>partition=${P_ID}</arg>
<doc>Produce message to topic asynchronously to Kafka by encoding with specified or default avro schema.</doc>
<status status="PASS" starttime="20211027 20:12:43.740" endtime="20211027 20:12:43.741"/>
</kw>
<kw name="Wait Until Keyword Succeeds" library="BuiltIn">
<arg>10x</arg>
<arg>0.5s</arg>
<arg>All Messages Are Delivered</arg>
<arg>${PRODUCER_ID}</arg>
<doc>Runs the specified keyword and retries if it fails.</doc>
<kw name="All Messages Are Delivered">
<arg>${PRODUCER_ID}</arg>
<kw name="Flush" library="ConfluentKafkaLibrary">
<var>${count}</var>
<arg>${producer_id}</arg>
<doc>Wait for all messages in the Producer queue to be delivered. Returns the number of messages still in queue.
This is a convenience method that calls poll() until len() is zero or the optional timeout elapses.
- `timeout` (real) : Optional timeout. Default: `0.1`.</doc>
<msg timestamp="20211027 20:12:43.747" level="INFO">${count} = 0</msg>
<status status="PASS" starttime="20211027 20:12:43.746" endtime="20211027 20:12:43.747"/>
</kw>
<kw name="Log" library="BuiltIn">
<arg>Reaming messages to be delivered: ${count}</arg>
<doc>Logs the given message with the given level.</doc>
<msg timestamp="20211027 20:12:43.747" level="INFO">Reaming messages to be delivered: 0</msg>
<status status="PASS" starttime="20211027 20:12:43.747" endtime="20211027 20:12:43.747"/>
</kw>
<kw name="Should Be Equal As Integers" library="BuiltIn">
<arg>${count}</arg>
<arg>0</arg>
<doc>Fails if objects are unequal after converting them to integers.</doc>
<msg timestamp="20211027 20:12:43.749" level="INFO">Argument types are:
&lt;class 'int'&gt;
&lt;type 'unicode'&gt;</msg>
<status status="PASS" starttime="20211027 20:12:43.748" endtime="20211027 20:12:43.749"/>
</kw>
<status status="PASS" starttime="20211027 20:12:43.746" endtime="20211027 20:12:43.749"/>
</kw>
<status status="PASS" starttime="20211027 20:12:43.745" endtime="20211027 20:12:43.749"/>
</kw>
<kw name="Sleep" library="BuiltIn">
<arg>1sec</arg>
<doc>Pauses the test executed for the given time.</doc>
<msg timestamp="20211027 20:12:44.750" level="INFO">Slept 1 second</msg>
<status status="PASS" starttime="20211027 20:12:43.749" endtime="20211027 20:12:44.750"/>
</kw>
<status status="PASS" starttime="20211027 20:12:43.734" endtime="20211027 20:12:44.750"/>
</kw>
<kw name="Poll" library="ConfluentKafkaLibrary">
<var>${messages}</var>
<arg>group_id=${group_id}</arg>
<arg>max_records=6</arg>
<arg>decode_format=utf8</arg>
<doc>Fetch and return messages from assigned topics / partitions as list.
- ``timeout`` (int): Seconds spent waiting in poll if data is not available in the buffer.</doc>
<msg timestamp="20211027 20:12:44.752" level="INFO">${messages} = ['Hello', 'World', "{'test': 1}", "{'test': 2}", "{'test': 3}", "{'test': 4}"]</msg>
<status status="PASS" starttime="20211027 20:12:44.751" endtime="20211027 20:12:44.752"/>
</kw>
<kw name="Lists Should Be Equal" library="Collections">
<arg>${TEST_DATA}</arg>
<arg>${messages}</arg>
<doc>Fails if given lists are unequal.</doc>
<status status="PASS" starttime="20211027 20:12:44.752" endtime="20211027 20:12:44.752"/>
</kw>
<kw name="Basic Teardown" type="TEARDOWN">
<arg>${group_id}</arg>
<kw name="Unsubscribe" library="ConfluentKafkaLibrary">
<arg>${group_id}</arg>
<doc>Unsubscribe of topics.</doc>
<status status="PASS" starttime="20211027 20:12:44.753" endtime="20211027 20:12:44.754"/>
</kw>
<kw name="Close Consumer" library="ConfluentKafkaLibrary">
<arg>${group_id}</arg>
<doc>Close down and terminate the Kafka Consumer.</doc>
<status status="PASS" starttime="20211027 20:12:44.754" endtime="20211027 20:12:44.758"/>
</kw>
<status status="PASS" starttime="20211027 20:12:44.753" endtime="20211027 20:12:44.758"/>
</kw>
<status status="PASS" starttime="20211027 20:12:43.717" endtime="20211027 20:12:44.758"/>
</test>
<test id="s1-s1-t6" name="Consumer With Assignment To OFFSET_END">
<kw name="Create Consumer" library="ConfluentKafkaLibrary">
<var>${group_id}</var>
<doc>Create Kafka Consumer and returns its `group_id` as string.</doc>
<msg timestamp="20211027 20:12:44.763" level="INFO">${group_id} = b51930a2-b81b-4c13-bc4d-312b7c0c1275</msg>
<status status="PASS" starttime="20211027 20:12:44.760" endtime="20211027 20:12:44.763"/>
</kw>
<kw name="Create Topic Partition" library="ConfluentKafkaLibrary">
<var>${tp}</var>
<arg>${TEST_TOPIC}</arg>
<arg>${P_ID}</arg>
<arg>${OFFSET_END}</arg>
<doc>Returns TopicPartiton object based on
https://docs.confluent.io/current/clients/confluent-kafka-python/#topicpartition</doc>
<msg timestamp="20211027 20:12:44.764" level="INFO">${tp} = TopicPartition{topic=test,partition=0,offset=-1,error=None}</msg>
<status status="PASS" starttime="20211027 20:12:44.764" endtime="20211027 20:12:44.764"/>
</kw>
<kw name="Assign To Topic Partition" library="ConfluentKafkaLibrary">
<arg>${group_id}</arg>
<arg>${tp}</arg>
<doc>Assign a list of TopicPartitions.</doc>
<status status="PASS" starttime="20211027 20:12:44.764" endtime="20211027 20:12:44.765"/>
</kw>
<kw name="Sleep" library="BuiltIn">
<arg>5sec</arg>
<doc>Pauses the test executed for the given time.</doc>
<msg timestamp="20211027 20:12:49.766" level="INFO">Slept 5 seconds</msg>
<status status="PASS" starttime="20211027 20:12:44.765" endtime="20211027 20:12:49.766"/>
</kw>
<kw name="Prepare Data">
<kw name="Produce" library="ConfluentKafkaLibrary">
<arg>group_id=${PRODUCER_ID}</arg>
<arg>topic=${TEST_TOPIC}</arg>
<arg>value=Hello</arg>
<arg>partition=${P_ID}</arg>
<doc>Produce message to topic asynchronously to Kafka by encoding with specified or default avro schema.</doc>
<status status="PASS" starttime="20211027 20:12:49.767" endtime="20211027 20:12:49.767"/>
</kw>
<kw name="Produce" library="ConfluentKafkaLibrary">
<arg>group_id=${PRODUCER_ID}</arg>
<arg>topic=${TEST_TOPIC}</arg>
<arg>value=World</arg>
<arg>partition=${P_ID}</arg>
<doc>Produce message to topic asynchronously to Kafka by encoding with specified or default avro schema.</doc>
<status status="PASS" starttime="20211027 20:12:49.767" endtime="20211027 20:12:49.768"/>
</kw>
<kw name="Produce" library="ConfluentKafkaLibrary">
<arg>group_id=${PRODUCER_ID}</arg>
<arg>topic=${TEST_TOPIC}</arg>
<arg>value={'test': 1}</arg>
<arg>partition=${P_ID}</arg>
<doc>Produce message to topic asynchronously to Kafka by encoding with specified or default avro schema.</doc>
<status status="PASS" starttime="20211027 20:12:49.768" endtime="20211027 20:12:49.769"/>
</kw>
<kw name="Produce" library="ConfluentKafkaLibrary">
<arg>group_id=${PRODUCER_ID}</arg>
<arg>topic=${TEST_TOPIC}</arg>
<arg>value={'test': 2}</arg>
<arg>partition=${P_ID}</arg>
<doc>Produce message to topic asynchronously to Kafka by encoding with specified or default avro schema.</doc>
<status status="PASS" starttime="20211027 20:12:49.769" endtime="20211027 20:12:49.770"/>
</kw>
<kw name="Produce" library="ConfluentKafkaLibrary">
<arg>group_id=${PRODUCER_ID}</arg>
<arg>topic=${TEST_TOPIC}</arg>
<arg>value={'test': 3}</arg>
<arg>partition=${P_ID}</arg>
<doc>Produce message to topic asynchronously to Kafka by encoding with specified or default avro schema.</doc>
<status status="PASS" starttime="20211027 20:12:49.770" endtime="20211027 20:12:49.771"/>
</kw>
<kw name="Produce" library="ConfluentKafkaLibrary">
<arg>group_id=${PRODUCER_ID}</arg>
<arg>topic=${TEST_TOPIC}</arg>
<arg>value={'test': 4}</arg>
<arg>partition=${P_ID}</arg>
<doc>Produce message to topic asynchronously to Kafka by encoding with specified or default avro schema.</doc>
<status status="PASS" starttime="20211027 20:12:49.771" endtime="20211027 20:12:49.771"/>
</kw>
<kw name="Wait Until Keyword Succeeds" library="BuiltIn">
<arg>10x</arg>
<arg>0.5s</arg>
<arg>All Messages Are Delivered</arg>
<arg>${PRODUCER_ID}</arg>
<doc>Runs the specified keyword and retries if it fails.</doc>
<kw name="All Messages Are Delivered">
<arg>${PRODUCER_ID}</arg>
<kw name="Flush" library="ConfluentKafkaLibrary">
<var>${count}</var>
<arg>${producer_id}</arg>
<doc>Wait for all messages in the Producer queue to be delivered. Returns the number of messages still in queue.
This is a convenience method that calls poll() until len() is zero or the optional timeout elapses.
- `timeout` (real) : Optional timeout. Default: `0.1`.</doc>
<msg timestamp="20211027 20:12:49.776" level="INFO">${count} = 0</msg>
<status status="PASS" starttime="20211027 20:12:49.772" endtime="20211027 20:12:49.777"/>
</kw>
<kw name="Log" library="BuiltIn">
<arg>Reaming messages to be delivered: ${count}</arg>
<doc>Logs the given message with the given level.</doc>
<msg timestamp="20211027 20:12:49.777" level="INFO">Reaming messages to be delivered: 0</msg>
<status status="PASS" starttime="20211027 20:12:49.777" endtime="20211027 20:12:49.777"/>
</kw>
<kw name="Should Be Equal As Integers" library="BuiltIn">
<arg>${count}</arg>
<arg>0</arg>
<doc>Fails if objects are unequal after converting them to integers.</doc>
<msg timestamp="20211027 20:12:49.778" level="INFO">Argument types are:
&lt;class 'int'&gt;
&lt;type 'unicode'&gt;</msg>
<status status="PASS" starttime="20211027 20:12:49.777" endtime="20211027 20:12:49.778"/>
</kw>
<status status="PASS" starttime="20211027 20:12:49.772" endtime="20211027 20:12:49.778"/>
</kw>
<status status="PASS" starttime="20211027 20:12:49.772" endtime="20211027 20:12:49.778"/>
</kw>
<kw name="Sleep" library="BuiltIn">
<arg>1sec</arg>
<doc>Pauses the test executed for the given time.</doc>
<msg timestamp="20211027 20:12:50.779" level="INFO">Slept 1 second</msg>
<status status="PASS" starttime="20211027 20:12:49.778" endtime="20211027 20:12:50.779"/>
</kw>
<status status="PASS" starttime="20211027 20:12:49.766" endtime="20211027 20:12:50.779"/>
</kw>
<kw name="Poll" library="ConfluentKafkaLibrary">
<var>${messages}</var>
<arg>group_id=${group_id}</arg>
<arg>poll_attempts=30</arg>
<arg>max_records=6</arg>
<arg>timeout=5</arg>
<arg>decode_format=utf8</arg>
<doc>Fetch and return messages from assigned topics / partitions as list.
- ``timeout`` (int): Seconds spent waiting in poll if data is not available in the buffer.</doc>
<msg timestamp="20211027 20:12:50.780" level="INFO">${messages} = ['Hello', 'World', "{'test': 1}", "{'test': 2}", "{'test': 3}", "{'test': 4}"]</msg>
<status status="PASS" starttime="20211027 20:12:50.779" endtime="20211027 20:12:50.780"/>
</kw>
<kw name="Lists Should Be Equal" library="Collections">
<arg>${TEST_DATA}</arg>
<arg>${messages}</arg>
<doc>Fails if given lists are unequal.</doc>
<status status="PASS" starttime="20211027 20:12:50.781" endtime="20211027 20:12:50.781"/>
</kw>
<kw name="Unassign Teardown" type="TEARDOWN">
<arg>${group_id}</arg>
<kw name="Unassign" library="ConfluentKafkaLibrary">
<arg>${group_id}</arg>
<status status="PASS" starttime="20211027 20:12:50.782" endtime="20211027 20:12:50.782"/>
</kw>
<kw name="Close Consumer" library="ConfluentKafkaLibrary">
<arg>${group_id}</arg>
<doc>Close down and terminate the Kafka Consumer.</doc>
<status status="PASS" starttime="20211027 20:12:50.782" endtime="20211027 20:12:50.786"/>
</kw>
<status status="PASS" starttime="20211027 20:12:50.781" endtime="20211027 20:12:50.786"/>
</kw>
<status status="PASS" starttime="20211027 20:12:44.759" endtime="20211027 20:12:50.787"/>
</test>
<test id="s1-s1-t7" name="Verify Test And Threaded Consumer">
<kw name="Clear Messages From Thread" library="ConfluentKafkaLibrary" type="SETUP">
<arg>${MAIN_THREAD}</arg>
<doc>Remove all records gathered from specific thread
- ``running_thread`` (Thread object) - thread which was executed with
    `Start Consumer Threaded` keyword</doc>
<status status="PASS" starttime="20211027 20:12:50.788" endtime="20211027 20:12:50.788"/>
</kw>
<kw name="Create Consumer" library="ConfluentKafkaLibrary">
<var>${group_id}</var>
<doc>Create Kafka Consumer and returns its `group_id` as string.</doc>
<msg timestamp="20211027 20:12:50.790" level="INFO">${group_id} = 7e57e4bb-f6cf-4554-9524-0884802cf24b</msg>
<status status="PASS" starttime="20211027 20:12:50.788" endtime="20211027 20:12:50.791"/>
</kw>
<kw name="Subscribe Topic" library="ConfluentKafkaLibrary">
<arg>group_id=${group_id}</arg>
<arg>topics=${TEST_TOPIC}</arg>
<doc>Subscribe to a list of topics, or a topic regex pattern.
   https://docs.confluent.io/current/clients/confluent-kafka-python/#confluent_kafka.Consumer.subscribe</doc>
<status status="PASS" starttime="20211027 20:12:50.791" endtime="20211027 20:12:50.792"/>
</kw>
<kw name="Poll" library="ConfluentKafkaLibrary">
<var>${messages}</var>
<arg>group_id=${group_id}</arg>
<doc>Fetch and return messages from assigned topics / partitions as list.
- ``timeout`` (int): Seconds spent waiting in poll if data is not available in the buffer.</doc>
<msg timestamp="20211027 20:13:00.794" level="INFO">${messages} = []</msg>
<status status="PASS" starttime="20211027 20:12:50.792" endtime="20211027 20:13:00.795"/>
</kw>
<kw name="Prepare Data">
<kw name="Produce" library="ConfluentKafkaLibrary">
<arg>group_id=${PRODUCER_ID}</arg>
<arg>topic=${TEST_TOPIC}</arg>
<arg>value=Hello</arg>
<arg>partition=${P_ID}</arg>
<doc>Produce message to topic asynchronously to Kafka by encoding with specified or default avro schema.</doc>
<status status="PASS" starttime="20211027 20:13:00.795" endtime="20211027 20:13:00.796"/>
</kw>
<kw name="Produce" library="ConfluentKafkaLibrary">
<arg>group_id=${PRODUCER_ID}</arg>
<arg>topic=${TEST_TOPIC}</arg>
<arg>value=World</arg>
<arg>partition=${P_ID}</arg>
<doc>Produce message to topic asynchronously to Kafka by encoding with specified or default avro schema.</doc>
<status status="PASS" starttime="20211027 20:13:00.796" endtime="20211027 20:13:00.797"/>
</kw>
<kw name="Produce" library="ConfluentKafkaLibrary">
<arg>group_id=${PRODUCER_ID}</arg>
<arg>topic=${TEST_TOPIC}</arg>
<arg>value={'test': 1}</arg>
<arg>partition=${P_ID}</arg>
<doc>Produce message to topic asynchronously to Kafka by encoding with specified or default avro schema.</doc>
<status status="PASS" starttime="20211027 20:13:00.797" endtime="20211027 20:13:00.798"/>
</kw>
<kw name="Produce" library="ConfluentKafkaLibrary">
<arg>group_id=${PRODUCER_ID}</arg>
<arg>topic=${TEST_TOPIC}</arg>
<arg>value={'test': 2}</arg>
<arg>partition=${P_ID}</arg>
<doc>Produce message to topic asynchronously to Kafka by encoding with specified or default avro schema.</doc>
<status status="PASS" starttime="20211027 20:13:00.798" endtime="20211027 20:13:00.799"/>
</kw>
<kw name="Produce" library="ConfluentKafkaLibrary">
<arg>group_id=${PRODUCER_ID}</arg>
<arg>topic=${TEST_TOPIC}</arg>
<arg>value={'test': 3}</arg>
<arg>partition=${P_ID}</arg>
<doc>Produce message to topic asynchronously to Kafka by encoding with specified or default avro schema.</doc>
<status status="PASS" starttime="20211027 20:13:00.799" endtime="20211027 20:13:00.799"/>
</kw>
<kw name="Produce" library="ConfluentKafkaLibrary">
<arg>group_id=${PRODUCER_ID}</arg>
<arg>topic=${TEST_TOPIC}</arg>
<arg>value={'test': 4}</arg>
<arg>partition=${P_ID}</arg>
<doc>Produce message to topic asynchronously to Kafka by encoding with specified or default avro schema.</doc>
<status status="PASS" starttime="20211027 20:13:00.800" endtime="20211027 20:13:00.800"/>
</kw>
<kw name="Wait Until Keyword Succeeds" library="BuiltIn">
<arg>10x</arg>
<arg>0.5s</arg>
<arg>All Messages Are Delivered</arg>
<arg>${PRODUCER_ID}</arg>
<doc>Runs the specified keyword and retries if it fails.</doc>
<kw name="All Messages Are Delivered">
<arg>${PRODUCER_ID}</arg>
<kw name="Flush" library="ConfluentKafkaLibrary">
<var>${count}</var>
<arg>${producer_id}</arg>
<doc>Wait for all messages in the Producer queue to be delivered. Returns the number of messages still in queue.
This is a convenience method that calls poll() until len() is zero or the optional timeout elapses.
- `timeout` (real) : Optional timeout. Default: `0.1`.</doc>
<msg timestamp="20211027 20:13:00.807" level="INFO">${count} = 0</msg>
<status status="PASS" starttime="20211027 20:13:00.801" endtime="20211027 20:13:00.808"/>
</kw>
<kw name="Log" library="BuiltIn">
<arg>Reaming messages to be delivered: ${count}</arg>
<doc>Logs the given message with the given level.</doc>
<msg timestamp="20211027 20:13:00.809" level="INFO">Reaming messages to be delivered: 0</msg>
<status status="PASS" starttime="20211027 20:13:00.808" endtime="20211027 20:13:00.809"/>
</kw>
<kw name="Should Be Equal As Integers" library="BuiltIn">
<arg>${count}</arg>
<arg>0</arg>
<doc>Fails if objects are unequal after converting them to integers.</doc>
<msg timestamp="20211027 20:13:00.809" level="INFO">Argument types are:
&lt;class 'int'&gt;
&lt;type 'unicode'&gt;</msg>
<status status="PASS" starttime="20211027 20:13:00.809" endtime="20211027 20:13:00.809"/>
</kw>
<status status="PASS" starttime="20211027 20:13:00.801" endtime="20211027 20:13:00.809"/>
</kw>
<status status="PASS" starttime="20211027 20:13:00.800" endtime="20211027 20:13:00.810"/>
</kw>
<kw name="Sleep" library="BuiltIn">
<arg>1sec</arg>
<doc>Pauses the test executed for the given time.</doc>
<msg timestamp="20211027 20:13:01.810" level="INFO">Slept 1 second</msg>
<status status="PASS" starttime="20211027 20:13:00.810" endtime="20211027 20:13:01.810"/>
</kw>
<status status="PASS" starttime="20211027 20:13:00.795" endtime="20211027 20:13:01.811"/>
</kw>
<kw name="Get Messages From Thread" library="ConfluentKafkaLibrary">
<var>${thread_messages}</var>
<arg>${MAIN_THREAD}</arg>
<arg>decode_format=utf-8</arg>
<doc>Returns all records gathered from specific thread
- ``running_thread`` (Thread object) - thread which was executed with
    `Start Consumer Threaded` keyword
- ``decode_format`` (str) - If you need to decode data to specific format
    (See https://docs.python.org/3/library/codecs.html#standard-encodings). Default: None.</doc>
<msg timestamp="20211027 20:13:01.812" level="INFO">${thread_messages} = ['Hello', 'World', "{'test': 1}", "{'test': 2}", "{'test': 3}", "{'test': 4}"]</msg>
<status status="PASS" starttime="20211027 20:13:01.811" endtime="20211027 20:13:01.812"/>
</kw>
<kw name="Poll" library="ConfluentKafkaLibrary">
<var>${messages}</var>
<arg>group_id=${group_id}</arg>
<arg>max_records=6</arg>
<arg>decode_format=utf8</arg>
<doc>Fetch and return messages from assigned topics / partitions as list.
- ``timeout`` (int): Seconds spent waiting in poll if data is not available in the buffer.</doc>
<msg timestamp="20211027 20:13:01.812" level="INFO">${messages} = ['Hello', 'World', "{'test': 1}", "{'test': 2}", "{'test': 3}", "{'test': 4}"]</msg>
<status status="PASS" starttime="20211027 20:13:01.812" endtime="20211027 20:13:01.813"/>
</kw>
<kw name="Lists Should Be Equal" library="Collections">
<arg>${thread_messages}</arg>
<arg>${messages}</arg>
<doc>Fails if given lists are unequal.</doc>
<status status="PASS" starttime="20211027 20:13:01.813" endtime="20211027 20:13:01.813"/>
</kw>
<kw name="Run Keywords" library="BuiltIn" type="TEARDOWN">
<arg>Basic Teardown</arg>
<arg>${group_id}</arg>
<arg>AND</arg>
<arg>Clear Messages From Thread</arg>
<arg>${MAIN_THREAD}</arg>
<doc>Executes all the given keywords in a sequence.</doc>
<kw name="Basic Teardown">
<arg>${group_id}</arg>
<kw name="Unsubscribe" library="ConfluentKafkaLibrary">
<arg>${group_id}</arg>
<doc>Unsubscribe of topics.</doc>
<status status="PASS" starttime="20211027 20:13:01.814" endtime="20211027 20:13:01.815"/>
</kw>
<kw name="Close Consumer" library="ConfluentKafkaLibrary">
<arg>${group_id}</arg>
<doc>Close down and terminate the Kafka Consumer.</doc>
<status status="PASS" starttime="20211027 20:13:01.815" endtime="20211027 20:13:01.822"/>
</kw>
<status status="PASS" starttime="20211027 20:13:01.814" endtime="20211027 20:13:01.823"/>
</kw>
<kw name="Clear Messages From Thread" library="ConfluentKafkaLibrary">
<arg>${MAIN_THREAD}</arg>
<doc>Remove all records gathered from specific thread
- ``running_thread`` (Thread object) - thread which was executed with
    `Start Consumer Threaded` keyword</doc>
<status status="PASS" starttime="20211027 20:13:01.823" endtime="20211027 20:13:01.823"/>
</kw>
<status status="PASS" starttime="20211027 20:13:01.813" endtime="20211027 20:13:01.824"/>
</kw>
<status status="PASS" starttime="20211027 20:12:50.787" endtime="20211027 20:13:01.824"/>
</test>
<test id="s1-s1-t8" name="Verify Clean Of Threaded Consumer Messages">
<kw name="Prepare Data" type="SETUP">
<kw name="Produce" library="ConfluentKafkaLibrary">
<arg>group_id=${PRODUCER_ID}</arg>
<arg>topic=${TEST_TOPIC}</arg>
<arg>value=Hello</arg>
<arg>partition=${P_ID}</arg>
<doc>Produce message to topic asynchronously to Kafka by encoding with specified or default avro schema.</doc>
<status status="PASS" starttime="20211027 20:13:01.826" endtime="20211027 20:13:01.826"/>
</kw>
<kw name="Produce" library="ConfluentKafkaLibrary">
<arg>group_id=${PRODUCER_ID}</arg>
<arg>topic=${TEST_TOPIC}</arg>
<arg>value=World</arg>
<arg>partition=${P_ID}</arg>
<doc>Produce message to topic asynchronously to Kafka by encoding with specified or default avro schema.</doc>
<status status="PASS" starttime="20211027 20:13:01.827" endtime="20211027 20:13:01.827"/>
</kw>
<kw name="Produce" library="ConfluentKafkaLibrary">
<arg>group_id=${PRODUCER_ID}</arg>
<arg>topic=${TEST_TOPIC}</arg>
<arg>value={'test': 1}</arg>
<arg>partition=${P_ID}</arg>
<doc>Produce message to topic asynchronously to Kafka by encoding with specified or default avro schema.</doc>
<status status="PASS" starttime="20211027 20:13:01.827" endtime="20211027 20:13:01.828"/>
</kw>
<kw name="Produce" library="ConfluentKafkaLibrary">
<arg>group_id=${PRODUCER_ID}</arg>
<arg>topic=${TEST_TOPIC}</arg>
<arg>value={'test': 2}</arg>
<arg>partition=${P_ID}</arg>
<doc>Produce message to topic asynchronously to Kafka by encoding with specified or default avro schema.</doc>
<status status="PASS" starttime="20211027 20:13:01.828" endtime="20211027 20:13:01.829"/>
</kw>
<kw name="Produce" library="ConfluentKafkaLibrary">
<arg>group_id=${PRODUCER_ID}</arg>
<arg>topic=${TEST_TOPIC}</arg>
<arg>value={'test': 3}</arg>
<arg>partition=${P_ID}</arg>
<doc>Produce message to topic asynchronously to Kafka by encoding with specified or default avro schema.</doc>
<status status="PASS" starttime="20211027 20:13:01.829" endtime="20211027 20:13:01.830"/>
</kw>
<kw name="Produce" library="ConfluentKafkaLibrary">
<arg>group_id=${PRODUCER_ID}</arg>
<arg>topic=${TEST_TOPIC}</arg>
<arg>value={'test': 4}</arg>
<arg>partition=${P_ID}</arg>
<doc>Produce message to topic asynchronously to Kafka by encoding with specified or default avro schema.</doc>
<status status="PASS" starttime="20211027 20:13:01.830" endtime="20211027 20:13:01.835"/>
</kw>
<kw name="Wait Until Keyword Succeeds" library="BuiltIn">
<arg>10x</arg>
<arg>0.5s</arg>
<arg>All Messages Are Delivered</arg>
<arg>${PRODUCER_ID}</arg>
<doc>Runs the specified keyword and retries if it fails.</doc>
<kw name="All Messages Are Delivered">
<arg>${PRODUCER_ID}</arg>
<kw name="Flush" library="ConfluentKafkaLibrary">
<var>${count}</var>
<arg>${producer_id}</arg>
<doc>Wait for all messages in the Producer queue to be delivered. Returns the number of messages still in queue.
This is a convenience method that calls poll() until len() is zero or the optional timeout elapses.
- `timeout` (real) : Optional timeout. Default: `0.1`.</doc>
<msg timestamp="20211027 20:13:01.844" level="INFO">${count} = 0</msg>
<status status="PASS" starttime="20211027 20:13:01.836" endtime="20211027 20:13:01.844"/>
</kw>
<kw name="Log" library="BuiltIn">
<arg>Reaming messages to be delivered: ${count}</arg>
<doc>Logs the given message with the given level.</doc>
<msg timestamp="20211027 20:13:01.845" level="INFO">Reaming messages to be delivered: 0</msg>
<status status="PASS" starttime="20211027 20:13:01.844" endtime="20211027 20:13:01.845"/>
</kw>
<kw name="Should Be Equal As Integers" library="BuiltIn">
<arg>${count}</arg>
<arg>0</arg>
<doc>Fails if objects are unequal after converting them to integers.</doc>
<msg timestamp="20211027 20:13:01.845" level="INFO">Argument types are:
&lt;class 'int'&gt;
&lt;type 'unicode'&gt;</msg>
<status status="PASS" starttime="20211027 20:13:01.845" endtime="20211027 20:13:01.845"/>
</kw>
<status status="PASS" starttime="20211027 20:13:01.835" endtime="20211027 20:13:01.845"/>
</kw>
<status status="PASS" starttime="20211027 20:13:01.835" endtime="20211027 20:13:01.845"/>
</kw>
<kw name="Sleep" library="BuiltIn">
<arg>1sec</arg>
<doc>Pauses the test executed for the given time.</doc>
<msg timestamp="20211027 20:13:02.846" level="INFO">Slept 1 second</msg>
<status status="PASS" starttime="20211027 20:13:01.846" endtime="20211027 20:13:02.846"/>
</kw>
<status status="PASS" starttime="20211027 20:13:01.825" endtime="20211027 20:13:02.847"/>
</kw>
<kw name="Get Messages From Thread" library="ConfluentKafkaLibrary">
<var>${thread_messages1}</var>
<arg>${MAIN_THREAD}</arg>
<arg>decode_format=utf-8</arg>
<doc>Returns all records gathered from specific thread
- ``running_thread`` (Thread object) - thread which was executed with
    `Start Consumer Threaded` keyword
- ``decode_format`` (str) - If you need to decode data to specific format
    (See https://docs.python.org/3/library/codecs.html#standard-encodings). Default: None.</doc>
<msg timestamp="20211027 20:13:02.847" level="INFO">${thread_messages1} = ['Hello', 'World', "{'test': 1}", "{'test': 2}", "{'test': 3}", "{'test': 4}"]</msg>
<status status="PASS" starttime="20211027 20:13:02.847" endtime="20211027 20:13:02.847"/>
</kw>
<kw name="Clear Messages From Thread" library="ConfluentKafkaLibrary">
<arg>${MAIN_THREAD}</arg>
<doc>Remove all records gathered from specific thread
- ``running_thread`` (Thread object) - thread which was executed with
    `Start Consumer Threaded` keyword</doc>
<status status="PASS" starttime="20211027 20:13:02.848" endtime="20211027 20:13:02.848"/>
</kw>
<kw name="Get Messages From Thread" library="ConfluentKafkaLibrary">
<var>${thread_messages2}</var>
<arg>${MAIN_THREAD}</arg>
<doc>Returns all records gathered from specific thread
- ``running_thread`` (Thread object) - thread which was executed with
    `Start Consumer Threaded` keyword
- ``decode_format`` (str) - If you need to decode data to specific format
    (See https://docs.python.org/3/library/codecs.html#standard-encodings). Default: None.</doc>
<msg timestamp="20211027 20:13:02.848" level="INFO">${thread_messages2} = []</msg>
<status status="PASS" starttime="20211027 20:13:02.848" endtime="20211027 20:13:02.848"/>
</kw>
<kw name="Lists Should Be Equal" library="Collections">
<arg>${TEST_DATA}</arg>
<arg>${thread_messages1}</arg>
<doc>Fails if given lists are unequal.</doc>
<status status="PASS" starttime="20211027 20:13:02.848" endtime="20211027 20:13:02.849"/>
</kw>
<kw name="Should Be Empty" library="BuiltIn">
<arg>${thread_messages2}</arg>
<doc>Verifies that the given item is empty.</doc>
<msg timestamp="20211027 20:13:02.850" level="INFO">Length is 0</msg>
<status status="PASS" starttime="20211027 20:13:02.850" endtime="20211027 20:13:02.851"/>
</kw>
<kw name="Clear Messages From Thread" library="ConfluentKafkaLibrary" type="TEARDOWN">
<arg>${MAIN_THREAD}</arg>
<doc>Remove all records gathered from specific thread
- ``running_thread`` (Thread object) - thread which was executed with
    `Start Consumer Threaded` keyword</doc>
<status status="PASS" starttime="20211027 20:13:02.851" endtime="20211027 20:13:02.851"/>
</kw>
<status status="PASS" starttime="20211027 20:13:01.825" endtime="20211027 20:13:02.851"/>
</test>
<test id="s1-s1-t9" name="Remove And Publish New Messages From Threaded Consumer">
<kw name="Prepare Data" type="SETUP">
<kw name="Produce" library="ConfluentKafkaLibrary">
<arg>group_id=${PRODUCER_ID}</arg>
<arg>topic=${TEST_TOPIC}</arg>
<arg>value=Hello</arg>
<arg>partition=${P_ID}</arg>
<doc>Produce message to topic asynchronously to Kafka by encoding with specified or default avro schema.</doc>
<status status="PASS" starttime="20211027 20:13:02.852" endtime="20211027 20:13:02.853"/>
</kw>
<kw name="Produce" library="ConfluentKafkaLibrary">
<arg>group_id=${PRODUCER_ID}</arg>
<arg>topic=${TEST_TOPIC}</arg>
<arg>value=World</arg>
<arg>partition=${P_ID}</arg>
<doc>Produce message to topic asynchronously to Kafka by encoding with specified or default avro schema.</doc>
<status status="PASS" starttime="20211027 20:13:02.853" endtime="20211027 20:13:02.854"/>
</kw>
<kw name="Produce" library="ConfluentKafkaLibrary">
<arg>group_id=${PRODUCER_ID}</arg>
<arg>topic=${TEST_TOPIC}</arg>
<arg>value={'test': 1}</arg>
<arg>partition=${P_ID}</arg>
<doc>Produce message to topic asynchronously to Kafka by encoding with specified or default avro schema.</doc>
<status status="PASS" starttime="20211027 20:13:02.854" endtime="20211027 20:13:02.855"/>
</kw>
<kw name="Produce" library="ConfluentKafkaLibrary">
<arg>group_id=${PRODUCER_ID}</arg>
<arg>topic=${TEST_TOPIC}</arg>
<arg>value={'test': 2}</arg>
<arg>partition=${P_ID}</arg>
<doc>Produce message to topic asynchronously to Kafka by encoding with specified or default avro schema.</doc>
<status status="PASS" starttime="20211027 20:13:02.855" endtime="20211027 20:13:02.855"/>
</kw>
<kw name="Produce" library="ConfluentKafkaLibrary">
<arg>group_id=${PRODUCER_ID}</arg>
<arg>topic=${TEST_TOPIC}</arg>
[...]
<doc>Returns the given values which can then be assigned to a variables.</doc>
<msg timestamp="20211027 20:13:25.147" level="INFO">${schema_str} = {"namespace": "example.avro","type": "record","name": "User","fields": [{"name": "name","type": "string"},{"name": "number","type": ["int","null"]}]}</msg>
<status status="PASS" starttime="20211027 20:13:25.147" endtime="20211027 20:13:25.147"/>
</kw>
<kw name="Get Avro Serializer" library="ConfluentKafkaLibrary">
<var>${avro_serializer}</var>
<arg>${schema_str}</arg>
<arg>${schema_registry_client}</arg>
<msg timestamp="20211027 20:13:25.148" level="INFO">${avro_serializer} = &lt;confluent_kafka.schema_registry.avro.AvroSerializer object at 0x7f2631b65970&gt;</msg>
<status status="PASS" starttime="20211027 20:13:25.147" endtime="20211027 20:13:25.148"/>
</kw>
<kw name="Get Avro Deserializer" library="ConfluentKafkaLibrary">
<var>${avro_deserializer}</var>
<arg>${schema_str}</arg>
<arg>${schema_registry_client}</arg>
<msg timestamp="20211027 20:13:25.148" level="INFO">${avro_deserializer} = &lt;confluent_kafka.schema_registry.avro.AvroDeserializer object at 0x7f262ca25090&gt;</msg>
<status status="PASS" starttime="20211027 20:13:25.148" endtime="20211027 20:13:25.148"/>
</kw>
<kw name="Get String Serializer" library="ConfluentKafkaLibrary">
<var>${string_serializer}</var>
<msg timestamp="20211027 20:13:25.149" level="INFO">${string_serializer} = &lt;confluent_kafka.serialization.StringSerializer object at 0x7f262ca22400&gt;</msg>
<status status="PASS" starttime="20211027 20:13:25.148" endtime="20211027 20:13:25.149"/>
</kw>
<kw name="Get String Deserializer" library="ConfluentKafkaLibrary">
<var>${string_deserializer}</var>
<msg timestamp="20211027 20:13:25.149" level="INFO">${string_deserializer} = &lt;confluent_kafka.serialization.StringDeserializer object at 0x7f262ca22430&gt;</msg>
<status status="PASS" starttime="20211027 20:13:25.149" endtime="20211027 20:13:25.149"/>
</kw>
<kw name="Create Producer" library="ConfluentKafkaLibrary">
<var>${producer_id}</var>
<arg>key_serializer=${string_serializer}</arg>
<arg>value_serializer=${avro_serializer}</arg>
<arg>legacy=${False}</arg>
<doc>Create Kafka Producer and returns its `group_id` as string.
If `schema_registry_url` is used, Kafka Producer client which does avro schema
encoding to messages is created instead.</doc>
<msg timestamp="20211027 20:13:25.151" level="INFO">${producer_id} = 901d07a3-0db4-478c-9f91-f677dfd68af1</msg>
<status status="PASS" starttime="20211027 20:13:25.149" endtime="20211027 20:13:25.151"/>
</kw>
<kw name="Create Dictionary" library="BuiltIn">
<var>${value}</var>
<arg>name=Robot</arg>
<arg>number=${10}</arg>
<doc>Creates and returns a dictionary based on the given ``items``.</doc>
<msg timestamp="20211027 20:13:25.152" level="INFO">${value} = {'name': 'Robot', 'number': 10}</msg>
<status status="PASS" starttime="20211027 20:13:25.151" endtime="20211027 20:13:25.152"/>
</kw>
<kw name="Produce" library="ConfluentKafkaLibrary">
<arg>group_id=${producer_id}</arg>
<arg>topic=avro_testing3</arg>
<arg>partition=${0}</arg>
<arg>value=${value}</arg>
<arg>key=568a68fd-2785-44cc-8997-1295c3755d28</arg>
<doc>Produce message to topic asynchronously to Kafka by encoding with specified or default avro schema.</doc>
<status status="PASS" starttime="20211027 20:13:25.152" endtime="20211027 20:13:25.184"/>
</kw>
<kw name="Wait Until Keyword Succeeds" library="BuiltIn">
<arg>10x</arg>
<arg>0.5s</arg>
<arg>All Messages Are Delivered</arg>
<arg>${producer_id}</arg>
<doc>Runs the specified keyword and retries if it fails.</doc>
<kw name="All Messages Are Delivered">
<arg>${producer_id}</arg>
<kw name="Flush" library="ConfluentKafkaLibrary">
<var>${count}</var>
<arg>${producer_id}</arg>
<doc>Wait for all messages in the Producer queue to be delivered. Returns the number of messages still in queue.
This is a convenience method that calls poll() until len() is zero or the optional timeout elapses.
- `timeout` (real) : Optional timeout. Default: `0.1`.</doc>
<msg timestamp="20211027 20:13:25.287" level="INFO">${count} = 1</msg>
<status status="PASS" starttime="20211027 20:13:25.186" endtime="20211027 20:13:25.287"/>
</kw>
<kw name="Log" library="BuiltIn">
<arg>Reaming messages to be delivered: ${count}</arg>
<doc>Logs the given message with the given level.</doc>
<msg timestamp="20211027 20:13:25.288" level="INFO">Reaming messages to be delivered: 1</msg>
<status status="PASS" starttime="20211027 20:13:25.288" endtime="20211027 20:13:25.288"/>
</kw>
<kw name="Should Be Equal As Integers" library="BuiltIn">
<arg>${count}</arg>
<arg>0</arg>
<doc>Fails if objects are unequal after converting them to integers.</doc>
<msg timestamp="20211027 20:13:25.288" level="INFO">Argument types are:
&lt;class 'int'&gt;
&lt;type 'unicode'&gt;</msg>
<msg timestamp="20211027 20:13:25.289" level="FAIL">1 != 0</msg>
<status status="FAIL" starttime="20211027 20:13:25.288" endtime="20211027 20:13:25.289"/>
</kw>
<status status="FAIL" starttime="20211027 20:13:25.185" endtime="20211027 20:13:25.290"/>
</kw>
<kw name="All Messages Are Delivered">
<arg>${producer_id}</arg>
<kw name="Flush" library="ConfluentKafkaLibrary">
<var>${count}</var>
<arg>${producer_id}</arg>
<doc>Wait for all messages in the Producer queue to be delivered. Returns the number of messages still in queue.
This is a convenience method that calls poll() until len() is zero or the optional timeout elapses.
- `timeout` (real) : Optional timeout. Default: `0.1`.</doc>
<msg timestamp="20211027 20:13:25.893" level="INFO">${count} = 1</msg>
<status status="PASS" starttime="20211027 20:13:25.791" endtime="20211027 20:13:25.893"/>
</kw>
<kw name="Log" library="BuiltIn">
<arg>Reaming messages to be delivered: ${count}</arg>
<doc>Logs the given message with the given level.</doc>
<msg timestamp="20211027 20:13:25.893" level="INFO">Reaming messages to be delivered: 1</msg>
<status status="PASS" starttime="20211027 20:13:25.893" endtime="20211027 20:13:25.894"/>
</kw>
<kw name="Should Be Equal As Integers" library="BuiltIn">
<arg>${count}</arg>
<arg>0</arg>
<doc>Fails if objects are unequal after converting them to integers.</doc>
<msg timestamp="20211027 20:13:25.894" level="INFO">Argument types are:
&lt;class 'int'&gt;
&lt;type 'unicode'&gt;</msg>
<msg timestamp="20211027 20:13:25.894" level="FAIL">1 != 0</msg>
<status status="FAIL" starttime="20211027 20:13:25.894" endtime="20211027 20:13:25.894"/>
</kw>
<status status="FAIL" starttime="20211027 20:13:25.790" endtime="20211027 20:13:25.895"/>
</kw>
<kw name="All Messages Are Delivered">
<arg>${producer_id}</arg>
<kw name="Flush" library="ConfluentKafkaLibrary">
<var>${count}</var>
<arg>${producer_id}</arg>
<doc>Wait for all messages in the Producer queue to be delivered. Returns the number of messages still in queue.
This is a convenience method that calls poll() until len() is zero or the optional timeout elapses.
- `timeout` (real) : Optional timeout. Default: `0.1`.</doc>
<msg timestamp="20211027 20:13:26.497" level="INFO">${count} = 1</msg>
<status status="PASS" starttime="20211027 20:13:26.396" endtime="20211027 20:13:26.497"/>
</kw>
<kw name="Log" library="BuiltIn">
<arg>Reaming messages to be delivered: ${count}</arg>
<doc>Logs the given message with the given level.</doc>
<msg timestamp="20211027 20:13:26.498" level="INFO">Reaming messages to be delivered: 1</msg>
<status status="PASS" starttime="20211027 20:13:26.497" endtime="20211027 20:13:26.498"/>
</kw>
<kw name="Should Be Equal As Integers" library="BuiltIn">
<arg>${count}</arg>
<arg>0</arg>
<doc>Fails if objects are unequal after converting them to integers.</doc>
<msg timestamp="20211027 20:13:26.498" level="INFO">Argument types are:
&lt;class 'int'&gt;
&lt;type 'unicode'&gt;</msg>
<msg timestamp="20211027 20:13:26.499" level="FAIL">1 != 0</msg>
<status status="FAIL" starttime="20211027 20:13:26.498" endtime="20211027 20:13:26.499"/>
</kw>
<status status="FAIL" starttime="20211027 20:13:26.396" endtime="20211027 20:13:26.499"/>
</kw>
<kw name="All Messages Are Delivered">
<arg>${producer_id}</arg>
<kw name="Flush" library="ConfluentKafkaLibrary">
<var>${count}</var>
<arg>${producer_id}</arg>
<doc>Wait for all messages in the Producer queue to be delivered. Returns the number of messages still in queue.
This is a convenience method that calls poll() until len() is zero or the optional timeout elapses.
- `timeout` (real) : Optional timeout. Default: `0.1`.</doc>
<msg timestamp="20211027 20:13:27.102" level="INFO">${count} = 1</msg>
<status status="PASS" starttime="20211027 20:13:27.001" endtime="20211027 20:13:27.102"/>
</kw>
<kw name="Log" library="BuiltIn">
<arg>Reaming messages to be delivered: ${count}</arg>
<doc>Logs the given message with the given level.</doc>
<msg timestamp="20211027 20:13:27.103" level="INFO">Reaming messages to be delivered: 1</msg>
<status status="PASS" starttime="20211027 20:13:27.103" endtime="20211027 20:13:27.103"/>
</kw>
<kw name="Should Be Equal As Integers" library="BuiltIn">
<arg>${count}</arg>
<arg>0</arg>
<doc>Fails if objects are unequal after converting them to integers.</doc>
<msg timestamp="20211027 20:13:27.103" level="INFO">Argument types are:
&lt;class 'int'&gt;
&lt;type 'unicode'&gt;</msg>
<msg timestamp="20211027 20:13:27.104" level="FAIL">1 != 0</msg>
<status status="FAIL" starttime="20211027 20:13:27.103" endtime="20211027 20:13:27.104"/>
</kw>
<status status="FAIL" starttime="20211027 20:13:27.000" endtime="20211027 20:13:27.105"/>
</kw>
<kw name="All Messages Are Delivered">
<arg>${producer_id}</arg>
<kw name="Flush" library="ConfluentKafkaLibrary">
<var>${count}</var>
<arg>${producer_id}</arg>
<doc>Wait for all messages in the Producer queue to be delivered. Returns the number of messages still in queue.
This is a convenience method that calls poll() until len() is zero or the optional timeout elapses.
- `timeout` (real) : Optional timeout. Default: `0.1`.</doc>
<msg timestamp="20211027 20:13:27.607" level="INFO">${count} = 0</msg>
<status status="PASS" starttime="20211027 20:13:27.606" endtime="20211027 20:13:27.607"/>
</kw>
<kw name="Log" library="BuiltIn">
<arg>Reaming messages to be delivered: ${count}</arg>
<doc>Logs the given message with the given level.</doc>
<msg timestamp="20211027 20:13:27.607" level="INFO">Reaming messages to be delivered: 0</msg>
<status status="PASS" starttime="20211027 20:13:27.607" endtime="20211027 20:13:27.607"/>
</kw>
<kw name="Should Be Equal As Integers" library="BuiltIn">
<arg>${count}</arg>
<arg>0</arg>
<doc>Fails if objects are unequal after converting them to integers.</doc>
<msg timestamp="20211027 20:13:27.607" level="INFO">Argument types are:
&lt;class 'int'&gt;
&lt;type 'unicode'&gt;</msg>
<status status="PASS" starttime="20211027 20:13:27.607" endtime="20211027 20:13:27.608"/>
</kw>
<status status="PASS" starttime="20211027 20:13:27.605" endtime="20211027 20:13:27.608"/>
</kw>
<status status="PASS" starttime="20211027 20:13:25.185" endtime="20211027 20:13:27.608"/>
</kw>
<kw name="Create Consumer" library="ConfluentKafkaLibrary">
<var>${consumer_group_id}</var>
<arg>auto_offset_reset=latest</arg>
<arg>key_deserializer=${string_deserializer}</arg>
<arg>value_deserializer=${avro_deserializer}</arg>
<arg>legacy=${False}</arg>
<doc>Create Kafka Consumer and returns its `group_id` as string.</doc>
<msg timestamp="20211027 20:13:27.609" level="INFO">${consumer_group_id} = 65c88066-00d6-4a03-ac50-b56df005d713</msg>
<status status="PASS" starttime="20211027 20:13:27.608" endtime="20211027 20:13:27.609"/>
</kw>
<kw name="Subscribe Topic" library="ConfluentKafkaLibrary">
<arg>group_id=${consumer_group_id}</arg>
<arg>topics=avro_testing3</arg>
<doc>Subscribe to a list of topics, or a topic regex pattern.
   https://docs.confluent.io/current/clients/confluent-kafka-python/#confluent_kafka.Consumer.subscribe</doc>
<status status="PASS" starttime="20211027 20:13:27.610" endtime="20211027 20:13:27.610"/>
</kw>
<kw name="Poll" library="ConfluentKafkaLibrary">
<arg>group_id=${consumer_group_id}</arg>
<doc>Fetch and return messages from assigned topics / partitions as list.
- ``timeout`` (int): Seconds spent waiting in poll if data is not available in the buffer.</doc>
<status status="PASS" starttime="20211027 20:13:27.611" endtime="20211027 20:13:37.614"/>
</kw>
<kw name="Produce" library="ConfluentKafkaLibrary">
<arg>group_id=${producer_id}</arg>
<arg>topic=avro_testing3</arg>
<arg>value=${value}</arg>
<arg>partition=${0}</arg>
<arg>key=568a68fd-2785-44cc-8997-1295c3755d28</arg>
<doc>Produce message to topic asynchronously to Kafka by encoding with specified or default avro schema.</doc>
<status status="PASS" starttime="20211027 20:13:37.614" endtime="20211027 20:13:37.615"/>
</kw>
<kw name="Wait Until Keyword Succeeds" library="BuiltIn">
<arg>10x</arg>
<arg>0.5s</arg>
<arg>All Messages Are Delivered</arg>
<arg>${producer_id}</arg>
<doc>Runs the specified keyword and retries if it fails.</doc>
<kw name="All Messages Are Delivered">
<arg>${producer_id}</arg>
<kw name="Flush" library="ConfluentKafkaLibrary">
<var>${count}</var>
<arg>${producer_id}</arg>
<doc>Wait for all messages in the Producer queue to be delivered. Returns the number of messages still in queue.
This is a convenience method that calls poll() until len() is zero or the optional timeout elapses.
- `timeout` (real) : Optional timeout. Default: `0.1`.</doc>
<msg timestamp="20211027 20:13:37.624" level="INFO">${count} = 0</msg>
<status status="PASS" starttime="20211027 20:13:37.616" endtime="20211027 20:13:37.624"/>
</kw>
<kw name="Log" library="BuiltIn">
<arg>Reaming messages to be delivered: ${count}</arg>
<doc>Logs the given message with the given level.</doc>
<msg timestamp="20211027 20:13:37.624" level="INFO">Reaming messages to be delivered: 0</msg>
<status status="PASS" starttime="20211027 20:13:37.624" endtime="20211027 20:13:37.624"/>
</kw>
<kw name="Should Be Equal As Integers" library="BuiltIn">
<arg>${count}</arg>
<arg>0</arg>
<doc>Fails if objects are unequal after converting them to integers.</doc>
<msg timestamp="20211027 20:13:37.625" level="INFO">Argument types are:
&lt;class 'int'&gt;
&lt;type 'unicode'&gt;</msg>
<status status="PASS" starttime="20211027 20:13:37.625" endtime="20211027 20:13:37.625"/>
</kw>
<status status="PASS" starttime="20211027 20:13:37.616" endtime="20211027 20:13:37.625"/>
</kw>
<status status="PASS" starttime="20211027 20:13:37.616" endtime="20211027 20:13:37.625"/>
</kw>
<kw name="Poll" library="ConfluentKafkaLibrary">
<var>${messages}</var>
<arg>group_id=${consumer_group_id}</arg>
<doc>Fetch and return messages from assigned topics / partitions as list.
- ``timeout`` (int): Seconds spent waiting in poll if data is not available in the buffer.</doc>
<msg timestamp="20211027 20:13:37.626" level="INFO">${messages} = [{'name': 'Robot', 'number': 10}]</msg>
<status status="PASS" starttime="20211027 20:13:37.626" endtime="20211027 20:13:37.626"/>
</kw>
<kw name="Should Be Equal" library="BuiltIn">
<arg>${messages}</arg>
<arg>${TEST_DATA}</arg>
<doc>Fails if the given objects are unequal.</doc>
<status status="PASS" starttime="20211027 20:13:37.626" endtime="20211027 20:13:37.627"/>
</kw>
<kw name="Basic Teardown" type="TEARDOWN">
<arg>${consumer_group_id}</arg>
<kw name="Unsubscribe" library="ConfluentKafkaLibrary">
<arg>${group_id}</arg>
<doc>Unsubscribe of topics.</doc>
<status status="PASS" starttime="20211027 20:13:37.627" endtime="20211027 20:13:37.628"/>
</kw>
<kw name="Close Consumer" library="ConfluentKafkaLibrary">
<arg>${group_id}</arg>
<doc>Close down and terminate the Kafka Consumer.</doc>
<status status="PASS" starttime="20211027 20:13:37.628" endtime="20211027 20:13:37.638"/>
</kw>
<status status="PASS" starttime="20211027 20:13:37.627" endtime="20211027 20:13:37.639"/>
</kw>
<status status="PASS" starttime="20211027 20:13:25.144" endtime="20211027 20:13:37.639"/>
</test>
<status status="PASS" starttime="20211027 20:13:05.910" endtime="20211027 20:13:37.640"/>
</suite>
<suite id="s1-s3" name="Test Oauth" source="/home/runner/work/robotframework-ConfluentKafkaLibrary/robotframework-ConfluentKafkaLibrary/examples/test_oauth.robot">
<test id="s1-s3-t1" name="Example Oauth">
<kw name="Skip" library="BuiltIn">
<doc>Skips the rest of the current test.</doc>
<msg timestamp="20211027 20:13:37.657" level="SKIP">Skipped with Skip keyword.</msg>
<status status="SKIP" starttime="20211027 20:13:37.656" endtime="20211027 20:13:37.657"/>
</kw>
<kw name="Get String Serializer" library="ConfluentKafkaLibrary">
<var>${string_serializer}</var>
<status status="NOT RUN" starttime="20211027 20:13:37.657" endtime="20211027 20:13:37.657"/>
</kw>
<kw name="Get String Serializer" library="ConfluentKafkaLibrary">
<var>${value_serializer}</var>
<status status="NOT RUN" starttime="20211027 20:13:37.657" endtime="20211027 20:13:37.657"/>
</kw>
<kw name="oauth_example.get_token">
<var>${fun}=</var>
<arg>configuration</arg>
<status status="NOT RUN" starttime="20211027 20:13:37.660" endtime="20211027 20:13:37.661"/>
</kw>
<kw name="Create Producer" library="ConfluentKafkaLibrary">
<var>${producer_id}</var>
<arg>key_serializer=${string_serializer}</arg>
<arg>value_serializer=${value_serializer}</arg>
<arg>legacy=${False}</arg>
<arg>security.protocol=sasl_plaintext</arg>
<arg>sasl.mechanisms=OAUTHBEARER</arg>
<arg>oauth_cb=${fun}</arg>
<doc>Create Kafka Producer and returns its `group_id` as string.
If `schema_registry_url` is used, Kafka Producer client which does avro schema
encoding to messages is created instead.</doc>
<status status="NOT RUN" starttime="20211027 20:13:37.661" endtime="20211027 20:13:37.661"/>
</kw>
<doc>Example of how to use OAUTH with library and call functools
via get_token function. For better handling there could be
some global variable which can be set inside of python lib.
Not executable right now, needs update env (issue #21).</doc>
<status status="SKIP" starttime="20211027 20:13:37.655" endtime="20211027 20:13:37.661">Skipped with Skip keyword.</status>
</test>
<status status="SKIP" starttime="20211027 20:13:37.645" endtime="20211027 20:13:37.661"/>
</suite>
<status status="PASS" starttime="20211027 20:12:21.808" endtime="20211027 20:13:37.663"/>
</suite>
<statistics>
<total>
<stat pass="13" fail="0" skip="1">All Tests</stat>
</total>
<tag>
</tag>
<suite>
<stat pass="13" fail="0" skip="1" id="s1" name="Examples">Examples</stat>
<stat pass="10" fail="0" skip="0" id="s1-s1" name="Test">Examples.Test</stat>
<stat pass="3" fail="0" skip="0" id="s1-s2" name="Test Avro">Examples.Test Avro</stat>
<stat pass="0" fail="0" skip="1" id="s1-s3" name="Test Oauth">Examples.Test Oauth</stat>
</suite>
</statistics>
<errors>
<msg timestamp="20211027 20:13:22.709" level="WARN">Fast avro failed for schema with id 1, falling thru to standard avro</msg>
<msg timestamp="20211027 20:13:22.719" level="WARN">Fast avro failed for schema with id 2, falling thru to standard avro</msg>
<msg timestamp="20211027 20:13:25.121" level="WARN">Fast avro failed for schema with id 1, falling thru to standard avro</msg>
<msg timestamp="20211027 20:13:25.131" level="WARN">Fast avro failed for schema with id 2, falling thru to standard avro</msg>
<msg timestamp="20211027 20:13:37.652" level="ERROR">Error in file '/home/runner/work/robotframework-ConfluentKafkaLibrary/robotframework-ConfluentKafkaLibrary/examples/test_oauth.robot' on line 3: Importing library 'oauth_example' failed: ModuleNotFoundError: No module named 'oauth_example'
Traceback (most recent call last):
  None
PYTHONPATH:
  /home/runner/work/robotframework-ConfluentKafkaLibrary/robotframework-ConfluentKafkaLibrary
  /usr/lib/python38.zip
  /usr/lib/python3.8
  /usr/lib/python3.8/lib-dynload
  /home/runner/.local/lib/python3.8/site-packages
  /usr/local/lib/python3.8/dist-packages
  /usr/lib/python3/dist-packages</msg>
</errors>
</robot>
