<?xml version="1.0" encoding="UTF-8"?>
<robot generator="Robot 4.1.1 (Python 3.8.10 on linux)" generated="20210916 17:47:13.073" rpa="false" schemaversion="2">
<suite id="s1" name="Examples" source="/home/runner/work/robotframework-ConfluentKafkaLibrary/robotframework-ConfluentKafkaLibrary/examples">
<suite id="s1-s1" name="Test" source="/home/runner/work/robotframework-ConfluentKafkaLibrary/robotframework-ConfluentKafkaLibrary/examples/test.robot">
<kw name="Starting Test" type="SETUP">
<kw name="Set Suite Variable" library="BuiltIn">
<arg>${TEST_TOPIC}</arg>
<arg>test</arg>
<doc>Makes a variable available everywhere within the scope of the current suite.</doc>
<msg timestamp="20210916 17:47:13.242" level="INFO">${TEST_TOPIC} = test</msg>
<status status="PASS" starttime="20210916 17:47:13.241" endtime="20210916 17:47:13.242"/>
</kw>
<kw name="Start Consumer Threaded" library="ConfluentKafkaLibrary">
<var>${thread}</var>
<arg>topics=${TEST_TOPIC}</arg>
<doc>Run consumer in daemon thread and store data from topics. To read and work with this
   collected data use keyword `Get Messages From Thread`.
   Could be used at the Test setup or in each test.
   This is useful when you are reading always the same topics and you don't want to create
   consumer in each test to poll data. You can create as many consumers in the Test setup
   as you want and then in test just read data with `Get Messages From Thread` keyword.
- ``topics`` (list): List of topics for subscription.
- ``group_id`` (str or uuid.uuid4() if not set) : name of the consumer group to join for
    dynamic partition assignment (if enabled), and to use for fetching and
    committing offsets. If None, unique string is generated  (via uuid.uuid4())
    and offset commits are disabled. Default: `None`.</doc>
<msg timestamp="20210916 17:47:23.270" level="INFO">${thread} = &lt;GetMessagesThread(Thread-1, started daemon 140053565138688)&gt;</msg>
<status status="PASS" starttime="20210916 17:47:13.248" endtime="20210916 17:47:23.271"/>
</kw>
<kw name="Set Suite Variable" library="BuiltIn">
<arg>${MAIN_THREAD}</arg>
<arg>${thread}</arg>
<doc>Makes a variable available everywhere within the scope of the current suite.</doc>
<msg timestamp="20210916 17:47:23.272" level="INFO">${MAIN_THREAD} = &lt;GetMessagesThread(Thread-1, started daemon 140053565138688)&gt;</msg>
<status status="PASS" starttime="20210916 17:47:23.271" endtime="20210916 17:47:23.272"/>
</kw>
<kw name="Create Producer" library="ConfluentKafkaLibrary">
<var>${producer_group_id}</var>
<doc>Create Kafka Producer and returns its `group_id` as string.
If `schema_registry_url` is used, Kafka Producer client which does avro schema
encoding to messages is created instead.</doc>
<msg timestamp="20210916 17:47:23.274" level="INFO">${producer_group_id} = 5e87f202-bb11-4a3a-b6d8-b3414c5b2e3c</msg>
<status status="PASS" starttime="20210916 17:47:23.272" endtime="20210916 17:47:23.274"/>
</kw>
<kw name="Set Suite Variable" library="BuiltIn">
<arg>${PRODUCER_ID}</arg>
<arg>${producer_group_id}</arg>
<doc>Makes a variable available everywhere within the scope of the current suite.</doc>
<msg timestamp="20210916 17:47:23.275" level="INFO">${PRODUCER_ID} = 5e87f202-bb11-4a3a-b6d8-b3414c5b2e3c</msg>
<status status="PASS" starttime="20210916 17:47:23.274" endtime="20210916 17:47:23.275"/>
</kw>
<kw name="List Topics" library="ConfluentKafkaLibrary">
<var>${topics}</var>
<arg>${producer_group_id}</arg>
<doc>Request Metadata from cluster. Could be executed with consumer or producer group_id too.
- ``topic`` (str):  If specified, only request info about this topic, else returnfor all topics in cluster.
Default: `None`.
- ``group_id`` (str): *required* id of the created consumer or producer.</doc>
<msg timestamp="20210916 17:47:23.285" level="INFO">${topics} = {'__confluent.support.metrics': TopicMetadata(__confluent.support.metrics, 1 partitions), '_schemas': TopicMetadata(_schemas, 1 partitions), 'test': TopicMetadata(test, 1 partitions), '__consumer_offs...</msg>
<status status="PASS" starttime="20210916 17:47:23.275" endtime="20210916 17:47:23.285"/>
</kw>
<kw name="Get Topic Partitions" library="ConfluentKafkaLibrary">
<var>${partitions}</var>
<arg>${topics['${TEST_TOPIC}']}</arg>
<doc>Returns dictionary of all TopicPartitons in topic (topic.partitions).</doc>
<msg timestamp="20210916 17:47:23.286" level="INFO">${partitions} = {0: PartitionMetadata(0)}</msg>
<status status="PASS" starttime="20210916 17:47:23.285" endtime="20210916 17:47:23.286"/>
</kw>
<kw name="Set Variable" library="BuiltIn">
<var>${partition_id}</var>
<arg>${partitions[0].id}</arg>
<doc>Returns the given values which can then be assigned to a variables.</doc>
<msg timestamp="20210916 17:47:23.287" level="INFO">${partition_id} = 0</msg>
<status status="PASS" starttime="20210916 17:47:23.286" endtime="20210916 17:47:23.287"/>
</kw>
<kw name="Set Suite Variable" library="BuiltIn">
<arg>${P_ID}</arg>
<arg>${partition_id}</arg>
<doc>Makes a variable available everywhere within the scope of the current suite.</doc>
<msg timestamp="20210916 17:47:23.288" level="INFO">${P_ID} = 0</msg>
<status status="PASS" starttime="20210916 17:47:23.287" endtime="20210916 17:47:23.288"/>
</kw>
<kw name="Create Topic Partition" library="ConfluentKafkaLibrary">
<var>${tp}</var>
<arg>${TEST_TOPIC}</arg>
<arg>${partition_id}</arg>
<arg>${OFFSET_BEGINNING}</arg>
<doc>Returns TopicPartiton object based on
https://docs.confluent.io/current/clients/confluent-kafka-python/#topicpartition</doc>
<msg timestamp="20210916 17:47:23.289" level="INFO">${tp} = TopicPartition{topic=test,partition=0,offset=-2,error=None}</msg>
<status status="PASS" starttime="20210916 17:47:23.288" endtime="20210916 17:47:23.289"/>
</kw>
<kw name="Create List" library="BuiltIn">
<var>${data}</var>
<arg>Hello</arg>
<arg>World</arg>
<arg>{'test': 1}</arg>
<arg>{'test': 2}</arg>
<arg>{'test': 3}</arg>
<arg>{'test': 4}</arg>
<doc>Returns a list containing given items.</doc>
<msg timestamp="20210916 17:47:23.289" level="INFO">${data} = ['Hello', 'World', "{'test': 1}", "{'test': 2}", "{'test': 3}", "{'test': 4}"]</msg>
<status status="PASS" starttime="20210916 17:47:23.289" endtime="20210916 17:47:23.289"/>
</kw>
<kw name="Set Suite Variable" library="BuiltIn">
<arg>${TEST_DATA}</arg>
<arg>${data}</arg>
<doc>Makes a variable available everywhere within the scope of the current suite.</doc>
<msg timestamp="20210916 17:47:23.291" level="INFO">${TEST_DATA} = ['Hello', 'World', "{'test': 1}", "{'test': 2}", "{'test': 3}", "{'test': 4}"]</msg>
<status status="PASS" starttime="20210916 17:47:23.289" endtime="20210916 17:47:23.291"/>
</kw>
<kw name="Prepare Data">
<kw name="Produce" library="ConfluentKafkaLibrary">
<arg>group_id=${PRODUCER_ID}</arg>
<arg>topic=${TEST_TOPIC}</arg>
<arg>value=Hello</arg>
<arg>partition=${P_ID}</arg>
<doc>Produce message to topic asynchronously to Kafka by encoding with specified or default avro schema.</doc>
<status status="PASS" starttime="20210916 17:47:23.291" endtime="20210916 17:47:23.292"/>
</kw>
<kw name="Produce" library="ConfluentKafkaLibrary">
<arg>group_id=${PRODUCER_ID}</arg>
<arg>topic=${TEST_TOPIC}</arg>
<arg>value=World</arg>
<arg>partition=${P_ID}</arg>
<doc>Produce message to topic asynchronously to Kafka by encoding with specified or default avro schema.</doc>
<status status="PASS" starttime="20210916 17:47:23.292" endtime="20210916 17:47:23.293"/>
</kw>
<kw name="Produce" library="ConfluentKafkaLibrary">
<arg>group_id=${PRODUCER_ID}</arg>
<arg>topic=${TEST_TOPIC}</arg>
<arg>value={'test': 1}</arg>
<arg>partition=${P_ID}</arg>
<doc>Produce message to topic asynchronously to Kafka by encoding with specified or default avro schema.</doc>
<status status="PASS" starttime="20210916 17:47:23.294" endtime="20210916 17:47:23.294"/>
</kw>
<kw name="Produce" library="ConfluentKafkaLibrary">
<arg>group_id=${PRODUCER_ID}</arg>
<arg>topic=${TEST_TOPIC}</arg>
<arg>value={'test': 2}</arg>
<arg>partition=${P_ID}</arg>
<doc>Produce message to topic asynchronously to Kafka by encoding with specified or default avro schema.</doc>
<status status="PASS" starttime="20210916 17:47:23.294" endtime="20210916 17:47:23.295"/>
</kw>
<kw name="Produce" library="ConfluentKafkaLibrary">
<arg>group_id=${PRODUCER_ID}</arg>
<arg>topic=${TEST_TOPIC}</arg>
<arg>value={'test': 3}</arg>
<arg>partition=${P_ID}</arg>
<doc>Produce message to topic asynchronously to Kafka by encoding with specified or default avro schema.</doc>
<status status="PASS" starttime="20210916 17:47:23.295" endtime="20210916 17:47:23.296"/>
</kw>
<kw name="Produce" library="ConfluentKafkaLibrary">
<arg>group_id=${PRODUCER_ID}</arg>
<arg>topic=${TEST_TOPIC}</arg>
<arg>value={'test': 4}</arg>
<arg>partition=${P_ID}</arg>
<doc>Produce message to topic asynchronously to Kafka by encoding with specified or default avro schema.</doc>
<status status="PASS" starttime="20210916 17:47:23.296" endtime="20210916 17:47:23.297"/>
</kw>
<kw name="Wait Until Keyword Succeeds" library="BuiltIn">
<arg>10x</arg>
<arg>0.5s</arg>
<arg>All Messages Are Delivered</arg>
<arg>${PRODUCER_ID}</arg>
<doc>Runs the specified keyword and retries if it fails.</doc>
<kw name="All Messages Are Delivered">
<arg>${PRODUCER_ID}</arg>
<kw name="Flush" library="ConfluentKafkaLibrary">
<var>${count}</var>
<arg>${producer_id}</arg>
<doc>Wait for all messages in the Producer queue to be delivered. Returns the number of messages still in queue.
This is a convenience method that calls poll() until len() is zero or the optional timeout elapses.
- `timeout` (real) : Optional timeout. Default: `0.1`.</doc>
<msg timestamp="20210916 17:47:23.307" level="INFO">${count} = 0</msg>
<status status="PASS" starttime="20210916 17:47:23.298" endtime="20210916 17:47:23.307"/>
</kw>
<kw name="Log" library="BuiltIn">
<arg>Reaming messages to be delivered: ${count}</arg>
<doc>Logs the given message with the given level.</doc>
<msg timestamp="20210916 17:47:23.307" level="INFO">Reaming messages to be delivered: 0</msg>
<status status="PASS" starttime="20210916 17:47:23.307" endtime="20210916 17:47:23.307"/>
</kw>
<kw name="Should Be Equal As Integers" library="BuiltIn">
<arg>${count}</arg>
<arg>0</arg>
<doc>Fails if objects are unequal after converting them to integers.</doc>
<msg timestamp="20210916 17:47:23.308" level="INFO">Argument types are:
&lt;class 'int'&gt;
&lt;type 'unicode'&gt;</msg>
<status status="PASS" starttime="20210916 17:47:23.307" endtime="20210916 17:47:23.308"/>
</kw>
<status status="PASS" starttime="20210916 17:47:23.297" endtime="20210916 17:47:23.308"/>
</kw>
<status status="PASS" starttime="20210916 17:47:23.297" endtime="20210916 17:47:23.308"/>
</kw>
<kw name="Sleep" library="BuiltIn">
<arg>1sec</arg>
<doc>Pauses the test executed for the given time.</doc>
<msg timestamp="20210916 17:47:24.308" level="INFO">Slept 1 second</msg>
<status status="PASS" starttime="20210916 17:47:23.308" endtime="20210916 17:47:24.309"/>
</kw>
<status status="PASS" starttime="20210916 17:47:23.291" endtime="20210916 17:47:24.309"/>
</kw>
<status status="PASS" starttime="20210916 17:47:13.241" endtime="20210916 17:47:24.309"/>
</kw>
<test id="s1-s1-t1" name="Verify Topics">
<kw name="Create Consumer" library="ConfluentKafkaLibrary">
<var>${group_id}</var>
<arg>auto_offset_reset=earliest</arg>
<doc>Create Kafka Consumer and returns its `group_id` as string.</doc>
<msg timestamp="20210916 17:47:24.312" level="INFO">${group_id} = aacb7b06-6d43-44f1-ba06-b6f41632d09a</msg>
<status status="PASS" starttime="20210916 17:47:24.310" endtime="20210916 17:47:24.313"/>
</kw>
<kw name="List Topics" library="ConfluentKafkaLibrary">
<var>${topics}</var>
<arg>${group_id}</arg>
<doc>Request Metadata from cluster. Could be executed with consumer or producer group_id too.
- ``topic`` (str):  If specified, only request info about this topic, else returnfor all topics in cluster.
Default: `None`.
- ``group_id`` (str): *required* id of the created consumer or producer.</doc>
<msg timestamp="20210916 17:47:24.322" level="INFO">${topics} = {'__confluent.support.metrics': TopicMetadata(__confluent.support.metrics, 1 partitions), '_schemas': TopicMetadata(_schemas, 1 partitions), 'test': TopicMetadata(test, 1 partitions), '__consumer_offs...</msg>
<status status="PASS" starttime="20210916 17:47:24.313" endtime="20210916 17:47:24.322"/>
</kw>
<kw name="Dictionary Should Contain Key" library="Collections">
<arg>${topics}</arg>
<arg>${TEST_TOPIC}</arg>
<doc>Fails if ``key`` is not found from ``dictionary``.</doc>
<status status="PASS" starttime="20210916 17:47:24.322" endtime="20210916 17:47:24.322"/>
</kw>
<kw name="Close Consumer" library="ConfluentKafkaLibrary" type="TEARDOWN">
<arg>${group_id}</arg>
<doc>Close down and terminate the Kafka Consumer.</doc>
<status status="PASS" starttime="20210916 17:47:24.323" endtime="20210916 17:47:24.324"/>
</kw>
<status status="PASS" starttime="20210916 17:47:24.309" endtime="20210916 17:47:24.324"/>
</test>
<test id="s1-s1-t2" name="Basic Consumer">
<kw name="Create Consumer" library="ConfluentKafkaLibrary">
<var>${group_id}</var>
<arg>auto_offset_reset=earliest</arg>
<doc>Create Kafka Consumer and returns its `group_id` as string.</doc>
<msg timestamp="20210916 17:47:24.326" level="INFO">${group_id} = fbfc6291-469d-4126-8b00-60305377885e</msg>
<status status="PASS" starttime="20210916 17:47:24.325" endtime="20210916 17:47:24.326"/>
</kw>
<kw name="Subscribe Topic" library="ConfluentKafkaLibrary">
<arg>group_id=${group_id}</arg>
<arg>topics=${TEST_TOPIC}</arg>
<doc>Subscribe to a list of topics, or a topic regex pattern.
   https://docs.confluent.io/current/clients/confluent-kafka-python/#confluent_kafka.Consumer.subscribe</doc>
<status status="PASS" starttime="20210916 17:47:24.326" endtime="20210916 17:47:24.327"/>
</kw>
<kw name="Poll" library="ConfluentKafkaLibrary">
<var>${messages}</var>
<arg>group_id=${group_id}</arg>
<arg>max_records=3</arg>
<arg>decode_format=utf8</arg>
<doc>Fetch and return messages from assigned topics / partitions as list.
- ``timeout`` (int): Seconds spent waiting in poll if data is not available in the buffer.</doc>
<msg timestamp="20210916 17:47:24.460" level="INFO">${messages} = ['Hello', 'World', "{'test': 1}"]</msg>
<status status="PASS" starttime="20210916 17:47:24.327" endtime="20210916 17:47:24.460"/>
</kw>
<kw name="Create List" library="BuiltIn">
<var>${data}</var>
<arg>Hello</arg>
<arg>World</arg>
<arg>{'test': 1}</arg>
<doc>Returns a list containing given items.</doc>
<msg timestamp="20210916 17:47:24.460" level="INFO">${data} = ['Hello', 'World', "{'test': 1}"]</msg>
<status status="PASS" starttime="20210916 17:47:24.460" endtime="20210916 17:47:24.460"/>
</kw>
<kw name="Lists Should Be Equal" library="Collections">
<arg>${messages}</arg>
<arg>${data}</arg>
<doc>Fails if given lists are unequal.</doc>
<status status="PASS" starttime="20210916 17:47:24.460" endtime="20210916 17:47:24.461"/>
</kw>
<kw name="Basic Teardown" type="TEARDOWN">
<arg>${group_id}</arg>
<kw name="Unsubscribe" library="ConfluentKafkaLibrary">
<arg>${group_id}</arg>
<doc>Unsubscribe of topics.</doc>
<status status="PASS" starttime="20210916 17:47:24.462" endtime="20210916 17:47:24.462"/>
</kw>
<kw name="Close Consumer" library="ConfluentKafkaLibrary">
<arg>${group_id}</arg>
<doc>Close down and terminate the Kafka Consumer.</doc>
<status status="PASS" starttime="20210916 17:47:24.462" endtime="20210916 17:47:24.485"/>
</kw>
<status status="PASS" starttime="20210916 17:47:24.461" endtime="20210916 17:47:24.485"/>
</kw>
<status status="PASS" starttime="20210916 17:47:24.325" endtime="20210916 17:47:24.485"/>
</test>
<test id="s1-s1-t3" name="Produce Without Value">
<kw name="Set Variable" library="BuiltIn">
<var>${topic_name}</var>
<arg>topicwithoutvaluee</arg>
<doc>Returns the given values which can then be assigned to a variables.</doc>
<msg timestamp="20210916 17:47:24.486" level="INFO">${topic_name} = topicwithoutvaluee</msg>
<status status="PASS" starttime="20210916 17:47:24.486" endtime="20210916 17:47:24.486"/>
</kw>
<kw name="Produce" library="ConfluentKafkaLibrary">
<arg>group_id=${PRODUCER_ID}</arg>
<arg>topic=${topic_name}</arg>
<doc>Produce message to topic asynchronously to Kafka by encoding with specified or default avro schema.</doc>
<status status="PASS" starttime="20210916 17:47:24.486" endtime="20210916 17:47:24.487"/>
</kw>
<kw name="Wait Until Keyword Succeeds" library="BuiltIn">
<arg>10x</arg>
<arg>0.5s</arg>
<arg>All Messages Are Delivered</arg>
<arg>${PRODUCER_ID}</arg>
<doc>Runs the specified keyword and retries if it fails.</doc>
<kw name="All Messages Are Delivered">
<arg>${PRODUCER_ID}</arg>
<kw name="Flush" library="ConfluentKafkaLibrary">
<var>${count}</var>
<arg>${producer_id}</arg>
<doc>Wait for all messages in the Producer queue to be delivered. Returns the number of messages still in queue.
This is a convenience method that calls poll() until len() is zero or the optional timeout elapses.
- `timeout` (real) : Optional timeout. Default: `0.1`.</doc>
<msg timestamp="20210916 17:47:24.588" level="INFO">${count} = 1</msg>
<status status="PASS" starttime="20210916 17:47:24.488" endtime="20210916 17:47:24.588"/>
</kw>
<kw name="Log" library="BuiltIn">
<arg>Reaming messages to be delivered: ${count}</arg>
<doc>Logs the given message with the given level.</doc>
<msg timestamp="20210916 17:47:24.589" level="INFO">Reaming messages to be delivered: 1</msg>
<status status="PASS" starttime="20210916 17:47:24.588" endtime="20210916 17:47:24.589"/>
</kw>
<kw name="Should Be Equal As Integers" library="BuiltIn">
<arg>${count}</arg>
<arg>0</arg>
<doc>Fails if objects are unequal after converting them to integers.</doc>
<msg timestamp="20210916 17:47:24.589" level="INFO">Argument types are:
&lt;class 'int'&gt;
&lt;type 'unicode'&gt;</msg>
<msg timestamp="20210916 17:47:24.590" level="FAIL">1 != 0</msg>
<status status="FAIL" starttime="20210916 17:47:24.589" endtime="20210916 17:47:24.590"/>
</kw>
<status status="FAIL" starttime="20210916 17:47:24.487" endtime="20210916 17:47:24.591"/>
</kw>
<kw name="All Messages Are Delivered">
<arg>${PRODUCER_ID}</arg>
<kw name="Flush" library="ConfluentKafkaLibrary">
<var>${count}</var>
<arg>${producer_id}</arg>
<doc>Wait for all messages in the Producer queue to be delivered. Returns the number of messages still in queue.
This is a convenience method that calls poll() until len() is zero or the optional timeout elapses.
- `timeout` (real) : Optional timeout. Default: `0.1`.</doc>
<msg timestamp="20210916 17:47:25.193" level="INFO">${count} = 1</msg>
<status status="PASS" starttime="20210916 17:47:25.092" endtime="20210916 17:47:25.193"/>
</kw>
<kw name="Log" library="BuiltIn">
<arg>Reaming messages to be delivered: ${count}</arg>
<doc>Logs the given message with the given level.</doc>
<msg timestamp="20210916 17:47:25.194" level="INFO">Reaming messages to be delivered: 1</msg>
<status status="PASS" starttime="20210916 17:47:25.193" endtime="20210916 17:47:25.194"/>
</kw>
<kw name="Should Be Equal As Integers" library="BuiltIn">
<arg>${count}</arg>
<arg>0</arg>
<doc>Fails if objects are unequal after converting them to integers.</doc>
<msg timestamp="20210916 17:47:25.194" level="INFO">Argument types are:
&lt;class 'int'&gt;
&lt;type 'unicode'&gt;</msg>
<msg timestamp="20210916 17:47:25.194" level="FAIL">1 != 0</msg>
<status status="FAIL" starttime="20210916 17:47:25.194" endtime="20210916 17:47:25.194"/>
</kw>
<status status="FAIL" starttime="20210916 17:47:25.091" endtime="20210916 17:47:25.195"/>
</kw>
<kw name="All Messages Are Delivered">
<arg>${PRODUCER_ID}</arg>
<kw name="Flush" library="ConfluentKafkaLibrary">
<var>${count}</var>
<arg>${producer_id}</arg>
<doc>Wait for all messages in the Producer queue to be delivered. Returns the number of messages still in queue.
This is a convenience method that calls poll() until len() is zero or the optional timeout elapses.
- `timeout` (real) : Optional timeout. Default: `0.1`.</doc>
<msg timestamp="20210916 17:47:25.797" level="INFO">${count} = 1</msg>
<status status="PASS" starttime="20210916 17:47:25.696" endtime="20210916 17:47:25.797"/>
</kw>
<kw name="Log" library="BuiltIn">
<arg>Reaming messages to be delivered: ${count}</arg>
<doc>Logs the given message with the given level.</doc>
<msg timestamp="20210916 17:47:25.798" level="INFO">Reaming messages to be delivered: 1</msg>
<status status="PASS" starttime="20210916 17:47:25.797" endtime="20210916 17:47:25.798"/>
</kw>
<kw name="Should Be Equal As Integers" library="BuiltIn">
<arg>${count}</arg>
<arg>0</arg>
<doc>Fails if objects are unequal after converting them to integers.</doc>
<msg timestamp="20210916 17:47:25.798" level="INFO">Argument types are:
&lt;class 'int'&gt;
&lt;type 'unicode'&gt;</msg>
<msg timestamp="20210916 17:47:25.799" level="FAIL">1 != 0</msg>
<status status="FAIL" starttime="20210916 17:47:25.798" endtime="20210916 17:47:25.799"/>
</kw>
<status status="FAIL" starttime="20210916 17:47:25.696" endtime="20210916 17:47:25.799"/>
</kw>
<kw name="All Messages Are Delivered">
<arg>${PRODUCER_ID}</arg>
<kw name="Flush" library="ConfluentKafkaLibrary">
<var>${count}</var>
<arg>${producer_id}</arg>
<doc>Wait for all messages in the Producer queue to be delivered. Returns the number of messages still in queue.
This is a convenience method that calls poll() until len() is zero or the optional timeout elapses.
- `timeout` (real) : Optional timeout. Default: `0.1`.</doc>
<msg timestamp="20210916 17:47:26.301" level="INFO">${count} = 0</msg>
<status status="PASS" starttime="20210916 17:47:26.300" endtime="20210916 17:47:26.301"/>
</kw>
<kw name="Log" library="BuiltIn">
<arg>Reaming messages to be delivered: ${count}</arg>
<doc>Logs the given message with the given level.</doc>
<msg timestamp="20210916 17:47:26.301" level="INFO">Reaming messages to be delivered: 0</msg>
<status status="PASS" starttime="20210916 17:47:26.301" endtime="20210916 17:47:26.301"/>
</kw>
<kw name="Should Be Equal As Integers" library="BuiltIn">
<arg>${count}</arg>
<arg>0</arg>
<doc>Fails if objects are unequal after converting them to integers.</doc>
<msg timestamp="20210916 17:47:26.302" level="INFO">Argument types are:
&lt;class 'int'&gt;
&lt;type 'unicode'&gt;</msg>
<status status="PASS" starttime="20210916 17:47:26.301" endtime="20210916 17:47:26.302"/>
</kw>
<status status="PASS" starttime="20210916 17:47:26.300" endtime="20210916 17:47:26.302"/>
</kw>
<status status="PASS" starttime="20210916 17:47:24.487" endtime="20210916 17:47:26.302"/>
</kw>
<kw name="Create Consumer" library="ConfluentKafkaLibrary">
<var>${group_id}</var>
<arg>auto_offset_reset=earliest</arg>
<doc>Create Kafka Consumer and returns its `group_id` as string.</doc>
<msg timestamp="20210916 17:47:26.303" level="INFO">${group_id} = d9c8c59b-39a9-4a96-a39c-064710848c00</msg>
<status status="PASS" starttime="20210916 17:47:26.302" endtime="20210916 17:47:26.303"/>
</kw>
<kw name="Subscribe Topic" library="ConfluentKafkaLibrary">
<arg>group_id=${group_id}</arg>
<arg>topics=${topic_name}</arg>
<doc>Subscribe to a list of topics, or a topic regex pattern.
   https://docs.confluent.io/current/clients/confluent-kafka-python/#confluent_kafka.Consumer.subscribe</doc>
<status status="PASS" starttime="20210916 17:47:26.303" endtime="20210916 17:47:26.304"/>
</kw>
<kw name="Poll" library="ConfluentKafkaLibrary">
<var>${messages}</var>
<arg>group_id=${group_id}</arg>
<arg>max_records=1</arg>
<doc>Fetch and return messages from assigned topics / partitions as list.
- ``timeout`` (int): Seconds spent waiting in poll if data is not available in the buffer.</doc>
<msg timestamp="20210916 17:47:26.429" level="INFO">${messages} = [None]</msg>
<status status="PASS" starttime="20210916 17:47:26.304" endtime="20210916 17:47:26.429"/>
</kw>
<kw name="Should Be Equal As Strings" library="BuiltIn">
<arg>${messages}</arg>
<arg>[None]</arg>
<doc>Fails if objects are unequal after converting them to strings.</doc>
<msg timestamp="20210916 17:47:26.430" level="INFO">Argument types are:
&lt;class 'list'&gt;
&lt;type 'unicode'&gt;</msg>
<status status="PASS" starttime="20210916 17:47:26.429" endtime="20210916 17:47:26.430"/>
</kw>
<status status="PASS" starttime="20210916 17:47:24.485" endtime="20210916 17:47:26.430"/>
</test>
<test id="s1-s1-t4" name="Verify Position">
<kw name="Create Consumer" library="ConfluentKafkaLibrary">
<var>${group_id}</var>
<doc>Create Kafka Consumer and returns its `group_id` as string.</doc>
<msg timestamp="20210916 17:47:26.432" level="INFO">${group_id} = 55931193-fbf8-421e-b8da-515efbae1bb7</msg>
<status status="PASS" starttime="20210916 17:47:26.431" endtime="20210916 17:47:26.432"/>
</kw>
<kw name="Create Topic Partition" library="ConfluentKafkaLibrary">
<var>${tp}</var>
<arg>${TEST_TOPIC}</arg>
<arg>${P_ID}</arg>
<arg>${OFFSET_END}</arg>
<doc>Returns TopicPartiton object based on
https://docs.confluent.io/current/clients/confluent-kafka-python/#topicpartition</doc>
<msg timestamp="20210916 17:47:26.433" level="INFO">${tp} = TopicPartition{topic=test,partition=0,offset=-1,error=None}</msg>
<status status="PASS" starttime="20210916 17:47:26.432" endtime="20210916 17:47:26.433"/>
</kw>
<kw name="Assign To Topic Partition" library="ConfluentKafkaLibrary">
<arg>${group_id}</arg>
<arg>${tp}</arg>
<doc>Assign a list of TopicPartitions.</doc>
<status status="PASS" starttime="20210916 17:47:26.433" endtime="20210916 17:47:26.434"/>
</kw>
<kw name="Sleep" library="BuiltIn">
<arg>5sec</arg>
<doc>Pauses the test executed for the given time.</doc>
<msg timestamp="20210916 17:47:31.436" level="INFO">Slept 5 seconds</msg>
<status status="PASS" starttime="20210916 17:47:26.436" endtime="20210916 17:47:31.436"/>
</kw>
<kw name="Get Position" library="ConfluentKafkaLibrary">
<var>${position}</var>
<arg>group_id=${group_id}</arg>
<arg>topic_partitions=${tp}</arg>
<doc>Retrieve current positions (offsets) for the list of partitions.</doc>
<msg timestamp="20210916 17:47:31.437" level="INFO">${position} = [TopicPartition{topic=test,partition=0,offset=-1001,error=None}]</msg>
<status status="PASS" starttime="20210916 17:47:31.437" endtime="20210916 17:47:31.437"/>
</kw>
<kw name="Set Variable" library="BuiltIn">
<var>${position_before}</var>
<arg>${position[0].offset}</arg>
<doc>Returns the given values which can then be assigned to a variables.</doc>
<msg timestamp="20210916 17:47:31.438" level="INFO">${position_before} = -1001</msg>
<status status="PASS" starttime="20210916 17:47:31.437" endtime="20210916 17:47:31.438"/>
</kw>
<kw name="Produce" library="ConfluentKafkaLibrary">
<arg>group_id=${PRODUCER_ID}</arg>
<arg>topic=${TEST_TOPIC}</arg>
<arg>value=Dummy</arg>
<arg>partition=${P_ID}</arg>
<doc>Produce message to topic asynchronously to Kafka by encoding with specified or default avro schema.</doc>
<status status="PASS" starttime="20210916 17:47:31.438" endtime="20210916 17:47:31.439"/>
</kw>
<kw name="Wait Until Keyword Succeeds" library="BuiltIn">
<arg>10x</arg>
<arg>0.5s</arg>
<arg>All Messages Are Delivered</arg>
<arg>${PRODUCER_ID}</arg>
<doc>Runs the specified keyword and retries if it fails.</doc>
<kw name="All Messages Are Delivered">
<arg>${PRODUCER_ID}</arg>
<kw name="Flush" library="ConfluentKafkaLibrary">
<var>${count}</var>
<arg>${producer_id}</arg>
<doc>Wait for all messages in the Producer queue to be delivered. Returns the number of messages still in queue.
This is a convenience method that calls poll() until len() is zero or the optional timeout elapses.
- `timeout` (real) : Optional timeout. Default: `0.1`.</doc>
<msg timestamp="20210916 17:47:31.448" level="INFO">${count} = 0</msg>
<status status="PASS" starttime="20210916 17:47:31.440" endtime="20210916 17:47:31.448"/>
</kw>
<kw name="Log" library="BuiltIn">
<arg>Reaming messages to be delivered: ${count}</arg>
<doc>Logs the given message with the given level.</doc>
<msg timestamp="20210916 17:47:31.449" level="INFO">Reaming messages to be delivered: 0</msg>
<status status="PASS" starttime="20210916 17:47:31.448" endtime="20210916 17:47:31.449"/>
</kw>
<kw name="Should Be Equal As Integers" library="BuiltIn">
<arg>${count}</arg>
<arg>0</arg>
<doc>Fails if objects are unequal after converting them to integers.</doc>
<msg timestamp="20210916 17:47:31.449" level="INFO">Argument types are:
&lt;class 'int'&gt;
&lt;type 'unicode'&gt;</msg>
<status status="PASS" starttime="20210916 17:47:31.449" endtime="20210916 17:47:31.449"/>
</kw>
<status status="PASS" starttime="20210916 17:47:31.440" endtime="20210916 17:47:31.449"/>
</kw>
<status status="PASS" starttime="20210916 17:47:31.439" endtime="20210916 17:47:31.449"/>
</kw>
<kw name="Get Position" library="ConfluentKafkaLibrary">
<var>${position}</var>
<arg>group_id=${group_id}</arg>
<arg>topic_partitions=${tp}</arg>
<doc>Retrieve current positions (offsets) for the list of partitions.</doc>
<msg timestamp="20210916 17:47:31.450" level="INFO">${position} = [TopicPartition{topic=test,partition=0,offset=-1001,error=None}]</msg>
<status status="PASS" starttime="20210916 17:47:31.449" endtime="20210916 17:47:31.450"/>
</kw>
<kw name="Set Variable" library="BuiltIn">
<var>${position_after_produce}</var>
<arg>${position[0].offset}</arg>
<doc>Returns the given values which can then be assigned to a variables.</doc>
<msg timestamp="20210916 17:47:31.451" level="INFO">${position_after_produce} = -1001</msg>
<status status="PASS" starttime="20210916 17:47:31.450" endtime="20210916 17:47:31.451"/>
</kw>
<kw name="Should Be Equal As Integers" library="BuiltIn">
<arg>${position_before}</arg>
<arg>${position_after_produce}</arg>
<doc>Fails if objects are unequal after converting them to integers.</doc>
<status status="PASS" starttime="20210916 17:47:31.451" endtime="20210916 17:47:31.452"/>
</kw>
<kw name="Poll" library="ConfluentKafkaLibrary">
<var>${messages}</var>
<arg>group_id=${group_id}</arg>
<arg>max_records=1</arg>
<arg>decode_format=utf8</arg>
<doc>Fetch and return messages from assigned topics / partitions as list.
- ``timeout`` (int): Seconds spent waiting in poll if data is not available in the buffer.</doc>
<msg timestamp="20210916 17:47:31.452" level="INFO">${messages} = ['Dummy']</msg>
<status status="PASS" starttime="20210916 17:47:31.452" endtime="20210916 17:47:31.452"/>
</kw>
<kw name="Get Position" library="ConfluentKafkaLibrary">
<var>${position}</var>
<arg>group_id=${group_id}</arg>
<arg>topic_partitions=${tp}</arg>
<doc>Retrieve current positions (offsets) for the list of partitions.</doc>
<msg timestamp="20210916 17:47:31.453" level="INFO">${position} = [TopicPartition{topic=test,partition=0,offset=7,error=None}]</msg>
<status status="PASS" starttime="20210916 17:47:31.452" endtime="20210916 17:47:31.453"/>
</kw>
<kw name="Set Variable" library="BuiltIn">
<var>${position_after_poll_1}</var>
<arg>${position[0].offset}</arg>
<doc>Returns the given values which can then be assigned to a variables.</doc>
<msg timestamp="20210916 17:47:31.454" level="INFO">${position_after_poll_1} = 7</msg>
<status status="PASS" starttime="20210916 17:47:31.453" endtime="20210916 17:47:31.454"/>
</kw>
<kw name="Should Not Be Equal As Integers" library="BuiltIn">
<arg>${position_after_poll_1}</arg>
<arg>${position_after_produce}</arg>
<doc>Fails if objects are equal after converting them to integers.</doc>
<status status="PASS" starttime="20210916 17:47:31.454" endtime="20210916 17:47:31.454"/>
</kw>
<kw name="Produce" library="ConfluentKafkaLibrary">
<arg>group_id=${PRODUCER_ID}</arg>
<arg>topic=${TEST_TOPIC}</arg>
<arg>value=Dummy</arg>
<arg>partition=${P_ID}</arg>
<doc>Produce message to topic asynchronously to Kafka by encoding with specified or default avro schema.</doc>
<status status="PASS" starttime="20210916 17:47:31.455" endtime="20210916 17:47:31.455"/>
</kw>
<kw name="Wait Until Keyword Succeeds" library="BuiltIn">
<arg>10x</arg>
<arg>0.5s</arg>
<arg>All Messages Are Delivered</arg>
<arg>${PRODUCER_ID}</arg>
<doc>Runs the specified keyword and retries if it fails.</doc>
<kw name="All Messages Are Delivered">
<arg>${PRODUCER_ID}</arg>
<kw name="Flush" library="ConfluentKafkaLibrary">
<var>${count}</var>
<arg>${producer_id}</arg>
<doc>Wait for all messages in the Producer queue to be delivered. Returns the number of messages still in queue.
This is a convenience method that calls poll() until len() is zero or the optional timeout elapses.
- `timeout` (real) : Optional timeout. Default: `0.1`.</doc>
<msg timestamp="20210916 17:47:31.464" level="INFO">${count} = 0</msg>
<status status="PASS" starttime="20210916 17:47:31.456" endtime="20210916 17:47:31.464"/>
</kw>
<kw name="Log" library="BuiltIn">
<arg>Reaming messages to be delivered: ${count}</arg>
<doc>Logs the given message with the given level.</doc>
<msg timestamp="20210916 17:47:31.465" level="INFO">Reaming messages to be delivered: 0</msg>
<status status="PASS" starttime="20210916 17:47:31.464" endtime="20210916 17:47:31.465"/>
</kw>
<kw name="Should Be Equal As Integers" library="BuiltIn">
<arg>${count}</arg>
<arg>0</arg>
<doc>Fails if objects are unequal after converting them to integers.</doc>
<msg timestamp="20210916 17:47:31.465" level="INFO">Argument types are:
&lt;class 'int'&gt;
&lt;type 'unicode'&gt;</msg>
<status status="PASS" starttime="20210916 17:47:31.465" endtime="20210916 17:47:31.465"/>
</kw>
<status status="PASS" starttime="20210916 17:47:31.456" endtime="20210916 17:47:31.465"/>
</kw>
<status status="PASS" starttime="20210916 17:47:31.455" endtime="20210916 17:47:31.466"/>
</kw>
<kw name="Poll" library="ConfluentKafkaLibrary">
<var>${messages}</var>
<arg>group_id=${group_id}</arg>
<arg>max_records=1</arg>
<arg>decode_format=utf8</arg>
<doc>Fetch and return messages from assigned topics / partitions as list.
- ``timeout`` (int): Seconds spent waiting in poll if data is not available in the buffer.</doc>
<msg timestamp="20210916 17:47:31.466" level="INFO">${messages} = ['Dummy']</msg>
<status status="PASS" starttime="20210916 17:47:31.466" endtime="20210916 17:47:31.466"/>
</kw>
<kw name="Get Position" library="ConfluentKafkaLibrary">
<var>${position}</var>
<arg>group_id=${group_id}</arg>
<arg>topic_partitions=${tp}</arg>
<doc>Retrieve current positions (offsets) for the list of partitions.</doc>
<msg timestamp="20210916 17:47:31.467" level="INFO">${position} = [TopicPartition{topic=test,partition=0,offset=8,error=None}]</msg>
<status status="PASS" starttime="20210916 17:47:31.466" endtime="20210916 17:47:31.467"/>
</kw>
<kw name="Set Variable" library="BuiltIn">
<var>${position_after_poll_2}</var>
<arg>${position[0].offset}</arg>
<doc>Returns the given values which can then be assigned to a variables.</doc>
<msg timestamp="20210916 17:47:31.468" level="INFO">${position_after_poll_2} = 8</msg>
<status status="PASS" starttime="20210916 17:47:31.467" endtime="20210916 17:47:31.468"/>
</kw>
<kw name="Should Be Equal As Integers" library="BuiltIn">
<arg>${position_after_poll_1 + 1}</arg>
<arg>${position_after_poll_2}</arg>
<doc>Fails if objects are unequal after converting them to integers.</doc>
<status status="PASS" starttime="20210916 17:47:31.468" endtime="20210916 17:47:31.469"/>
</kw>
<kw name="Basic Teardown" type="TEARDOWN">
<arg>${group_id}</arg>
<kw name="Unsubscribe" library="ConfluentKafkaLibrary">
<arg>${group_id}</arg>
<doc>Unsubscribe of topics.</doc>
<status status="PASS" starttime="20210916 17:47:31.470" endtime="20210916 17:47:31.470"/>
</kw>
<kw name="Close Consumer" library="ConfluentKafkaLibrary">
<arg>${group_id}</arg>
<doc>Close down and terminate the Kafka Consumer.</doc>
<status status="PASS" starttime="20210916 17:47:31.470" endtime="20210916 17:47:31.474"/>
</kw>
<status status="PASS" starttime="20210916 17:47:31.469" endtime="20210916 17:47:31.475"/>
</kw>
<status status="PASS" starttime="20210916 17:47:26.430" endtime="20210916 17:47:31.475"/>
</test>
<test id="s1-s1-t5" name="Consumer With Assignment To Last Message After Get Of Watermark Offsets">
<kw name="Create Consumer" library="ConfluentKafkaLibrary">
<var>${group_id}</var>
<doc>Create Kafka Consumer and returns its `group_id` as string.</doc>
<msg timestamp="20210916 17:47:31.476" level="INFO">${group_id} = c6c075c6-c4b4-4dee-b3fb-b8e15da8678a</msg>
<status status="PASS" starttime="20210916 17:47:31.475" endtime="20210916 17:47:31.476"/>
</kw>
<kw name="Create Topic Partition" library="ConfluentKafkaLibrary">
<var>${tp}</var>
<arg>${TEST_TOPIC}</arg>
<arg>${P_ID}</arg>
<doc>Returns TopicPartiton object based on
https://docs.confluent.io/current/clients/confluent-kafka-python/#topicpartition</doc>
<msg timestamp="20210916 17:47:31.477" level="INFO">${tp} = TopicPartition{topic=test,partition=0,offset=-1001,error=None}</msg>
<status status="PASS" starttime="20210916 17:47:31.476" endtime="20210916 17:47:31.477"/>
</kw>
<kw name="Get Watermark Offsets" library="ConfluentKafkaLibrary">
<var>${offset}</var>
<arg>${group_id}</arg>
<arg>${tp}</arg>
<doc>Retrieve low and high offsets for partition.</doc>
<msg timestamp="20210916 17:47:31.983" level="INFO">${offset} = (0, 8)</msg>
<status status="PASS" starttime="20210916 17:47:31.477" endtime="20210916 17:47:31.984"/>
</kw>
<kw name="Create Topic Partition" library="ConfluentKafkaLibrary">
<var>${tp}</var>
<arg>${TEST_TOPIC}</arg>
<arg>${P_ID}</arg>
<arg>${offset[1]}</arg>
<doc>Returns TopicPartiton object based on
https://docs.confluent.io/current/clients/confluent-kafka-python/#topicpartition</doc>
<msg timestamp="20210916 17:47:31.985" level="INFO">${tp} = TopicPartition{topic=test,partition=0,offset=8,error=None}</msg>
<status status="PASS" starttime="20210916 17:47:31.984" endtime="20210916 17:47:31.985"/>
</kw>
<kw name="Assign To Topic Partition" library="ConfluentKafkaLibrary">
<arg>${group_id}</arg>
<arg>${tp}</arg>
<doc>Assign a list of TopicPartitions.</doc>
<status status="PASS" starttime="20210916 17:47:31.985" endtime="20210916 17:47:31.986"/>
</kw>
<kw name="Prepare Data">
<kw name="Produce" library="ConfluentKafkaLibrary">
<arg>group_id=${PRODUCER_ID}</arg>
<arg>topic=${TEST_TOPIC}</arg>
<arg>value=Hello</arg>
<arg>partition=${P_ID}</arg>
<doc>Produce message to topic asynchronously to Kafka by encoding with specified or default avro schema.</doc>
<status status="PASS" starttime="20210916 17:47:31.986" endtime="20210916 17:47:31.987"/>
</kw>
<kw name="Produce" library="ConfluentKafkaLibrary">
<arg>group_id=${PRODUCER_ID}</arg>
<arg>topic=${TEST_TOPIC}</arg>
<arg>value=World</arg>
<arg>partition=${P_ID}</arg>
<doc>Produce message to topic asynchronously to Kafka by encoding with specified or default avro schema.</doc>
<status status="PASS" starttime="20210916 17:47:31.987" endtime="20210916 17:47:31.988"/>
</kw>
<kw name="Produce" library="ConfluentKafkaLibrary">
<arg>group_id=${PRODUCER_ID}</arg>
<arg>topic=${TEST_TOPIC}</arg>
<arg>value={'test': 1}</arg>
<arg>partition=${P_ID}</arg>
<doc>Produce message to topic asynchronously to Kafka by encoding with specified or default avro schema.</doc>
<status status="PASS" starttime="20210916 17:47:31.988" endtime="20210916 17:47:31.989"/>
</kw>
<kw name="Produce" library="ConfluentKafkaLibrary">
<arg>group_id=${PRODUCER_ID}</arg>
<arg>topic=${TEST_TOPIC}</arg>
<arg>value={'test': 2}</arg>
<arg>partition=${P_ID}</arg>
<doc>Produce message to topic asynchronously to Kafka by encoding with specified or default avro schema.</doc>
<status status="PASS" starttime="20210916 17:47:31.989" endtime="20210916 17:47:31.989"/>
</kw>
<kw name="Produce" library="ConfluentKafkaLibrary">
<arg>group_id=${PRODUCER_ID}</arg>
<arg>topic=${TEST_TOPIC}</arg>
<arg>value={'test': 3}</arg>
<arg>partition=${P_ID}</arg>
<doc>Produce message to topic asynchronously to Kafka by encoding with specified or default avro schema.</doc>
<status status="PASS" starttime="20210916 17:47:31.989" endtime="20210916 17:47:31.990"/>
</kw>
<kw name="Produce" library="ConfluentKafkaLibrary">
<arg>group_id=${PRODUCER_ID}</arg>
<arg>topic=${TEST_TOPIC}</arg>
<arg>value={'test': 4}</arg>
<arg>partition=${P_ID}</arg>
<doc>Produce message to topic asynchronously to Kafka by encoding with specified or default avro schema.</doc>
<status status="PASS" starttime="20210916 17:47:31.990" endtime="20210916 17:47:31.991"/>
</kw>
<kw name="Wait Until Keyword Succeeds" library="BuiltIn">
<arg>10x</arg>
<arg>0.5s</arg>
<arg>All Messages Are Delivered</arg>
<arg>${PRODUCER_ID}</arg>
<doc>Runs the specified keyword and retries if it fails.</doc>
<kw name="All Messages Are Delivered">
<arg>${PRODUCER_ID}</arg>
<kw name="Flush" library="ConfluentKafkaLibrary">
<var>${count}</var>
<arg>${producer_id}</arg>
<doc>Wait for all messages in the Producer queue to be delivered. Returns the number of messages still in queue.
This is a convenience method that calls poll() until len() is zero or the optional timeout elapses.
- `timeout` (real) : Optional timeout. Default: `0.1`.</doc>
<msg timestamp="20210916 17:47:31.996" level="INFO">${count} = 0</msg>
<status status="PASS" starttime="20210916 17:47:31.992" endtime="20210916 17:47:31.996"/>
</kw>
<kw name="Log" library="BuiltIn">
<arg>Reaming messages to be delivered: ${count}</arg>
<doc>Logs the given message with the given level.</doc>
<msg timestamp="20210916 17:47:31.996" level="INFO">Reaming messages to be delivered: 0</msg>
<status status="PASS" starttime="20210916 17:47:31.996" endtime="20210916 17:47:31.996"/>
</kw>
<kw name="Should Be Equal As Integers" library="BuiltIn">
<arg>${count}</arg>
<arg>0</arg>
<doc>Fails if objects are unequal after converting them to integers.</doc>
<msg timestamp="20210916 17:47:31.997" level="INFO">Argument types are:
&lt;class 'int'&gt;
&lt;type 'unicode'&gt;</msg>
<status status="PASS" starttime="20210916 17:47:31.996" endtime="20210916 17:47:31.997"/>
</kw>
<status status="PASS" starttime="20210916 17:47:31.991" endtime="20210916 17:47:31.997"/>
</kw>
<status status="PASS" starttime="20210916 17:47:31.991" endtime="20210916 17:47:31.997"/>
</kw>
<kw name="Sleep" library="BuiltIn">
<arg>1sec</arg>
<doc>Pauses the test executed for the given time.</doc>
<msg timestamp="20210916 17:47:32.998" level="INFO">Slept 1 second</msg>
<status status="PASS" starttime="20210916 17:47:31.997" endtime="20210916 17:47:32.998"/>
</kw>
<status status="PASS" starttime="20210916 17:47:31.986" endtime="20210916 17:47:32.998"/>
</kw>
<kw name="Poll" library="ConfluentKafkaLibrary">
<var>${messages}</var>
<arg>group_id=${group_id}</arg>
<arg>max_records=6</arg>
<arg>decode_format=utf8</arg>
<doc>Fetch and return messages from assigned topics / partitions as list.
- ``timeout`` (int): Seconds spent waiting in poll if data is not available in the buffer.</doc>
<msg timestamp="20210916 17:47:32.999" level="INFO">${messages} = ['Hello', 'World', "{'test': 1}", "{'test': 2}", "{'test': 3}", "{'test': 4}"]</msg>
<status status="PASS" starttime="20210916 17:47:32.998" endtime="20210916 17:47:32.999"/>
</kw>
<kw name="Lists Should Be Equal" library="Collections">
<arg>${TEST_DATA}</arg>
<arg>${messages}</arg>
<doc>Fails if given lists are unequal.</doc>
<status status="PASS" starttime="20210916 17:47:32.999" endtime="20210916 17:47:32.999"/>
</kw>
<kw name="Basic Teardown" type="TEARDOWN">
<arg>${group_id}</arg>
<kw name="Unsubscribe" library="ConfluentKafkaLibrary">
<arg>${group_id}</arg>
<doc>Unsubscribe of topics.</doc>
<status status="PASS" starttime="20210916 17:47:33.002" endtime="20210916 17:47:33.002"/>
</kw>
<kw name="Close Consumer" library="ConfluentKafkaLibrary">
<arg>${group_id}</arg>
<doc>Close down and terminate the Kafka Consumer.</doc>
<status status="PASS" starttime="20210916 17:47:33.002" endtime="20210916 17:47:33.006"/>
</kw>
<status status="PASS" starttime="20210916 17:47:33.000" endtime="20210916 17:47:33.006"/>
</kw>
<status status="PASS" starttime="20210916 17:47:31.475" endtime="20210916 17:47:33.006"/>
</test>
<test id="s1-s1-t6" name="Consumer With Assignment To OFFSET_END">
<kw name="Create Consumer" library="ConfluentKafkaLibrary">
<var>${group_id}</var>
<doc>Create Kafka Consumer and returns its `group_id` as string.</doc>
<msg timestamp="20210916 17:47:33.008" level="INFO">${group_id} = a0b110d5-2069-42ff-b6c0-2b8b1a47d9c3</msg>
<status status="PASS" starttime="20210916 17:47:33.007" endtime="20210916 17:47:33.008"/>
</kw>
<kw name="Create Topic Partition" library="ConfluentKafkaLibrary">
<var>${tp}</var>
<arg>${TEST_TOPIC}</arg>
<arg>${P_ID}</arg>
<arg>${OFFSET_END}</arg>
<doc>Returns TopicPartiton object based on
https://docs.confluent.io/current/clients/confluent-kafka-python/#topicpartition</doc>
<msg timestamp="20210916 17:47:33.009" level="INFO">${tp} = TopicPartition{topic=test,partition=0,offset=-1,error=None}</msg>
<status status="PASS" starttime="20210916 17:47:33.009" endtime="20210916 17:47:33.009"/>
</kw>
<kw name="Assign To Topic Partition" library="ConfluentKafkaLibrary">
<arg>${group_id}</arg>
<arg>${tp}</arg>
<doc>Assign a list of TopicPartitions.</doc>
<status status="PASS" starttime="20210916 17:47:33.009" endtime="20210916 17:47:33.010"/>
</kw>
<kw name="Sleep" library="BuiltIn">
<arg>5sec</arg>
<doc>Pauses the test executed for the given time.</doc>
<msg timestamp="20210916 17:47:38.010" level="INFO">Slept 5 seconds</msg>
<status status="PASS" starttime="20210916 17:47:33.010" endtime="20210916 17:47:38.010"/>
</kw>
<kw name="Prepare Data">
<kw name="Produce" library="ConfluentKafkaLibrary">
<arg>group_id=${PRODUCER_ID}</arg>
<arg>topic=${TEST_TOPIC}</arg>
<arg>value=Hello</arg>
<arg>partition=${P_ID}</arg>
<doc>Produce message to topic asynchronously to Kafka by encoding with specified or default avro schema.</doc>
<status status="PASS" starttime="20210916 17:47:38.011" endtime="20210916 17:47:38.012"/>
</kw>
<kw name="Produce" library="ConfluentKafkaLibrary">
<arg>group_id=${PRODUCER_ID}</arg>
<arg>topic=${TEST_TOPIC}</arg>
<arg>value=World</arg>
<arg>partition=${P_ID}</arg>
<doc>Produce message to topic asynchronously to Kafka by encoding with specified or default avro schema.</doc>
<status status="PASS" starttime="20210916 17:47:38.012" endtime="20210916 17:47:38.013"/>
</kw>
<kw name="Produce" library="ConfluentKafkaLibrary">
<arg>group_id=${PRODUCER_ID}</arg>
<arg>topic=${TEST_TOPIC}</arg>
<arg>value={'test': 1}</arg>
<arg>partition=${P_ID}</arg>
<doc>Produce message to topic asynchronously to Kafka by encoding with specified or default avro schema.</doc>
<status status="PASS" starttime="20210916 17:47:38.013" endtime="20210916 17:47:38.013"/>
</kw>
<kw name="Produce" library="ConfluentKafkaLibrary">
<arg>group_id=${PRODUCER_ID}</arg>
<arg>topic=${TEST_TOPIC}</arg>
<arg>value={'test': 2}</arg>
<arg>partition=${P_ID}</arg>
<doc>Produce message to topic asynchronously to Kafka by encoding with specified or default avro schema.</doc>
<status status="PASS" starttime="20210916 17:47:38.013" endtime="20210916 17:47:38.014"/>
</kw>
<kw name="Produce" library="ConfluentKafkaLibrary">
<arg>group_id=${PRODUCER_ID}</arg>
<arg>topic=${TEST_TOPIC}</arg>
<arg>value={'test': 3}</arg>
<arg>partition=${P_ID}</arg>
<doc>Produce message to topic asynchronously to Kafka by encoding with specified or default avro schema.</doc>
<status status="PASS" starttime="20210916 17:47:38.014" endtime="20210916 17:47:38.015"/>
</kw>
<kw name="Produce" library="ConfluentKafkaLibrary">
<arg>group_id=${PRODUCER_ID}</arg>
<arg>topic=${TEST_TOPIC}</arg>
<arg>value={'test': 4}</arg>
<arg>partition=${P_ID}</arg>
<doc>Produce message to topic asynchronously to Kafka by encoding with specified or default avro schema.</doc>
<status status="PASS" starttime="20210916 17:47:38.015" endtime="20210916 17:47:38.016"/>
</kw>
<kw name="Wait Until Keyword Succeeds" library="BuiltIn">
<arg>10x</arg>
<arg>0.5s</arg>
<arg>All Messages Are Delivered</arg>
<arg>${PRODUCER_ID}</arg>
<doc>Runs the specified keyword and retries if it fails.</doc>
<kw name="All Messages Are Delivered">
<arg>${PRODUCER_ID}</arg>
<kw name="Flush" library="ConfluentKafkaLibrary">
<var>${count}</var>
<arg>${producer_id}</arg>
<doc>Wait for all messages in the Producer queue to be delivered. Returns the number of messages still in queue.
This is a convenience method that calls poll() until len() is zero or the optional timeout elapses.
- `timeout` (real) : Optional timeout. Default: `0.1`.</doc>
<msg timestamp="20210916 17:47:38.022" level="INFO">${count} = 0</msg>
<status status="PASS" starttime="20210916 17:47:38.017" endtime="20210916 17:47:38.022"/>
</kw>
<kw name="Log" library="BuiltIn">
<arg>Reaming messages to be delivered: ${count}</arg>
<doc>Logs the given message with the given level.</doc>
<msg timestamp="20210916 17:47:38.023" level="INFO">Reaming messages to be delivered: 0</msg>
<status status="PASS" starttime="20210916 17:47:38.022" endtime="20210916 17:47:38.023"/>
</kw>
<kw name="Should Be Equal As Integers" library="BuiltIn">
<arg>${count}</arg>
<arg>0</arg>
<doc>Fails if objects are unequal after converting them to integers.</doc>
<msg timestamp="20210916 17:47:38.023" level="INFO">Argument types are:
&lt;class 'int'&gt;
&lt;type 'unicode'&gt;</msg>
<status status="PASS" starttime="20210916 17:47:38.023" endtime="20210916 17:47:38.023"/>
</kw>
<status status="PASS" starttime="20210916 17:47:38.016" endtime="20210916 17:47:38.023"/>
</kw>
<status status="PASS" starttime="20210916 17:47:38.016" endtime="20210916 17:47:38.024"/>
</kw>
<kw name="Sleep" library="BuiltIn">
<arg>1sec</arg>
<doc>Pauses the test executed for the given time.</doc>
<msg timestamp="20210916 17:47:39.024" level="INFO">Slept 1 second</msg>
<status status="PASS" starttime="20210916 17:47:38.024" endtime="20210916 17:47:39.024"/>
</kw>
<status status="PASS" starttime="20210916 17:47:38.011" endtime="20210916 17:47:39.025"/>
</kw>
<kw name="Poll" library="ConfluentKafkaLibrary">
<var>${messages}</var>
<arg>group_id=${group_id}</arg>
<arg>poll_attempts=30</arg>
<arg>max_records=6</arg>
<arg>timeout=5</arg>
<arg>decode_format=utf8</arg>
<doc>Fetch and return messages from assigned topics / partitions as list.
- ``timeout`` (int): Seconds spent waiting in poll if data is not available in the buffer.</doc>
<msg timestamp="20210916 17:47:39.025" level="INFO">${messages} = ['Hello', 'World', "{'test': 1}", "{'test': 2}", "{'test': 3}", "{'test': 4}"]</msg>
<status status="PASS" starttime="20210916 17:47:39.025" endtime="20210916 17:47:39.025"/>
</kw>
<kw name="Lists Should Be Equal" library="Collections">
<arg>${TEST_DATA}</arg>
<arg>${messages}</arg>
<doc>Fails if given lists are unequal.</doc>
<status status="PASS" starttime="20210916 17:47:39.026" endtime="20210916 17:47:39.026"/>
</kw>
<kw name="Unassign Teardown" type="TEARDOWN">
<arg>${group_id}</arg>
<kw name="Unassign" library="ConfluentKafkaLibrary">
<arg>${group_id}</arg>
<status status="PASS" starttime="20210916 17:47:39.027" endtime="20210916 17:47:39.027"/>
</kw>
<kw name="Close Consumer" library="ConfluentKafkaLibrary">
<arg>${group_id}</arg>
<doc>Close down and terminate the Kafka Consumer.</doc>
<status status="PASS" starttime="20210916 17:47:39.027" endtime="20210916 17:47:39.030"/>
</kw>
<status status="PASS" starttime="20210916 17:47:39.026" endtime="20210916 17:47:39.030"/>
</kw>
<status status="PASS" starttime="20210916 17:47:33.007" endtime="20210916 17:47:39.030"/>
</test>
<test id="s1-s1-t7" name="Verify Test And Threaded Consumer">
<kw name="Clear Messages From Thread" library="ConfluentKafkaLibrary" type="SETUP">
<arg>${MAIN_THREAD}</arg>
<doc>Remove all records gathered from specific thread
- ``running_thread`` (Thread object) - thread which was executed with
    `Start Consumer Threaded` keyword</doc>
<status status="PASS" starttime="20210916 17:47:39.031" endtime="20210916 17:47:39.031"/>
</kw>
<kw name="Create Consumer" library="ConfluentKafkaLibrary">
<var>${group_id}</var>
<doc>Create Kafka Consumer and returns its `group_id` as string.</doc>
<msg timestamp="20210916 17:47:39.032" level="INFO">${group_id} = 52447fa4-16e7-4a5a-bbbf-dd05e7cfa7d3</msg>
<status status="PASS" starttime="20210916 17:47:39.031" endtime="20210916 17:47:39.032"/>
</kw>
<kw name="Subscribe Topic" library="ConfluentKafkaLibrary">
<arg>group_id=${group_id}</arg>
<arg>topics=${TEST_TOPIC}</arg>
<doc>Subscribe to a list of topics, or a topic regex pattern.
   https://docs.confluent.io/current/clients/confluent-kafka-python/#confluent_kafka.Consumer.subscribe</doc>
<status status="PASS" starttime="20210916 17:47:39.032" endtime="20210916 17:47:39.033"/>
</kw>
<kw name="Poll" library="ConfluentKafkaLibrary">
<var>${messages}</var>
<arg>group_id=${group_id}</arg>
<doc>Fetch and return messages from assigned topics / partitions as list.
- ``timeout`` (int): Seconds spent waiting in poll if data is not available in the buffer.</doc>
<msg timestamp="20210916 17:47:49.035" level="INFO">${messages} = []</msg>
<status status="PASS" starttime="20210916 17:47:39.033" endtime="20210916 17:47:49.035"/>
</kw>
<kw name="Prepare Data">
<kw name="Produce" library="ConfluentKafkaLibrary">
<arg>group_id=${PRODUCER_ID}</arg>
<arg>topic=${TEST_TOPIC}</arg>
<arg>value=Hello</arg>
<arg>partition=${P_ID}</arg>
<doc>Produce message to topic asynchronously to Kafka by encoding with specified or default avro schema.</doc>
<status status="PASS" starttime="20210916 17:47:49.036" endtime="20210916 17:47:49.036"/>
</kw>
<kw name="Produce" library="ConfluentKafkaLibrary">
<arg>group_id=${PRODUCER_ID}</arg>
<arg>topic=${TEST_TOPIC}</arg>
<arg>value=World</arg>
<arg>partition=${P_ID}</arg>
<doc>Produce message to topic asynchronously to Kafka by encoding with specified or default avro schema.</doc>
<status status="PASS" starttime="20210916 17:47:49.036" endtime="20210916 17:47:49.037"/>
</kw>
<kw name="Produce" library="ConfluentKafkaLibrary">
<arg>group_id=${PRODUCER_ID}</arg>
<arg>topic=${TEST_TOPIC}</arg>
<arg>value={'test': 1}</arg>
<arg>partition=${P_ID}</arg>
<doc>Produce message to topic asynchronously to Kafka by encoding with specified or default avro schema.</doc>
<status status="PASS" starttime="20210916 17:47:49.037" endtime="20210916 17:47:49.038"/>
</kw>
<kw name="Produce" library="ConfluentKafkaLibrary">
<arg>group_id=${PRODUCER_ID}</arg>
<arg>topic=${TEST_TOPIC}</arg>
<arg>value={'test': 2}</arg>
<arg>partition=${P_ID}</arg>
<doc>Produce message to topic asynchronously to Kafka by encoding with specified or default avro schema.</doc>
<status status="PASS" starttime="20210916 17:47:49.038" endtime="20210916 17:47:49.038"/>
</kw>
<kw name="Produce" library="ConfluentKafkaLibrary">
<arg>group_id=${PRODUCER_ID}</arg>
<arg>topic=${TEST_TOPIC}</arg>
<arg>value={'test': 3}</arg>
<arg>partition=${P_ID}</arg>
<doc>Produce message to topic asynchronously to Kafka by encoding with specified or default avro schema.</doc>
<status status="PASS" starttime="20210916 17:47:49.039" endtime="20210916 17:47:49.039"/>
</kw>
<kw name="Produce" library="ConfluentKafkaLibrary">
<arg>group_id=${PRODUCER_ID}</arg>
<arg>topic=${TEST_TOPIC}</arg>
<arg>value={'test': 4}</arg>
<arg>partition=${P_ID}</arg>
<doc>Produce message to topic asynchronously to Kafka by encoding with specified or default avro schema.</doc>
<status status="PASS" starttime="20210916 17:47:49.039" endtime="20210916 17:47:49.040"/>
</kw>
<kw name="Wait Until Keyword Succeeds" library="BuiltIn">
<arg>10x</arg>
<arg>0.5s</arg>
<arg>All Messages Are Delivered</arg>
<arg>${PRODUCER_ID}</arg>
<doc>Runs the specified keyword and retries if it fails.</doc>
<kw name="All Messages Are Delivered">
<arg>${PRODUCER_ID}</arg>
<kw name="Flush" library="ConfluentKafkaLibrary">
<var>${count}</var>
<arg>${producer_id}</arg>
<doc>Wait for all messages in the Producer queue to be delivered. Returns the number of messages still in queue.
This is a convenience method that calls poll() until len() is zero or the optional timeout elapses.
- `timeout` (real) : Optional timeout. Default: `0.1`.</doc>
<msg timestamp="20210916 17:47:49.046" level="INFO">${count} = 0</msg>
<status status="PASS" starttime="20210916 17:47:49.041" endtime="20210916 17:47:49.046"/>
</kw>
<kw name="Log" library="BuiltIn">
<arg>Reaming messages to be delivered: ${count}</arg>
<doc>Logs the given message with the given level.</doc>
<msg timestamp="20210916 17:47:49.047" level="INFO">Reaming messages to be delivered: 0</msg>
<status status="PASS" starttime="20210916 17:47:49.046" endtime="20210916 17:47:49.047"/>
</kw>
<kw name="Should Be Equal As Integers" library="BuiltIn">
<arg>${count}</arg>
<arg>0</arg>
<doc>Fails if objects are unequal after converting them to integers.</doc>
<msg timestamp="20210916 17:47:49.047" level="INFO">Argument types are:
&lt;class 'int'&gt;
&lt;type 'unicode'&gt;</msg>
<status status="PASS" starttime="20210916 17:47:49.047" endtime="20210916 17:47:49.047"/>
</kw>
<status status="PASS" starttime="20210916 17:47:49.040" endtime="20210916 17:47:49.047"/>
</kw>
<status status="PASS" starttime="20210916 17:47:49.040" endtime="20210916 17:47:49.047"/>
</kw>
<kw name="Sleep" library="BuiltIn">
<arg>1sec</arg>
<doc>Pauses the test executed for the given time.</doc>
<msg timestamp="20210916 17:47:50.048" level="INFO">Slept 1 second</msg>
<status status="PASS" starttime="20210916 17:47:49.047" endtime="20210916 17:47:50.048"/>
</kw>
<status status="PASS" starttime="20210916 17:47:49.035" endtime="20210916 17:47:50.049"/>
</kw>
<kw name="Get Messages From Thread" library="ConfluentKafkaLibrary">
<var>${thread_messages}</var>
<arg>${MAIN_THREAD}</arg>
<arg>decode_format=utf-8</arg>
<doc>Returns all records gathered from specific thread
- ``running_thread`` (Thread object) - thread which was executed with
    `Start Consumer Threaded` keyword
- ``decode_format`` (str) - If you need to decode data to specific format
    (See https://docs.python.org/3/library/codecs.html#standard-encodings). Default: None.</doc>
<msg timestamp="20210916 17:47:50.049" level="INFO">${thread_messages} = ['Hello', 'World', "{'test': 1}", "{'test': 2}", "{'test': 3}", "{'test': 4}"]</msg>
<status status="PASS" starttime="20210916 17:47:50.049" endtime="20210916 17:47:50.049"/>
</kw>
<kw name="Poll" library="ConfluentKafkaLibrary">
<var>${messages}</var>
<arg>group_id=${group_id}</arg>
<arg>max_records=6</arg>
<arg>decode_format=utf8</arg>
<doc>Fetch and return messages from assigned topics / partitions as list.
- ``timeout`` (int): Seconds spent waiting in poll if data is not available in the buffer.</doc>
<msg timestamp="20210916 17:47:50.050" level="INFO">${messages} = ['Hello', 'World', "{'test': 1}", "{'test': 2}", "{'test': 3}", "{'test': 4}"]</msg>
<status status="PASS" starttime="20210916 17:47:50.050" endtime="20210916 17:47:50.050"/>
</kw>
<kw name="Lists Should Be Equal" library="Collections">
<arg>${thread_messages}</arg>
<arg>${messages}</arg>
<doc>Fails if given lists are unequal.</doc>
<status status="PASS" starttime="20210916 17:47:50.050" endtime="20210916 17:47:50.051"/>
</kw>
<kw name="Run Keywords" library="BuiltIn" type="TEARDOWN">
<arg>Basic Teardown</arg>
<arg>${group_id}</arg>
<arg>AND</arg>
<arg>Clear Messages From Thread</arg>
<arg>${MAIN_THREAD}</arg>
<doc>Executes all the given keywords in a sequence.</doc>
<kw name="Basic Teardown">
<arg>${group_id}</arg>
<kw name="Unsubscribe" library="ConfluentKafkaLibrary">
<arg>${group_id}</arg>
<doc>Unsubscribe of topics.</doc>
<status status="PASS" starttime="20210916 17:47:50.052" endtime="20210916 17:47:50.052"/>
</kw>
<kw name="Close Consumer" library="ConfluentKafkaLibrary">
<arg>${group_id}</arg>
<doc>Close down and terminate the Kafka Consumer.</doc>
<status status="PASS" starttime="20210916 17:47:50.052" endtime="20210916 17:47:50.058"/>
</kw>
<status status="PASS" starttime="20210916 17:47:50.051" endtime="20210916 17:47:50.058"/>
</kw>
<kw name="Clear Messages From Thread" library="ConfluentKafkaLibrary">
<arg>${MAIN_THREAD}</arg>
<doc>Remove all records gathered from specific thread
- ``running_thread`` (Thread object) - thread which was executed with
    `Start Consumer Threaded` keyword</doc>
<status status="PASS" starttime="20210916 17:47:50.058" endtime="20210916 17:47:50.059"/>
</kw>
<status status="PASS" starttime="20210916 17:47:50.051" endtime="20210916 17:47:50.059"/>
</kw>
<status status="PASS" starttime="20210916 17:47:39.031" endtime="20210916 17:47:50.059"/>
</test>
<test id="s1-s1-t8" name="Verify Clean Of Threaded Consumer Messages">
<kw name="Prepare Data" type="SETUP">
<kw name="Produce" library="ConfluentKafkaLibrary">
<arg>group_id=${PRODUCER_ID}</arg>
<arg>topic=${TEST_TOPIC}</arg>
<arg>value=Hello</arg>
<arg>partition=${P_ID}</arg>
<doc>Produce message to topic asynchronously to Kafka by encoding with specified or default avro schema.</doc>
<status status="PASS" starttime="20210916 17:47:50.060" endtime="20210916 17:47:50.062"/>
</kw>
<kw name="Produce" library="ConfluentKafkaLibrary">
<arg>group_id=${PRODUCER_ID}</arg>
<arg>topic=${TEST_TOPIC}</arg>
<arg>value=World</arg>
<arg>partition=${P_ID}</arg>
<doc>Produce message to topic asynchronously to Kafka by encoding with specified or default avro schema.</doc>
<status status="PASS" starttime="20210916 17:47:50.062" endtime="20210916 17:47:50.062"/>
</kw>
<kw name="Produce" library="ConfluentKafkaLibrary">
<arg>group_id=${PRODUCER_ID}</arg>
<arg>topic=${TEST_TOPIC}</arg>
<arg>value={'test': 1}</arg>
<arg>partition=${P_ID}</arg>
<doc>Produce message to topic asynchronously to Kafka by encoding with specified or default avro schema.</doc>
<status status="PASS" starttime="20210916 17:47:50.062" endtime="20210916 17:47:50.063"/>
</kw>
<kw name="Produce" library="ConfluentKafkaLibrary">
<arg>group_id=${PRODUCER_ID}</arg>
<arg>topic=${TEST_TOPIC}</arg>
<arg>value={'test': 2}</arg>
<arg>partition=${P_ID}</arg>
<doc>Produce message to topic asynchronously to Kafka by encoding with specified or default avro schema.</doc>
<status status="PASS" starttime="20210916 17:47:50.063" endtime="20210916 17:47:50.064"/>
</kw>
<kw name="Produce" library="ConfluentKafkaLibrary">
<arg>group_id=${PRODUCER_ID}</arg>
<arg>topic=${TEST_TOPIC}</arg>
<arg>value={'test': 3}</arg>
<arg>partition=${P_ID}</arg>
<doc>Produce message to topic asynchronously to Kafka by encoding with specified or default avro schema.</doc>
<status status="PASS" starttime="20210916 17:47:50.064" endtime="20210916 17:47:50.065"/>
</kw>
<kw name="Produce" library="ConfluentKafkaLibrary">
<arg>group_id=${PRODUCER_ID}</arg>
<arg>topic=${TEST_TOPIC}</arg>
<arg>value={'test': 4}</arg>
<arg>partition=${P_ID}</arg>
<doc>Produce message to topic asynchronously to Kafka by encoding with specified or default avro schema.</doc>
<status status="PASS" starttime="20210916 17:47:50.065" endtime="20210916 17:47:50.066"/>
</kw>
<kw name="Wait Until Keyword Succeeds" library="BuiltIn">
<arg>10x</arg>
<arg>0.5s</arg>
<arg>All Messages Are Delivered</arg>
<arg>${PRODUCER_ID}</arg>
<doc>Runs the specified keyword and retries if it fails.</doc>
<kw name="All Messages Are Delivered">
<arg>${PRODUCER_ID}</arg>
<kw name="Flush" library="ConfluentKafkaLibrary">
<var>${count}</var>
<arg>${producer_id}</arg>
<doc>Wait for all messages in the Producer queue to be delivered. Returns the number of messages still in queue.
This is a convenience method that calls poll() until len() is zero or the optional timeout elapses.
- `timeout` (real) : Optional timeout. Default: `0.1`.</doc>
<msg timestamp="20210916 17:47:50.069" level="INFO">${count} = 0</msg>
<status status="PASS" starttime="20210916 17:47:50.066" endtime="20210916 17:47:50.069"/>
</kw>
<kw name="Log" library="BuiltIn">
<arg>Reaming messages to be delivered: ${count}</arg>
<doc>Logs the given message with the given level.</doc>
<msg timestamp="20210916 17:47:50.070" level="INFO">Reaming messages to be delivered: 0</msg>
<status status="PASS" starttime="20210916 17:47:50.069" endtime="20210916 17:47:50.070"/>
</kw>
<kw name="Should Be Equal As Integers" library="BuiltIn">
<arg>${count}</arg>
<arg>0</arg>
<doc>Fails if objects are unequal after converting them to integers.</doc>
<msg timestamp="20210916 17:47:50.070" level="INFO">Argument types are:
&lt;class 'int'&gt;
&lt;type 'unicode'&gt;</msg>
<status status="PASS" starttime="20210916 17:47:50.070" endtime="20210916 17:47:50.070"/>
</kw>
<status status="PASS" starttime="20210916 17:47:50.066" endtime="20210916 17:47:50.071"/>
</kw>
<status status="PASS" starttime="20210916 17:47:50.066" endtime="20210916 17:47:50.071"/>
</kw>
<kw name="Sleep" library="BuiltIn">
<arg>1sec</arg>
<doc>Pauses the test executed for the given time.</doc>
<msg timestamp="20210916 17:47:51.071" level="INFO">Slept 1 second</msg>
<status status="PASS" starttime="20210916 17:47:50.071" endtime="20210916 17:47:51.072"/>
</kw>
<status status="PASS" starttime="20210916 17:47:50.060" endtime="20210916 17:47:51.072"/>
</kw>
<kw name="Get Messages From Thread" library="ConfluentKafkaLibrary">
<var>${thread_messages1}</var>
<arg>${MAIN_THREAD}</arg>
<arg>decode_format=utf-8</arg>
<doc>Returns all records gathered from specific thread
- ``running_thread`` (Thread object) - thread which was executed with
    `Start Consumer Threaded` keyword
- ``decode_format`` (str) - If you need to decode data to specific format
    (See https://docs.python.org/3/library/codecs.html#standard-encodings). Default: None.</doc>
<msg timestamp="20210916 17:47:51.073" level="INFO">${thread_messages1} = ['Hello', 'World', "{'test': 1}", "{'test': 2}", "{'test': 3}", "{'test': 4}"]</msg>
<status status="PASS" starttime="20210916 17:47:51.072" endtime="20210916 17:47:51.073"/>
</kw>
<kw name="Clear Messages From Thread" library="ConfluentKafkaLibrary">
<arg>${MAIN_THREAD}</arg>
<doc>Remove all records gathered from specific thread
- ``running_thread`` (Thread object) - thread which was executed with
    `Start Consumer Threaded` keyword</doc>
<status status="PASS" starttime="20210916 17:47:51.073" endtime="20210916 17:47:51.073"/>
</kw>
<kw name="Get Messages From Thread" library="ConfluentKafkaLibrary">
<var>${thread_messages2}</var>
<arg>${MAIN_THREAD}</arg>
<doc>Returns all records gathered from specific thread
- ``running_thread`` (Thread object) - thread which was executed with
    `Start Consumer Threaded` keyword
- ``decode_format`` (str) - If you need to decode data to specific format
    (See https://docs.python.org/3/library/codecs.html#standard-encodings). Default: None.</doc>
<msg timestamp="20210916 17:47:51.073" level="INFO">${thread_messages2} = []</msg>
<status status="PASS" starttime="20210916 17:47:51.073" endtime="20210916 17:47:51.074"/>
</kw>
<kw name="Lists Should Be Equal" library="Collections">
<arg>${TEST_DATA}</arg>
<arg>${thread_messages1}</arg>
<doc>Fails if given lists are unequal.</doc>
<status status="PASS" starttime="20210916 17:47:51.074" endtime="20210916 17:47:51.074"/>
</kw>
<kw name="Should Be Empty" library="BuiltIn">
<arg>${thread_messages2}</arg>
<doc>Verifies that the given item is empty.</doc>
<msg timestamp="20210916 17:47:51.074" level="INFO">Length is 0</msg>
<status status="PASS" starttime="20210916 17:47:51.074" endtime="20210916 17:47:51.074"/>
</kw>
<kw name="Clear Messages From Thread" library="ConfluentKafkaLibrary" type="TEARDOWN">
<arg>${MAIN_THREAD}</arg>
<doc>Remove all records gathered from specific thread
- ``running_thread`` (Thread object) - thread which was executed with
    `Start Consumer Threaded` keyword</doc>
<status status="PASS" starttime="20210916 17:47:51.075" endtime="20210916 17:47:51.075"/>
</kw>
<status status="PASS" starttime="20210916 17:47:50.059" endtime="20210916 17:47:51.075"/>
</test>
<test id="s1-s1-t9" name="Remove And Publish New Messages From Threaded Consumer">
<kw name="Prepare Data" type="SETUP">
<kw name="Produce" library="ConfluentKafkaLibrary">
<arg>group_id=${PRODUCER_ID}</arg>
<arg>topic=${TEST_TOPIC}</arg>
<arg>value=Hello</arg>
<arg>partition=${P_ID}</arg>
<doc>Produce message to topic asynchronously to Kafka by encoding with specified or default avro schema.</doc>
<status status="PASS" starttime="20210916 17:47:51.082" endtime="20210916 17:47:51.083"/>
</kw>
<kw name="Produce" library="ConfluentKafkaLibrary">
<arg>group_id=${PRODUCER_ID}</arg>
<arg>topic=${TEST_TOPIC}</arg>
<arg>value=World</arg>
<arg>partition=${P_ID}</arg>
<doc>Produce message to topic asynchronously to Kafka by encoding with specified or default avro schema.</doc>
<status status="PASS" starttime="20210916 17:47:51.083" endtime="20210916 17:47:51.084"/>
</kw>
<kw name="Produce" library="ConfluentKafkaLibrary">
<arg>group_id=${PRODUCER_ID}</arg>
<arg>topic=${TEST_TOPIC}</arg>
<arg>value={'test': 1}</arg>
<arg>partition=${P_ID}</arg>
<doc>Produce message to topic asynchronously to Kafka by encoding with specified or default avro schema.</doc>
<status status="PASS" starttime="20210916 17:47:51.084" endtime="20210916 17:47:51.084"/>
</kw>
<kw name="Produce" library="ConfluentKafkaLibrary">
<arg>group_id=${PRODUCER_ID}</arg>
<arg>topic=${TEST_TOPIC}</arg>
<arg>value={'test': 2}</arg>
<arg>partition=${P_ID}</arg>
<doc>Produce message to topic asynchronously to Kafka by encoding with specified or default avro schema.</doc>
<status status="PASS" starttime="20210916 17:47:51.085" endtime="20210916 17:47:51.085"/>
</kw>
<kw name="Produce" library="ConfluentKafkaLibrary">
<arg>group_id=${PRODUCER_ID}</arg>
<arg>topic=${TEST_TOPIC}</arg>
<arg>value={'test': 3}</arg>
<arg>partition=${P_ID}</arg>
<doc>Produce message to topic asynchronously to Kafka by encoding with specified or default avro schema.</doc>
<status status="PASS" starttime="20210916 17:47:51.085" endtime="20210916 17:47:51.086"/>
</kw>
<kw name="Produce" library="ConfluentKafkaLibrary">
<arg>group_id=${PRODUCER_ID}</arg>
<arg>topic=${TEST_TOPIC}</arg>
<arg>value={'test': 4}</arg>
<arg>partition=${P_ID}</arg>
<doc>Produce message to topic asynchronously to Kafka by encoding with specified or default avro schema.</doc>
<status status="PASS" starttime="20210916 17:47:51.086" endtime="20210916 17:47:51.087"/>
</kw>
<kw name="Wait Until Keyword Succeeds" library="BuiltIn">
<arg>10x</arg>
<arg>0.5s</arg>
<arg>All Messages Are Delivered</arg>
<arg>${PRODUCER_ID}</arg>
<doc>Runs the specified keyword and retries if it fails.</doc>
<kw name="All Messages Are Delivered">
<arg>${PRODUCER_ID}</arg>
<kw name="Flush" library="ConfluentKafkaLibrary">
<var>${count}</var>
<arg>${producer_id}</arg>
<doc>Wait for all messages in the Producer queue to be delivered. Returns the number of messages still in queue.
This is a convenience method that calls poll() until len() is zero or the optional timeout elapses.
- `timeout` (real) : Optional timeout. Default: `0.1`.</doc>
<msg timestamp="20210916 17:47:51.097" level="INFO">${count} = 0</msg>
<status status="PASS" starttime="20210916 17:47:51.088" endtime="20210916 17:47:51.097"/>
</kw>
<kw name="Log" library="BuiltIn">
<arg>Reaming messages to be delivered: ${count}</arg>
<doc>Logs the given message with the given level.</doc>
<msg timestamp="20210916 17:47:51.098" level="INFO">Reaming messages to be delivered: 0</msg>
<status status="PASS" starttime="20210916 17:47:51.097" endtime="20210916 17:47:51.098"/>
</kw>
<kw name="Should Be Equal As Integers" library="BuiltIn">
<arg>${count}</arg>
<arg>0</arg>
<doc>Fails if objects are unequal after converting them to integers.</doc>
<msg timestamp="20210916 17:47:51.098" level="INFO">Argument types are:
&lt;class 'int'&gt;
&lt;type 'unicode'&gt;</msg>
<status status="PASS" starttime="20210916 17:47:51.098" endtime="20210916 17:47:51.098"/>
</kw>
<status status="PASS" starttime="20210916 17:47:51.087" endtime="20210916 17:47:51.098"/>
</kw>
<status status="PASS" starttime="20210916 17:47:51.087" endtime="20210916 17:47:51.098"/>
</kw>
<kw name="Sleep" library="BuiltIn">
<arg>1sec</arg>
<doc>Pauses the test executed for the given time.</doc>
<msg timestamp="20210916 17:47:52.099" level="INFO">Slept 1 second</msg>
<status status="PASS" starttime="20210916 17:47:51.098" endtime="20210916 17:47:52.099"/>
</kw>
<status status="PASS" starttime="20210916 17:47:51.082" endtime="20210916 17:47:52.099"/>
</kw>
<kw name="Get Messages From Thread" library="ConfluentKafkaLibrary">
<var>${thread_messages1}</var>
<arg>${MAIN_THREAD}</arg>
<arg>decode_format=utf-8</arg>
<doc>Returns all records gathered from specific thread
- ``running_thread`` (Thread object) - thread which was executed with
    `Start Consumer Threaded` keyword
- ``decode_format`` (str) - If you need to decode data to specific format
    (See https://docs.python.org/3/library/codecs.html#standard-encodings). Default: None.</doc>
<msg timestamp="20210916 17:47:52.100" level="INFO">${thread_messages1} = ['Hello', 'World', "{'test': 1}", "{'test': 2}", "{'test': 3}", "{'test': 4}"]</msg>
<status status="PASS" starttime="20210916 17:47:52.100" endtime="20210916 17:47:52.100"/>
</kw>
<kw name="Clear Messages From Thread" library="ConfluentKafkaLibrary">
<arg>${MAIN_THREAD}</arg>
<doc>Remove all records gathered from specific thread
- ``running_thread`` (Thread object) - thread which was executed with
    `Start Consumer Threaded` keyword</doc>
<status status="PASS" starttime="20210916 17:47:52.100" endtime="20210916 17:47:52.101"/>
</kw>
<kw name="Produce" library="ConfluentKafkaLibrary">
<arg>group_id=${PRODUCER_ID}</arg>
<arg>topic=${TEST_TOPIC}</arg>
<arg>value=After</arg>
<arg>partition=${P_ID}</arg>
<doc>Produce message to topic asynchronously to Kafka by encoding with specified or default avro schema.</doc>
<status status="PASS" starttime="20210916 17:47:52.101" endtime="20210916 17:47:52.101"/>
</kw>
<kw name="Produce" library="ConfluentKafkaLibrary">
<arg>group_id=${PRODUCER_ID}</arg>
<arg>topic=${TEST_TOPIC}</arg>
<arg>value=Clear</arg>
<arg>partition=${P_ID}</arg>
<doc>Produce message to topic asynchronously to Kafka by encoding with specified or default avro schema.</doc>
<status status="PASS" starttime="20210916 17:47:52.102" endtime="20210916 17:47:52.102"/>
</kw>
<kw name="Wait Until Keyword Succeeds" library="BuiltIn">
<arg>10x</arg>
<arg>0.5s</arg>
<arg>All Messages Are Delivered</arg>
<arg>${PRODUCER_ID}</arg>
<doc>Runs the specified keyword and retries if it fails.</doc>
<kw name="All Messages Are Delivered">
<arg>${PRODUCER_ID}</arg>
<kw name="Flush" library="ConfluentKafkaLibrary">
<var>${count}</var>
<arg>${producer_id}</arg>
<doc>Wait for all messages in the Producer queue to be delivered. Returns the number of messages still in queue.
This is a convenience method that calls poll() until len() is zero or the optional timeout elapses.
- `timeout` (real) : Optional timeout. Default: `0.1`.</doc>
<msg timestamp="20210916 17:47:52.110" level="INFO">${count} = 0</msg>
<status status="PASS" starttime="20210916 17:47:52.103" endtime="20210916 17:47:52.110"/>
</kw>
<kw name="Log" library="BuiltIn">
<arg>Reaming messages to be delivered: ${count}</arg>
<doc>Logs the given message with the given level.</doc>
<msg timestamp="20210916 17:47:52.110" level="INFO">Reaming messages to be delivered: 0</msg>
<status status="PASS" starttime="20210916 17:47:52.110" endtime="20210916 17:47:52.110"/>
</kw>
<kw name="Should Be Equal As Integers" library="BuiltIn">
<arg>${count}</arg>
<arg>0</arg>
<doc>Fails if objects are unequal after converting them to integers.</doc>
<msg timestamp="20210916 17:47:52.111" level="INFO">Argument types are:
&lt;class 'int'&gt;
&lt;type 'unicode'&gt;</msg>
<status status="PASS" starttime="20210916 17:47:52.110" endtime="20210916 17:47:52.111"/>
</kw>
<status status="PASS" starttime="20210916 17:47:52.103" endtime="20210916 17:47:52.111"/>
</kw>
<status status="PASS" starttime="20210916 17:47:52.102" endtime="20210916 17:47:52.111"/>
</kw>
<kw name="Sleep" library="BuiltIn">
<arg>1sec</arg>
<doc>Pauses the test executed for the given time.</doc>
<msg timestamp="20210916 17:47:53.111" level="INFO">Slept 1 second</msg>
<status status="PASS" starttime="20210916 17:47:52.111" endtime="20210916 17:47:53.112"/>
</kw>
<kw name="Get Messages From Thread" library="ConfluentKafkaLibrary">
<var>${thread_messages2}</var>
<arg>${MAIN_THREAD}</arg>
<arg>decode_format=utf-8</arg>
<doc>Returns all records gathered from specific thread
- ``running_thread`` (Thread object) - thread which was executed with
    `Start Consumer Threaded` keyword
- ``decode_format`` (str) - If you need to decode data to specific format
    (See https://docs.python.org/3/library/codecs.html#standard-encodings). Default: None.</doc>
<msg timestamp="20210916 17:47:53.112" level="INFO">${thread_messages2} = ['After', 'Clear']</msg>
<status status="PASS" starttime="20210916 17:47:53.112" endtime="20210916 17:47:53.112"/>
</kw>
<kw name="Create List" library="BuiltIn">
<var>${data}</var>
<arg>After</arg>
<arg>Clear</arg>
<doc>Returns a list containing given items.</doc>
<msg timestamp="20210916 17:47:53.113" level="INFO">${data} = ['After', 'Clear']</msg>
<status status="PASS" starttime="20210916 17:47:53.113" endtime="20210916 17:47:53.113"/>
</kw>
<kw name="Should Be Equal" library="BuiltIn">
<arg>${data}</arg>
<arg>${thread_messages2}</arg>
<doc>Fails if the given objects are unequal.</doc>
<status status="PASS" starttime="20210916 17:47:53.113" endtime="20210916 17:47:53.114"/>
</kw>
<kw name="Produce" library="ConfluentKafkaLibrary">
<arg>group_id=${PRODUCER_ID}</arg>
<arg>topic=${TEST_TOPIC}</arg>
<arg>value=LAST</arg>
<arg>partition=${P_ID}</arg>
<doc>Produce message to topic asynchronously to Kafka by encoding with specified or default avro schema.</doc>
<status status="PASS" starttime="20210916 17:47:53.114" endtime="20210916 17:47:53.115"/>
</kw>
<kw name="Wait Until Keyword Succeeds" library="BuiltIn">
<arg>10x</arg>
<arg>0.5s</arg>
<arg>All Messages Are Delivered</arg>
<arg>${PRODUCER_ID}</arg>
<doc>Runs the specified keyword and retries if it fails.</doc>
<kw name="All Messages Are Delivered">
<arg>${PRODUCER_ID}</arg>
<kw name="Flush" library="ConfluentKafkaLibrary">
<var>${count}</var>
<arg>${producer_id}</arg>
<doc>Wait for all messages in the Producer queue to be delivered. Returns the number of messages still in queue.
This is a convenience method that calls poll() until len() is zero or the optional timeout elapses.
- `timeout` (real) : Optional timeout. Default: `0.1`.</doc>
<msg timestamp="20210916 17:47:53.122" level="INFO">${count} = 0</msg>
<status status="PASS" starttime="20210916 17:47:53.115" endtime="20210916 17:47:53.122"/>
</kw>
<kw name="Log" library="BuiltIn">
<arg>Reaming messages to be delivered: ${count}</arg>
<doc>Logs the given message with the given level.</doc>
<msg timestamp="20210916 17:47:53.123" level="INFO">Reaming messages to be delivered: 0</msg>
<status status="PASS" starttime="20210916 17:47:53.123" endtime="20210916 17:47:53.123"/>
</kw>
<kw name="Should Be Equal As Integers" library="BuiltIn">
<arg>${count}</arg>
<arg>0</arg>
<doc>Fails if objects are unequal after converting them to integers.</doc>
<msg timestamp="20210916 17:47:53.123" level="INFO">Argument types are:
&lt;class 'int'&gt;
&lt;type 'unicode'&gt;</msg>
<status status="PASS" starttime="20210916 17:47:53.123" endtime="20210916 17:47:53.123"/>
</kw>
<status status="PASS" starttime="20210916 17:47:53.115" endtime="20210916 17:47:53.124"/>
</kw>
<status status="PASS" starttime="20210916 17:47:53.115" endtime="20210916 17:47:53.124"/>
</kw>
<kw name="Sleep" library="BuiltIn">
<arg>1sec</arg>
<doc>Pauses the test executed for the given time.</doc>
<msg timestamp="20210916 17:47:54.124" level="INFO">Slept 1 second</msg>
<status status="PASS" starttime="20210916 17:47:53.124" endtime="20210916 17:47:54.124"/>
</kw>
<kw name="Append To List" library="Collections">
<arg>${data}</arg>
<arg>LAST</arg>
<doc>Adds ``values`` to the end of ``list``.</doc>
<status status="PASS" starttime="20210916 17:47:54.125" endtime="20210916 17:47:54.125"/>
</kw>
<kw name="Get Messages From Thread" library="ConfluentKafkaLibrary">
<var>${thread_messages2}</var>
<arg>${MAIN_THREAD}</arg>
<arg>decode_format=utf-8</arg>
[...]
</kw>
<kw name="Should Be Equal As Integers" library="BuiltIn">
<arg>${count}</arg>
<arg>0</arg>
<doc>Fails if objects are unequal after converting them to integers.</doc>
<msg timestamp="20210916 17:48:06.626" level="INFO">Argument types are:
&lt;class 'int'&gt;
&lt;type 'unicode'&gt;</msg>
<msg timestamp="20210916 17:48:06.627" level="FAIL">1 != 0</msg>
<status status="FAIL" starttime="20210916 17:48:06.626" endtime="20210916 17:48:06.627"/>
</kw>
<status status="FAIL" starttime="20210916 17:48:06.523" endtime="20210916 17:48:06.627"/>
</kw>
<kw name="All Messages Are Delivered">
<arg>${producer_id}</arg>
<kw name="Flush" library="ConfluentKafkaLibrary">
<var>${count}</var>
<arg>${producer_id}</arg>
<doc>Wait for all messages in the Producer queue to be delivered. Returns the number of messages still in queue.
This is a convenience method that calls poll() until len() is zero or the optional timeout elapses.
- `timeout` (real) : Optional timeout. Default: `0.1`.</doc>
<msg timestamp="20210916 17:48:07.230" level="INFO">${count} = 1</msg>
<status status="PASS" starttime="20210916 17:48:07.129" endtime="20210916 17:48:07.230"/>
</kw>
<kw name="Log" library="BuiltIn">
<arg>Reaming messages to be delivered: ${count}</arg>
<doc>Logs the given message with the given level.</doc>
<msg timestamp="20210916 17:48:07.231" level="INFO">Reaming messages to be delivered: 1</msg>
<status status="PASS" starttime="20210916 17:48:07.230" endtime="20210916 17:48:07.231"/>
</kw>
<kw name="Should Be Equal As Integers" library="BuiltIn">
<arg>${count}</arg>
<arg>0</arg>
<doc>Fails if objects are unequal after converting them to integers.</doc>
<msg timestamp="20210916 17:48:07.231" level="INFO">Argument types are:
&lt;class 'int'&gt;
&lt;type 'unicode'&gt;</msg>
<msg timestamp="20210916 17:48:07.231" level="FAIL">1 != 0</msg>
<status status="FAIL" starttime="20210916 17:48:07.231" endtime="20210916 17:48:07.231"/>
</kw>
<status status="FAIL" starttime="20210916 17:48:07.128" endtime="20210916 17:48:07.232"/>
</kw>
<kw name="All Messages Are Delivered">
<arg>${producer_id}</arg>
<kw name="Flush" library="ConfluentKafkaLibrary">
<var>${count}</var>
<arg>${producer_id}</arg>
<doc>Wait for all messages in the Producer queue to be delivered. Returns the number of messages still in queue.
This is a convenience method that calls poll() until len() is zero or the optional timeout elapses.
- `timeout` (real) : Optional timeout. Default: `0.1`.</doc>
<msg timestamp="20210916 17:48:07.733" level="INFO">${count} = 0</msg>
<status status="PASS" starttime="20210916 17:48:07.733" endtime="20210916 17:48:07.733"/>
</kw>
<kw name="Log" library="BuiltIn">
<arg>Reaming messages to be delivered: ${count}</arg>
<doc>Logs the given message with the given level.</doc>
<msg timestamp="20210916 17:48:07.734" level="INFO">Reaming messages to be delivered: 0</msg>
<status status="PASS" starttime="20210916 17:48:07.734" endtime="20210916 17:48:07.734"/>
</kw>
<kw name="Should Be Equal As Integers" library="BuiltIn">
<arg>${count}</arg>
<arg>0</arg>
<doc>Fails if objects are unequal after converting them to integers.</doc>
<msg timestamp="20210916 17:48:07.734" level="INFO">Argument types are:
&lt;class 'int'&gt;
&lt;type 'unicode'&gt;</msg>
<status status="PASS" starttime="20210916 17:48:07.734" endtime="20210916 17:48:07.734"/>
</kw>
<status status="PASS" starttime="20210916 17:48:07.732" endtime="20210916 17:48:07.735"/>
</kw>
<status status="PASS" starttime="20210916 17:48:06.523" endtime="20210916 17:48:07.735"/>
</kw>
<kw name="Sleep" library="BuiltIn">
<arg>1s</arg>
<doc>Pauses the test executed for the given time.</doc>
<msg timestamp="20210916 17:48:08.735" level="INFO">Slept 1 second</msg>
<status status="PASS" starttime="20210916 17:48:07.735" endtime="20210916 17:48:08.735"/>
</kw>
<kw name="Create Consumer" library="ConfluentKafkaLibrary">
<var>${consumer_group_id}</var>
<arg>auto_offset_reset=earliest</arg>
<arg>schema_registry_url=http://127.0.0.1:8081</arg>
<doc>Create Kafka Consumer and returns its `group_id` as string.</doc>
<msg timestamp="20210916 17:48:08.737" level="INFO">${consumer_group_id} = 50086124-91d3-4613-bc43-9df593721946</msg>
<status status="PASS" starttime="20210916 17:48:08.736" endtime="20210916 17:48:08.737"/>
</kw>
<kw name="Subscribe Topic" library="ConfluentKafkaLibrary">
<arg>group_id=${consumer_group_id}</arg>
<arg>topics=avro_testing2</arg>
<doc>Subscribe to a list of topics, or a topic regex pattern.
   https://docs.confluent.io/current/clients/confluent-kafka-python/#confluent_kafka.Consumer.subscribe</doc>
<status status="PASS" starttime="20210916 17:48:08.737" endtime="20210916 17:48:08.738"/>
</kw>
<kw name="Poll" library="ConfluentKafkaLibrary">
<var>${messages}</var>
<arg>group_id=${consumer_group_id}</arg>
<doc>Fetch and return messages from assigned topics / partitions as list.
- ``timeout`` (int): Seconds spent waiting in poll if data is not available in the buffer.</doc>
<msg timestamp="20210916 17:48:08.876" level="INFO">${messages} = [{'name': 'Robot', 'number': 10}]</msg>
<status status="PASS" starttime="20210916 17:48:08.738" endtime="20210916 17:48:08.876"/>
</kw>
<kw name="Should Be Equal" library="BuiltIn">
<arg>${TEST_DATA}</arg>
<arg>${messages}</arg>
<doc>Fails if the given objects are unequal.</doc>
<status status="PASS" starttime="20210916 17:48:08.876" endtime="20210916 17:48:08.877"/>
</kw>
<kw name="Get Messages From Thread" library="ConfluentKafkaLibrary">
<var>${thread_messages}</var>
<arg>${MAIN_THREAD}</arg>
<doc>Returns all records gathered from specific thread
- ``running_thread`` (Thread object) - thread which was executed with
    `Start Consumer Threaded` keyword
- ``decode_format`` (str) - If you need to decode data to specific format
    (See https://docs.python.org/3/library/codecs.html#standard-encodings). Default: None.</doc>
<msg timestamp="20210916 17:48:08.877" level="INFO">${thread_messages} = [{'name': 'Robot', 'number': 10}]</msg>
<status status="PASS" starttime="20210916 17:48:08.877" endtime="20210916 17:48:08.877"/>
</kw>
<kw name="Should Be Equal" library="BuiltIn">
<arg>${TEST_DATA}</arg>
<arg>${thread_messages}</arg>
<doc>Fails if the given objects are unequal.</doc>
<status status="PASS" starttime="20210916 17:48:08.877" endtime="20210916 17:48:08.878"/>
</kw>
<kw name="Basic Teardown" type="TEARDOWN">
<arg>${consumer_group_id}</arg>
<kw name="Unsubscribe" library="ConfluentKafkaLibrary">
<arg>${group_id}</arg>
<doc>Unsubscribe of topics.</doc>
<status status="PASS" starttime="20210916 17:48:08.878" endtime="20210916 17:48:08.879"/>
</kw>
<kw name="Close Consumer" library="ConfluentKafkaLibrary">
<arg>${group_id}</arg>
<doc>Close down and terminate the Kafka Consumer.</doc>
<status status="PASS" starttime="20210916 17:48:08.879" endtime="20210916 17:48:08.884"/>
</kw>
<status status="PASS" starttime="20210916 17:48:08.878" endtime="20210916 17:48:08.884"/>
</kw>
<status status="PASS" starttime="20210916 17:48:06.459" endtime="20210916 17:48:08.884"/>
</test>
<test id="s1-s2-t3" name="Avro Producer Consumer With Serializers">
<kw name="Clear Messages From Thread" library="ConfluentKafkaLibrary" type="SETUP">
<arg>${MAIN_THREAD}</arg>
<doc>Remove all records gathered from specific thread
- ``running_thread`` (Thread object) - thread which was executed with
    `Start Consumer Threaded` keyword</doc>
<status status="PASS" starttime="20210916 17:48:08.885" endtime="20210916 17:48:08.886"/>
</kw>
<kw name="Create Dictionary" library="BuiltIn">
<var>${schema_registry_conf}</var>
<arg>url=http://127.0.0.1:8081</arg>
<doc>Creates and returns a dictionary based on the given ``items``.</doc>
<msg timestamp="20210916 17:48:08.886" level="INFO">${schema_registry_conf} = {'url': 'http://127.0.0.1:8081'}</msg>
<status status="PASS" starttime="20210916 17:48:08.886" endtime="20210916 17:48:08.886"/>
</kw>
<kw name="Get Schema Registry Client" library="ConfluentKafkaLibrary">
<var>${schema_registry_client}</var>
<arg>${schema_registry_conf}</arg>
<msg timestamp="20210916 17:48:08.887" level="INFO">${schema_registry_client} = &lt;confluent_kafka.schema_registry.schema_registry_client.SchemaRegistryClient object at 0x7f60c83c81c0&gt;</msg>
<status status="PASS" starttime="20210916 17:48:08.886" endtime="20210916 17:48:08.887"/>
</kw>
<kw name="Set Variable" library="BuiltIn">
<var>${schema_str}</var>
<arg>{"namespace": "example.avro","type": "record","name": "User","fields": [{"name": "name","type": "string"},{"name": "number","type": ["int","null"]}]}</arg>
<doc>Returns the given values which can then be assigned to a variables.</doc>
<msg timestamp="20210916 17:48:08.887" level="INFO">${schema_str} = {"namespace": "example.avro","type": "record","name": "User","fields": [{"name": "name","type": "string"},{"name": "number","type": ["int","null"]}]}</msg>
<status status="PASS" starttime="20210916 17:48:08.887" endtime="20210916 17:48:08.887"/>
</kw>
<kw name="Get Avro Serializer" library="ConfluentKafkaLibrary">
<var>${avro_serializer}</var>
<arg>${schema_str}</arg>
<arg>${schema_registry_client}</arg>
<msg timestamp="20210916 17:48:08.888" level="INFO">${avro_serializer} = &lt;confluent_kafka.schema_registry.avro.AvroSerializer object at 0x7f60c84b3120&gt;</msg>
<status status="PASS" starttime="20210916 17:48:08.887" endtime="20210916 17:48:08.888"/>
</kw>
<kw name="Get Avro Deserializer" library="ConfluentKafkaLibrary">
<var>${avro_deserializer}</var>
<arg>${schema_str}</arg>
<arg>${schema_registry_client}</arg>
<msg timestamp="20210916 17:48:08.889" level="INFO">${avro_deserializer} = &lt;confluent_kafka.schema_registry.avro.AvroDeserializer object at 0x7f60c83c4a00&gt;</msg>
<status status="PASS" starttime="20210916 17:48:08.888" endtime="20210916 17:48:08.889"/>
</kw>
<kw name="Get String Serializer" library="ConfluentKafkaLibrary">
<var>${string_serializer}</var>
<msg timestamp="20210916 17:48:08.889" level="INFO">${string_serializer} = &lt;confluent_kafka.serialization.StringSerializer object at 0x7f60c83c59d0&gt;</msg>
<status status="PASS" starttime="20210916 17:48:08.889" endtime="20210916 17:48:08.889"/>
</kw>
<kw name="Get String Deserializer" library="ConfluentKafkaLibrary">
<var>${string_deserializer}</var>
<msg timestamp="20210916 17:48:08.889" level="INFO">${string_deserializer} = &lt;confluent_kafka.serialization.StringDeserializer object at 0x7f60c83c5ac0&gt;</msg>
<status status="PASS" starttime="20210916 17:48:08.889" endtime="20210916 17:48:08.889"/>
</kw>
<kw name="Create Consumer" library="ConfluentKafkaLibrary">
<var>${consumer_group_id}</var>
<arg>auto_offset_reset=latest</arg>
<arg>key_deserializer=${string_deserializer}</arg>
<arg>value_deserializer=${avro_deserializer}</arg>
<arg>legacy=${False}</arg>
<doc>Create Kafka Consumer and returns its `group_id` as string.</doc>
<msg timestamp="20210916 17:48:08.890" level="INFO">${consumer_group_id} = d7275cd0-0c53-4837-b085-2cad0ce3e283</msg>
<status status="PASS" starttime="20210916 17:48:08.889" endtime="20210916 17:48:08.890"/>
</kw>
<kw name="Subscribe Topic" library="ConfluentKafkaLibrary">
<arg>group_id=${consumer_group_id}</arg>
<arg>topics=avro_testing3</arg>
<doc>Subscribe to a list of topics, or a topic regex pattern.
   https://docs.confluent.io/current/clients/confluent-kafka-python/#confluent_kafka.Consumer.subscribe</doc>
<status status="PASS" starttime="20210916 17:48:08.891" endtime="20210916 17:48:08.891"/>
</kw>
<kw name="Poll" library="ConfluentKafkaLibrary">
<arg>group_id=${consumer_group_id}</arg>
<doc>Fetch and return messages from assigned topics / partitions as list.
- ``timeout`` (int): Seconds spent waiting in poll if data is not available in the buffer.</doc>
<status status="PASS" starttime="20210916 17:48:08.891" endtime="20210916 17:48:18.893"/>
</kw>
<kw name="Create Producer" library="ConfluentKafkaLibrary">
<var>${producer_id}</var>
<arg>key_serializer=${string_serializer}</arg>
<arg>value_serializer=${avro_serializer}</arg>
<arg>legacy=${False}</arg>
<doc>Create Kafka Producer and returns its `group_id` as string.
If `schema_registry_url` is used, Kafka Producer client which does avro schema
encoding to messages is created instead.</doc>
<msg timestamp="20210916 17:48:18.895" level="INFO">${producer_id} = 8b10b604-da61-4b39-bc99-cddc2738c7e3</msg>
<status status="PASS" starttime="20210916 17:48:18.893" endtime="20210916 17:48:18.895"/>
</kw>
<kw name="Create Dictionary" library="BuiltIn">
<var>${value}</var>
<arg>name=Robot</arg>
<arg>number=${10}</arg>
<doc>Creates and returns a dictionary based on the given ``items``.</doc>
<msg timestamp="20210916 17:48:18.896" level="INFO">${value} = {'name': 'Robot', 'number': 10}</msg>
<status status="PASS" starttime="20210916 17:48:18.895" endtime="20210916 17:48:18.896"/>
</kw>
<kw name="Produce" library="ConfluentKafkaLibrary">
<arg>group_id=${producer_id}</arg>
<arg>topic=avro_testing3</arg>
<arg>partition=${0}</arg>
<arg>value=${value}</arg>
<arg>key=568a68fd-2785-44cc-8997-1295c3755d28</arg>
<doc>Produce message to topic asynchronously to Kafka by encoding with specified or default avro schema.</doc>
<status status="PASS" starttime="20210916 17:48:18.897" endtime="20210916 17:48:18.923"/>
</kw>
<kw name="Wait Until Keyword Succeeds" library="BuiltIn">
<arg>10x</arg>
<arg>0.5s</arg>
<arg>All Messages Are Delivered</arg>
<arg>${producer_id}</arg>
<doc>Runs the specified keyword and retries if it fails.</doc>
<kw name="All Messages Are Delivered">
<arg>${producer_id}</arg>
<kw name="Flush" library="ConfluentKafkaLibrary">
<var>${count}</var>
<arg>${producer_id}</arg>
<doc>Wait for all messages in the Producer queue to be delivered. Returns the number of messages still in queue.
This is a convenience method that calls poll() until len() is zero or the optional timeout elapses.
- `timeout` (real) : Optional timeout. Default: `0.1`.</doc>
<msg timestamp="20210916 17:48:19.024" level="INFO">${count} = 1</msg>
<status status="PASS" starttime="20210916 17:48:18.924" endtime="20210916 17:48:19.025"/>
</kw>
<kw name="Log" library="BuiltIn">
<arg>Reaming messages to be delivered: ${count}</arg>
<doc>Logs the given message with the given level.</doc>
<msg timestamp="20210916 17:48:19.025" level="INFO">Reaming messages to be delivered: 1</msg>
<status status="PASS" starttime="20210916 17:48:19.025" endtime="20210916 17:48:19.025"/>
</kw>
<kw name="Should Be Equal As Integers" library="BuiltIn">
<arg>${count}</arg>
<arg>0</arg>
<doc>Fails if objects are unequal after converting them to integers.</doc>
<msg timestamp="20210916 17:48:19.025" level="INFO">Argument types are:
&lt;class 'int'&gt;
&lt;type 'unicode'&gt;</msg>
<msg timestamp="20210916 17:48:19.026" level="FAIL">1 != 0</msg>
<status status="FAIL" starttime="20210916 17:48:19.025" endtime="20210916 17:48:19.026"/>
</kw>
<status status="FAIL" starttime="20210916 17:48:18.923" endtime="20210916 17:48:19.026"/>
</kw>
<kw name="All Messages Are Delivered">
<arg>${producer_id}</arg>
<kw name="Flush" library="ConfluentKafkaLibrary">
<var>${count}</var>
<arg>${producer_id}</arg>
<doc>Wait for all messages in the Producer queue to be delivered. Returns the number of messages still in queue.
This is a convenience method that calls poll() until len() is zero or the optional timeout elapses.
- `timeout` (real) : Optional timeout. Default: `0.1`.</doc>
<msg timestamp="20210916 17:48:19.628" level="INFO">${count} = 1</msg>
<status status="PASS" starttime="20210916 17:48:19.528" endtime="20210916 17:48:19.628"/>
</kw>
<kw name="Log" library="BuiltIn">
<arg>Reaming messages to be delivered: ${count}</arg>
<doc>Logs the given message with the given level.</doc>
<msg timestamp="20210916 17:48:19.629" level="INFO">Reaming messages to be delivered: 1</msg>
<status status="PASS" starttime="20210916 17:48:19.629" endtime="20210916 17:48:19.629"/>
</kw>
<kw name="Should Be Equal As Integers" library="BuiltIn">
<arg>${count}</arg>
<arg>0</arg>
<doc>Fails if objects are unequal after converting them to integers.</doc>
<msg timestamp="20210916 17:48:19.629" level="INFO">Argument types are:
&lt;class 'int'&gt;
&lt;type 'unicode'&gt;</msg>
<msg timestamp="20210916 17:48:19.630" level="FAIL">1 != 0</msg>
<status status="FAIL" starttime="20210916 17:48:19.629" endtime="20210916 17:48:19.630"/>
</kw>
<status status="FAIL" starttime="20210916 17:48:19.527" endtime="20210916 17:48:19.630"/>
</kw>
<kw name="All Messages Are Delivered">
<arg>${producer_id}</arg>
<kw name="Flush" library="ConfluentKafkaLibrary">
<var>${count}</var>
<arg>${producer_id}</arg>
<doc>Wait for all messages in the Producer queue to be delivered. Returns the number of messages still in queue.
This is a convenience method that calls poll() until len() is zero or the optional timeout elapses.
- `timeout` (real) : Optional timeout. Default: `0.1`.</doc>
<msg timestamp="20210916 17:48:20.132" level="INFO">${count} = 0</msg>
<status status="PASS" starttime="20210916 17:48:20.132" endtime="20210916 17:48:20.132"/>
</kw>
<kw name="Log" library="BuiltIn">
<arg>Reaming messages to be delivered: ${count}</arg>
<doc>Logs the given message with the given level.</doc>
<msg timestamp="20210916 17:48:20.132" level="INFO">Reaming messages to be delivered: 0</msg>
<status status="PASS" starttime="20210916 17:48:20.132" endtime="20210916 17:48:20.132"/>
</kw>
<kw name="Should Be Equal As Integers" library="BuiltIn">
<arg>${count}</arg>
<arg>0</arg>
<doc>Fails if objects are unequal after converting them to integers.</doc>
<msg timestamp="20210916 17:48:20.133" level="INFO">Argument types are:
&lt;class 'int'&gt;
&lt;type 'unicode'&gt;</msg>
<status status="PASS" starttime="20210916 17:48:20.133" endtime="20210916 17:48:20.133"/>
</kw>
<status status="PASS" starttime="20210916 17:48:20.131" endtime="20210916 17:48:20.133"/>
</kw>
<status status="PASS" starttime="20210916 17:48:18.923" endtime="20210916 17:48:20.133"/>
</kw>
<kw name="Poll" library="ConfluentKafkaLibrary">
<var>${messages}</var>
<arg>group_id=${consumer_group_id}</arg>
<doc>Fetch and return messages from assigned topics / partitions as list.
- ``timeout`` (int): Seconds spent waiting in poll if data is not available in the buffer.</doc>
<msg timestamp="20210916 17:48:20.134" level="INFO">${messages} = [{'name': 'Robot', 'number': 10}]</msg>
<status status="PASS" starttime="20210916 17:48:20.134" endtime="20210916 17:48:20.134"/>
</kw>
<kw name="Should Be Equal" library="BuiltIn">
<arg>${messages}</arg>
<arg>${TEST_DATA}</arg>
<doc>Fails if the given objects are unequal.</doc>
<status status="PASS" starttime="20210916 17:48:20.134" endtime="20210916 17:48:20.135"/>
</kw>
<kw name="Basic Teardown" type="TEARDOWN">
<arg>${consumer_group_id}</arg>
<kw name="Unsubscribe" library="ConfluentKafkaLibrary">
<arg>${group_id}</arg>
<doc>Unsubscribe of topics.</doc>
<status status="PASS" starttime="20210916 17:48:20.135" endtime="20210916 17:48:20.136"/>
</kw>
<kw name="Close Consumer" library="ConfluentKafkaLibrary">
<arg>${group_id}</arg>
<doc>Close down and terminate the Kafka Consumer.</doc>
<status status="PASS" starttime="20210916 17:48:20.136" endtime="20210916 17:48:20.140"/>
</kw>
<status status="PASS" starttime="20210916 17:48:20.135" endtime="20210916 17:48:20.140"/>
</kw>
<status status="PASS" starttime="20210916 17:48:08.885" endtime="20210916 17:48:20.140"/>
</test>
<status status="PASS" starttime="20210916 17:47:54.131" endtime="20210916 17:48:20.141"/>
</suite>
<status status="PASS" starttime="20210916 17:47:13.073" endtime="20210916 17:48:20.143"/>
</suite>
<statistics>
<total>
<stat pass="12" fail="0" skip="0">All Tests</stat>
</total>
<tag>
</tag>
<suite>
<stat pass="12" fail="0" skip="0" id="s1" name="Examples">Examples</stat>
<stat pass="9" fail="0" skip="0" id="s1-s1" name="Test">Examples.Test</stat>
<stat pass="3" fail="0" skip="0" id="s1-s2" name="Test Avro">Examples.Test Avro</stat>
</suite>
</statistics>
<errors>
</errors>
</robot>
